[0.032s] Invoking command in '/home/user/Desktop/ROS_COURSES/course_1/ROS2_for_Beginners_Level2_TF_URDF_RVIZ_GAZEBO/build/my_robot_description': CMAKE_PREFIX_PATH=${CMAKE_PREFIX_PATH}:/opt/ros/jazzy DEBUGINFOD_URLS=https://debuginfod.ubuntu.com /usr/bin/cmake --build /home/user/Desktop/ROS_COURSES/course_1/ROS2_for_Beginners_Level2_TF_URDF_RVIZ_GAZEBO/build/my_robot_description -- -j4 -l4
[0.073s] Invoked command in '/home/user/Desktop/ROS_COURSES/course_1/ROS2_for_Beginners_Level2_TF_URDF_RVIZ_GAZEBO/build/my_robot_description' returned '0': CMAKE_PREFIX_PATH=${CMAKE_PREFIX_PATH}:/opt/ros/jazzy DEBUGINFOD_URLS=https://debuginfod.ubuntu.com /usr/bin/cmake --build /home/user/Desktop/ROS_COURSES/course_1/ROS2_for_Beginners_Level2_TF_URDF_RVIZ_GAZEBO/build/my_robot_description -- -j4 -l4
[0.074s] Invoking command in '/home/user/Desktop/ROS_COURSES/course_1/ROS2_for_Beginners_Level2_TF_URDF_RVIZ_GAZEBO/build/my_robot_description': CMAKE_PREFIX_PATH=${CMAKE_PREFIX_PATH}:/opt/ros/jazzy DEBUGINFOD_URLS=https://debuginfod.ubuntu.com /usr/bin/cmake --install /home/user/Desktop/ROS_COURSES/course_1/ROS2_for_Beginners_Level2_TF_URDF_RVIZ_GAZEBO/build/my_robot_description
[0.086s] -- Install configuration: ""
[0.086s] -- Up-to-date: /home/user/Desktop/ROS_COURSES/course_1/ROS2_for_Beginners_Level2_TF_URDF_RVIZ_GAZEBO/install/my_robot_description/share/my_robot_description//urdf
[0.086s] -- Up-to-date: /home/user/Desktop/ROS_COURSES/course_1/ROS2_for_Beginners_Level2_TF_URDF_RVIZ_GAZEBO/install/my_robot_description/share/my_robot_description//urdf/arm.xacro
[0.086s] -- Up-to-date: /home/user/Desktop/ROS_COURSES/course_1/ROS2_for_Beginners_Level2_TF_URDF_RVIZ_GAZEBO/install/my_robot_description/share/my_robot_description//urdf/standalone_arm.urdf.xacro
[0.086s] -- Up-to-date: /home/user/Desktop/ROS_COURSES/course_1/ROS2_for_Beginners_Level2_TF_URDF_RVIZ_GAZEBO/install/my_robot_description/share/my_robot_description//urdf/camera.xacro
[0.086s] -- Up-to-date: /home/user/Desktop/ROS_COURSES/course_1/ROS2_for_Beginners_Level2_TF_URDF_RVIZ_GAZEBO/install/my_robot_description/share/my_robot_description//urdf/mobile_base.xacro
[0.086s] -- Up-to-date: /home/user/Desktop/ROS_COURSES/course_1/ROS2_for_Beginners_Level2_TF_URDF_RVIZ_GAZEBO/install/my_robot_description/share/my_robot_description//urdf/my_robot_gazebo.xacro
[0.086s] -- Installing: /home/user/Desktop/ROS_COURSES/course_1/ROS2_for_Beginners_Level2_TF_URDF_RVIZ_GAZEBO/install/my_robot_description/share/my_robot_description//urdf/arm_gazebo.xacro
[0.087s] -- Up-to-date: /home/user/Desktop/ROS_COURSES/course_1/ROS2_for_Beginners_Level2_TF_URDF_RVIZ_GAZEBO/install/my_robot_description/share/my_robot_description//urdf/my_robot.urdf
[0.087s] -- Up-to-date: /home/user/Desktop/ROS_COURSES/course_1/ROS2_for_Beginners_Level2_TF_URDF_RVIZ_GAZEBO/install/my_robot_description/share/my_robot_description//urdf/common_properties.xacro
[0.087s] -- Up-to-date: /home/user/Desktop/ROS_COURSES/course_1/ROS2_for_Beginners_Level2_TF_URDF_RVIZ_GAZEBO/install/my_robot_description/share/my_robot_description//urdf/mobile_robot.urdf.xacro
[0.087s] -- Up-to-date: /home/user/Desktop/ROS_COURSES/course_1/ROS2_for_Beginners_Level2_TF_URDF_RVIZ_GAZEBO/install/my_robot_description/share/my_robot_description//launch
[0.087s] -- Up-to-date: /home/user/Desktop/ROS_COURSES/course_1/ROS2_for_Beginners_Level2_TF_URDF_RVIZ_GAZEBO/install/my_robot_description/share/my_robot_description//launch/display.launch.xml
[0.088s] -- Up-to-date: /home/user/Desktop/ROS_COURSES/course_1/ROS2_for_Beginners_Level2_TF_URDF_RVIZ_GAZEBO/install/my_robot_description/share/my_robot_description//launch/display.launch.py
[0.088s] -- Up-to-date: /home/user/Desktop/ROS_COURSES/course_1/ROS2_for_Beginners_Level2_TF_URDF_RVIZ_GAZEBO/install/my_robot_description/share/my_robot_description//launch/arm_display.launch.xml
[0.088s] -- Up-to-date: /home/user/Desktop/ROS_COURSES/course_1/ROS2_for_Beginners_Level2_TF_URDF_RVIZ_GAZEBO/install/my_robot_description/share/my_robot_description//rviz
[0.088s] -- Up-to-date: /home/user/Desktop/ROS_COURSES/course_1/ROS2_for_Beginners_Level2_TF_URDF_RVIZ_GAZEBO/install/my_robot_description/share/my_robot_description//rviz/mobile_robot_config.rviz
[0.088s] -- Up-to-date: /home/user/Desktop/ROS_COURSES/course_1/ROS2_for_Beginners_Level2_TF_URDF_RVIZ_GAZEBO/install/my_robot_description/share/ament_index/resource_index/package_run_dependencies/my_robot_description
[0.088s] -- Up-to-date: /home/user/Desktop/ROS_COURSES/course_1/ROS2_for_Beginners_Level2_TF_URDF_RVIZ_GAZEBO/install/my_robot_description/share/ament_index/resource_index/parent_prefix_path/my_robot_description
[0.088s] -- Up-to-date: /home/user/Desktop/ROS_COURSES/course_1/ROS2_for_Beginners_Level2_TF_URDF_RVIZ_GAZEBO/install/my_robot_description/share/my_robot_description/environment/ament_prefix_path.sh
[0.088s] -- Up-to-date: /home/user/Desktop/ROS_COURSES/course_1/ROS2_for_Beginners_Level2_TF_URDF_RVIZ_GAZEBO/install/my_robot_description/share/my_robot_description/environment/ament_prefix_path.dsv
[0.088s] -- Up-to-date: /home/user/Desktop/ROS_COURSES/course_1/ROS2_for_Beginners_Level2_TF_URDF_RVIZ_GAZEBO/install/my_robot_description/share/my_robot_description/environment/path.sh
[0.088s] -- Up-to-date: /home/user/Desktop/ROS_COURSES/course_1/ROS2_for_Beginners_Level2_TF_URDF_RVIZ_GAZEBO/install/my_robot_description/share/my_robot_description/environment/path.dsv
[0.089s] -- Up-to-date: /home/user/Desktop/ROS_COURSES/course_1/ROS2_for_Beginners_Level2_TF_URDF_RVIZ_GAZEBO/install/my_robot_description/share/my_robot_description/local_setup.bash
[0.089s] -- Up-to-date: /home/user/Desktop/ROS_COURSES/course_1/ROS2_for_Beginners_Level2_TF_URDF_RVIZ_GAZEBO/install/my_robot_description/share/my_robot_description/local_setup.sh
[0.089s] -- Up-to-date: /home/user/Desktop/ROS_COURSES/course_1/ROS2_for_Beginners_Level2_TF_URDF_RVIZ_GAZEBO/install/my_robot_description/share/my_robot_description/local_setup.zsh
[0.089s] -- Up-to-date: /home/user/Desktop/ROS_COURSES/course_1/ROS2_for_Beginners_Level2_TF_URDF_RVIZ_GAZEBO/install/my_robot_description/share/my_robot_description/local_setup.dsv
[0.090s] -- Installing: /home/user/Desktop/ROS_COURSES/course_1/ROS2_for_Beginners_Level2_TF_URDF_RVIZ_GAZEBO/install/my_robot_description/share/my_robot_description/package.dsv
[0.090s] -- Up-to-date: /home/user/Desktop/ROS_COURSES/course_1/ROS2_for_Beginners_Level2_TF_URDF_RVIZ_GAZEBO/install/my_robot_description/share/ament_index/resource_index/packages/my_robot_description
[0.090s] -- Up-to-date: /home/user/Desktop/ROS_COURSES/course_1/ROS2_for_Beginners_Level2_TF_URDF_RVIZ_GAZEBO/install/my_robot_description/share/my_robot_description/cmake/my_robot_descriptionConfig.cmake
[0.090s] -- Up-to-date: /home/user/Desktop/ROS_COURSES/course_1/ROS2_for_Beginners_Level2_TF_URDF_RVIZ_GAZEBO/install/my_robot_description/share/my_robot_description/cmake/my_robot_descriptionConfig-version.cmake
[0.091s] -- Up-to-date: /home/user/Desktop/ROS_COURSES/course_1/ROS2_for_Beginners_Level2_TF_URDF_RVIZ_GAZEBO/install/my_robot_description/share/my_robot_description/package.xml
[0.106s] Invoked command in '/home/user/Desktop/ROS_COURSES/course_1/ROS2_for_Beginners_Level2_TF_URDF_RVIZ_GAZEBO/build/my_robot_description' returned '0': CMAKE_PREFIX_PATH=${CMAKE_PREFIX_PATH}:/opt/ros/jazzy DEBUGINFOD_URLS=https://debuginfod.ubuntu.com /usr/bin/cmake --install /home/user/Desktop/ROS_COURSES/course_1/ROS2_for_Beginners_Level2_TF_URDF_RVIZ_GAZEBO/build/my_robot_description
