[0.025s] Invoking command in '/home/user/Desktop/ROS_COURSES/course_1/ROS2_Nav2_with_SLAM_and_Navigation/build/my_robot_description': CMAKE_PREFIX_PATH=${CMAKE_PREFIX_PATH}:/opt/ros/jazzy DEBUGINFOD_URLS=https://debuginfod.ubuntu.com /usr/bin/cmake /home/user/Desktop/ROS_COURSES/course_1/ROS2_Nav2_with_SLAM_and_Navigation/src/my_robot_description -DCMAKE_INSTALL_PREFIX=/home/user/Desktop/ROS_COURSES/course_1/ROS2_Nav2_with_SLAM_and_Navigation/install/my_robot_description
[0.150s] -- The C compiler identification is GNU 13.3.0
[0.277s] -- The CXX compiler identification is GNU 13.3.0
[0.300s] -- Detecting C compiler ABI info
[0.389s] -- Detecting C compiler ABI info - done
[0.399s] -- Check for working C compiler: /usr/bin/cc - skipped
[0.399s] -- Detecting C compile features
[0.400s] -- Detecting C compile features - done
[0.546s] -- Detecting CXX compiler ABI info
[0.646s] -- Detecting CXX compiler ABI info - done
[0.661s] -- Check for working CXX compiler: /usr/bin/c++ - skipped
[0.662s] -- Detecting CXX compile features
[0.663s] -- Detecting CXX compile features - done
[0.678s] -- Found ament_cmake: 2.5.4 (/opt/ros/jazzy/share/ament_cmake/cmake)
[0.853s] -- Found Python3: /usr/bin/python3 (found version "3.12.3") found components: Interpreter 
[1.128s] -- Configuring done (1.1s)
[1.130s] -- Generating done (0.0s)
[1.132s] -- Build files have been written to: /home/user/Desktop/ROS_COURSES/course_1/ROS2_Nav2_with_SLAM_and_Navigation/build/my_robot_description
[1.138s] Invoked command in '/home/user/Desktop/ROS_COURSES/course_1/ROS2_Nav2_with_SLAM_and_Navigation/build/my_robot_description' returned '0': CMAKE_PREFIX_PATH=${CMAKE_PREFIX_PATH}:/opt/ros/jazzy DEBUGINFOD_URLS=https://debuginfod.ubuntu.com /usr/bin/cmake /home/user/Desktop/ROS_COURSES/course_1/ROS2_Nav2_with_SLAM_and_Navigation/src/my_robot_description -DCMAKE_INSTALL_PREFIX=/home/user/Desktop/ROS_COURSES/course_1/ROS2_Nav2_with_SLAM_and_Navigation/install/my_robot_description
[1.139s] Invoking command in '/home/user/Desktop/ROS_COURSES/course_1/ROS2_Nav2_with_SLAM_and_Navigation/build/my_robot_description': CMAKE_PREFIX_PATH=${CMAKE_PREFIX_PATH}:/opt/ros/jazzy DEBUGINFOD_URLS=https://debuginfod.ubuntu.com /usr/bin/cmake --build /home/user/Desktop/ROS_COURSES/course_1/ROS2_Nav2_with_SLAM_and_Navigation/build/my_robot_description -- -j4 -l4
[1.186s] Invoked command in '/home/user/Desktop/ROS_COURSES/course_1/ROS2_Nav2_with_SLAM_and_Navigation/build/my_robot_description' returned '0': CMAKE_PREFIX_PATH=${CMAKE_PREFIX_PATH}:/opt/ros/jazzy DEBUGINFOD_URLS=https://debuginfod.ubuntu.com /usr/bin/cmake --build /home/user/Desktop/ROS_COURSES/course_1/ROS2_Nav2_with_SLAM_and_Navigation/build/my_robot_description -- -j4 -l4
[1.187s] Invoking command in '/home/user/Desktop/ROS_COURSES/course_1/ROS2_Nav2_with_SLAM_and_Navigation/build/my_robot_description': CMAKE_PREFIX_PATH=${CMAKE_PREFIX_PATH}:/opt/ros/jazzy DEBUGINFOD_URLS=https://debuginfod.ubuntu.com /usr/bin/cmake --install /home/user/Desktop/ROS_COURSES/course_1/ROS2_Nav2_with_SLAM_and_Navigation/build/my_robot_description
[1.201s] -- Install configuration: ""
[1.201s] -- Installing: /home/user/Desktop/ROS_COURSES/course_1/ROS2_Nav2_with_SLAM_and_Navigation/install/my_robot_description/share/my_robot_description//urdf
[1.201s] -- Installing: /home/user/Desktop/ROS_COURSES/course_1/ROS2_Nav2_with_SLAM_and_Navigation/install/my_robot_description/share/my_robot_description//urdf/arm.xacro
[1.201s] -- Installing: /home/user/Desktop/ROS_COURSES/course_1/ROS2_Nav2_with_SLAM_and_Navigation/install/my_robot_description/share/my_robot_description//urdf/standalone_arm.urdf.xacro
[1.202s] -- Installing: /home/user/Desktop/ROS_COURSES/course_1/ROS2_Nav2_with_SLAM_and_Navigation/install/my_robot_description/share/my_robot_description//urdf/camera.xacro
[1.202s] -- Installing: /home/user/Desktop/ROS_COURSES/course_1/ROS2_Nav2_with_SLAM_and_Navigation/install/my_robot_description/share/my_robot_description//urdf/mobile_base.xacro
[1.202s] -- Installing: /home/user/Desktop/ROS_COURSES/course_1/ROS2_Nav2_with_SLAM_and_Navigation/install/my_robot_description/share/my_robot_description//urdf/my_robot_gazebo.xacro
[1.202s] -- Installing: /home/user/Desktop/ROS_COURSES/course_1/ROS2_Nav2_with_SLAM_and_Navigation/install/my_robot_description/share/my_robot_description//urdf/arm_gazebo.xacro
[1.203s] -- Installing: /home/user/Desktop/ROS_COURSES/course_1/ROS2_Nav2_with_SLAM_and_Navigation/install/my_robot_description/share/my_robot_description//urdf/lidar.xacro
[1.203s] -- Installing: /home/user/Desktop/ROS_COURSES/course_1/ROS2_Nav2_with_SLAM_and_Navigation/install/my_robot_description/share/my_robot_description//urdf/my_robot.urdf
[1.203s] -- Installing: /home/user/Desktop/ROS_COURSES/course_1/ROS2_Nav2_with_SLAM_and_Navigation/install/my_robot_description/share/my_robot_description//urdf/common_properties.xacro
[1.203s] -- Installing: /home/user/Desktop/ROS_COURSES/course_1/ROS2_Nav2_with_SLAM_and_Navigation/install/my_robot_description/share/my_robot_description//urdf/mobile_robot.urdf.xacro
[1.203s] -- Installing: /home/user/Desktop/ROS_COURSES/course_1/ROS2_Nav2_with_SLAM_and_Navigation/install/my_robot_description/share/my_robot_description//launch
[1.203s] -- Installing: /home/user/Desktop/ROS_COURSES/course_1/ROS2_Nav2_with_SLAM_and_Navigation/install/my_robot_description/share/my_robot_description//launch/display.launch.xml
[1.203s] -- Installing: /home/user/Desktop/ROS_COURSES/course_1/ROS2_Nav2_with_SLAM_and_Navigation/install/my_robot_description/share/my_robot_description//launch/display.launch.py
[1.203s] -- Installing: /home/user/Desktop/ROS_COURSES/course_1/ROS2_Nav2_with_SLAM_and_Navigation/install/my_robot_description/share/my_robot_description//launch/arm_display.launch.xml
[1.204s] -- Installing: /home/user/Desktop/ROS_COURSES/course_1/ROS2_Nav2_with_SLAM_and_Navigation/install/my_robot_description/share/my_robot_description//rviz
[1.204s] -- Installing: /home/user/Desktop/ROS_COURSES/course_1/ROS2_Nav2_with_SLAM_and_Navigation/install/my_robot_description/share/my_robot_description//rviz/mobile_robot_config.rviz
[1.204s] -- Installing: /home/user/Desktop/ROS_COURSES/course_1/ROS2_Nav2_with_SLAM_and_Navigation/install/my_robot_description/share/ament_index/resource_index/package_run_dependencies/my_robot_description
[1.204s] -- Installing: /home/user/Desktop/ROS_COURSES/course_1/ROS2_Nav2_with_SLAM_and_Navigation/install/my_robot_description/share/ament_index/resource_index/parent_prefix_path/my_robot_description
[1.204s] -- Installing: /home/user/Desktop/ROS_COURSES/course_1/ROS2_Nav2_with_SLAM_and_Navigation/install/my_robot_description/share/my_robot_description/environment/ament_prefix_path.sh
[1.204s] -- Installing: /home/user/Desktop/ROS_COURSES/course_1/ROS2_Nav2_with_SLAM_and_Navigation/install/my_robot_description/share/my_robot_description/environment/ament_prefix_path.dsv
[1.205s] -- Installing: /home/user/Desktop/ROS_COURSES/course_1/ROS2_Nav2_with_SLAM_and_Navigation/install/my_robot_description/share/my_robot_description/environment/path.sh
[1.205s] -- Installing: /home/user/Desktop/ROS_COURSES/course_1/ROS2_Nav2_with_SLAM_and_Navigation/install/my_robot_description/share/my_robot_description/environment/path.dsv
[1.205s] -- Installing: /home/user/Desktop/ROS_COURSES/course_1/ROS2_Nav2_with_SLAM_and_Navigation/install/my_robot_description/share/my_robot_description/local_setup.bash
[1.205s] -- Installing: /home/user/Desktop/ROS_COURSES/course_1/ROS2_Nav2_with_SLAM_and_Navigation/install/my_robot_description/share/my_robot_description/local_setup.sh
[1.205s] -- Installing: /home/user/Desktop/ROS_COURSES/course_1/ROS2_Nav2_with_SLAM_and_Navigation/install/my_robot_description/share/my_robot_description/local_setup.zsh
[1.205s] -- Installing: /home/user/Desktop/ROS_COURSES/course_1/ROS2_Nav2_with_SLAM_and_Navigation/install/my_robot_description/share/my_robot_description/local_setup.dsv
[1.206s] -- Installing: /home/user/Desktop/ROS_COURSES/course_1/ROS2_Nav2_with_SLAM_and_Navigation/install/my_robot_description/share/my_robot_description/package.dsv
[1.206s] -- Installing: /home/user/Desktop/ROS_COURSES/course_1/ROS2_Nav2_with_SLAM_and_Navigation/install/my_robot_description/share/ament_index/resource_index/packages/my_robot_description
[1.206s] -- Installing: /home/user/Desktop/ROS_COURSES/course_1/ROS2_Nav2_with_SLAM_and_Navigation/install/my_robot_description/share/my_robot_description/cmake/my_robot_descriptionConfig.cmake
[1.206s] -- Installing: /home/user/Desktop/ROS_COURSES/course_1/ROS2_Nav2_with_SLAM_and_Navigation/install/my_robot_description/share/my_robot_description/cmake/my_robot_descriptionConfig-version.cmake
[1.206s] -- Installing: /home/user/Desktop/ROS_COURSES/course_1/ROS2_Nav2_with_SLAM_and_Navigation/install/my_robot_description/share/my_robot_description/package.xml
[1.221s] Invoked command in '/home/user/Desktop/ROS_COURSES/course_1/ROS2_Nav2_with_SLAM_and_Navigation/build/my_robot_description' returned '0': CMAKE_PREFIX_PATH=${CMAKE_PREFIX_PATH}:/opt/ros/jazzy DEBUGINFOD_URLS=https://debuginfod.ubuntu.com /usr/bin/cmake --install /home/user/Desktop/ROS_COURSES/course_1/ROS2_Nav2_with_SLAM_and_Navigation/build/my_robot_description
