running egg_info
writing ../../build/actions_py/actions_py.egg-info/PKG-INFO
writing dependency_links to ../../build/actions_py/actions_py.egg-info/dependency_links.txt
writing entry points to ../../build/actions_py/actions_py.egg-info/entry_points.txt
writing requirements to ../../build/actions_py/actions_py.egg-info/requires.txt
writing top-level names to ../../build/actions_py/actions_py.egg-info/top_level.txt
reading manifest file '../../build/actions_py/actions_py.egg-info/SOURCES.txt'
writing manifest file '../../build/actions_py/actions_py.egg-info/SOURCES.txt'
running build
running build_py
copying actions_py/count_until_server.py -> /home/user/Desktop/ROS_COURSES/course_1/ROS2_Level3_Advanced_Concept/build/actions_py/build/lib/actions_py
running install
running install_lib
copying /home/user/Desktop/ROS_COURSES/course_1/ROS2_Level3_Advanced_Concept/build/actions_py/build/lib/actions_py/count_until_server.py -> /home/user/Desktop/ROS_COURSES/course_1/ROS2_Level3_Advanced_Concept/install/actions_py/lib/python3.12/site-packages/actions_py
byte-compiling /home/user/Desktop/ROS_COURSES/course_1/ROS2_Level3_Advanced_Concept/install/actions_py/lib/python3.12/site-packages/actions_py/count_until_server.py to count_until_server.cpython-312.pyc
running install_data
running install_egg_info
removing '/home/user/Desktop/ROS_COURSES/course_1/ROS2_Level3_Advanced_Concept/install/actions_py/lib/python3.12/site-packages/actions_py-0.0.0-py3.12.egg-info' (and everything under it)
Copying ../../build/actions_py/actions_py.egg-info to /home/user/Desktop/ROS_COURSES/course_1/ROS2_Level3_Advanced_Concept/install/actions_py/lib/python3.12/site-packages/actions_py-0.0.0-py3.12.egg-info
running install_scripts
Installing count_until_client script to /home/user/Desktop/ROS_COURSES/course_1/ROS2_Level3_Advanced_Concept/install/actions_py/lib/actions_py
Installing count_until_server script to /home/user/Desktop/ROS_COURSES/course_1/ROS2_Level3_Advanced_Concept/install/actions_py/lib/actions_py
writing list of installed files to '/home/user/Desktop/ROS_COURSES/course_1/ROS2_Level3_Advanced_Concept/build/actions_py/install.log'
