[0.023s] Invoking command in '/home/user/Desktop/ROS_COURSES/course_1/ROS2_Nav2_with_SLAM_and_Navigation/build/my_robot_bringup': CMAKE_PREFIX_PATH=${CMAKE_PREFIX_PATH}:/opt/ros/jazzy DEBUGINFOD_URLS=https://debuginfod.ubuntu.com /usr/bin/cmake --build /home/user/Desktop/ROS_COURSES/course_1/ROS2_Nav2_with_SLAM_and_Navigation/build/my_robot_bringup -- -j4 -l4
[0.186s] Invoked command in '/home/user/Desktop/ROS_COURSES/course_1/ROS2_Nav2_with_SLAM_and_Navigation/build/my_robot_bringup' returned '0': CMAKE_PREFIX_PATH=${CMAKE_PREFIX_PATH}:/opt/ros/jazzy DEBUGINFOD_URLS=https://debuginfod.ubuntu.com /usr/bin/cmake --build /home/user/Desktop/ROS_COURSES/course_1/ROS2_Nav2_with_SLAM_and_Navigation/build/my_robot_bringup -- -j4 -l4
[0.187s] Invoking command in '/home/user/Desktop/ROS_COURSES/course_1/ROS2_Nav2_with_SLAM_and_Navigation/build/my_robot_bringup': CMAKE_PREFIX_PATH=${CMAKE_PREFIX_PATH}:/opt/ros/jazzy DEBUGINFOD_URLS=https://debuginfod.ubuntu.com /usr/bin/cmake --install /home/user/Desktop/ROS_COURSES/course_1/ROS2_Nav2_with_SLAM_and_Navigation/build/my_robot_bringup
[0.198s] -- Install configuration: ""
[0.198s] -- Up-to-date: /home/user/Desktop/ROS_COURSES/course_1/ROS2_Nav2_with_SLAM_and_Navigation/install/my_robot_bringup/share/my_robot_bringup//launch
[0.198s] -- Up-to-date: /home/user/Desktop/ROS_COURSES/course_1/ROS2_Nav2_with_SLAM_and_Navigation/install/my_robot_bringup/share/my_robot_bringup//launch/arm_gazebo_launch.xml
[0.199s] -- Up-to-date: /home/user/Desktop/ROS_COURSES/course_1/ROS2_Nav2_with_SLAM_and_Navigation/install/my_robot_bringup/share/my_robot_bringup//launch/my_robot_gazebo.launch.xml
[0.199s] -- Up-to-date: /home/user/Desktop/ROS_COURSES/course_1/ROS2_Nav2_with_SLAM_and_Navigation/install/my_robot_bringup/share/my_robot_bringup//config
[0.199s] -- Installing: /home/user/Desktop/ROS_COURSES/course_1/ROS2_Nav2_with_SLAM_and_Navigation/install/my_robot_bringup/share/my_robot_bringup//config/gazebo_bridge.yaml
[0.199s] -- Up-to-date: /home/user/Desktop/ROS_COURSES/course_1/ROS2_Nav2_with_SLAM_and_Navigation/install/my_robot_bringup/share/my_robot_bringup//worlds
[0.199s] -- Up-to-date: /home/user/Desktop/ROS_COURSES/course_1/ROS2_Nav2_with_SLAM_and_Navigation/install/my_robot_bringup/share/my_robot_bringup//worlds/my_world.sdf
[0.200s] -- Up-to-date: /home/user/Desktop/ROS_COURSES/course_1/ROS2_Nav2_with_SLAM_and_Navigation/install/my_robot_bringup/share/ament_index/resource_index/package_run_dependencies/my_robot_bringup
[0.200s] -- Up-to-date: /home/user/Desktop/ROS_COURSES/course_1/ROS2_Nav2_with_SLAM_and_Navigation/install/my_robot_bringup/share/ament_index/resource_index/parent_prefix_path/my_robot_bringup
[0.200s] -- Up-to-date: /home/user/Desktop/ROS_COURSES/course_1/ROS2_Nav2_with_SLAM_and_Navigation/install/my_robot_bringup/share/my_robot_bringup/environment/ament_prefix_path.sh
[0.200s] -- Up-to-date: /home/user/Desktop/ROS_COURSES/course_1/ROS2_Nav2_with_SLAM_and_Navigation/install/my_robot_bringup/share/my_robot_bringup/environment/ament_prefix_path.dsv
[0.200s] -- Up-to-date: /home/user/Desktop/ROS_COURSES/course_1/ROS2_Nav2_with_SLAM_and_Navigation/install/my_robot_bringup/share/my_robot_bringup/environment/path.sh
[0.200s] -- Up-to-date: /home/user/Desktop/ROS_COURSES/course_1/ROS2_Nav2_with_SLAM_and_Navigation/install/my_robot_bringup/share/my_robot_bringup/environment/path.dsv
[0.200s] -- Up-to-date: /home/user/Desktop/ROS_COURSES/course_1/ROS2_Nav2_with_SLAM_and_Navigation/install/my_robot_bringup/share/my_robot_bringup/local_setup.bash
[0.200s] -- Up-to-date: /home/user/Desktop/ROS_COURSES/course_1/ROS2_Nav2_with_SLAM_and_Navigation/install/my_robot_bringup/share/my_robot_bringup/local_setup.sh
[0.201s] -- Up-to-date: /home/user/Desktop/ROS_COURSES/course_1/ROS2_Nav2_with_SLAM_and_Navigation/install/my_robot_bringup/share/my_robot_bringup/local_setup.zsh
[0.201s] -- Up-to-date: /home/user/Desktop/ROS_COURSES/course_1/ROS2_Nav2_with_SLAM_and_Navigation/install/my_robot_bringup/share/my_robot_bringup/local_setup.dsv
[0.201s] -- Installing: /home/user/Desktop/ROS_COURSES/course_1/ROS2_Nav2_with_SLAM_and_Navigation/install/my_robot_bringup/share/my_robot_bringup/package.dsv
[0.201s] -- Up-to-date: /home/user/Desktop/ROS_COURSES/course_1/ROS2_Nav2_with_SLAM_and_Navigation/install/my_robot_bringup/share/ament_index/resource_index/packages/my_robot_bringup
[0.201s] -- Up-to-date: /home/user/Desktop/ROS_COURSES/course_1/ROS2_Nav2_with_SLAM_and_Navigation/install/my_robot_bringup/share/my_robot_bringup/cmake/my_robot_bringupConfig.cmake
[0.201s] -- Up-to-date: /home/user/Desktop/ROS_COURSES/course_1/ROS2_Nav2_with_SLAM_and_Navigation/install/my_robot_bringup/share/my_robot_bringup/cmake/my_robot_bringupConfig-version.cmake
[0.201s] -- Up-to-date: /home/user/Desktop/ROS_COURSES/course_1/ROS2_Nav2_with_SLAM_and_Navigation/install/my_robot_bringup/share/my_robot_bringup/package.xml
[0.227s] Invoked command in '/home/user/Desktop/ROS_COURSES/course_1/ROS2_Nav2_with_SLAM_and_Navigation/build/my_robot_bringup' returned '0': CMAKE_PREFIX_PATH=${CMAKE_PREFIX_PATH}:/opt/ros/jazzy DEBUGINFOD_URLS=https://debuginfod.ubuntu.com /usr/bin/cmake --install /home/user/Desktop/ROS_COURSES/course_1/ROS2_Nav2_with_SLAM_and_Navigation/build/my_robot_bringup
