[0.019s] Invoking command in '/home/user/Desktop/ROS_COURSES/course_1/ROS2_for_Beginners_Level2_TF_URDF_RVIZ_GAZEBO/build/my_robot_bringup': CMAKE_PREFIX_PATH=${CMAKE_PREFIX_PATH}:/opt/ros/jazzy DEBUGINFOD_URLS=https://debuginfod.ubuntu.com /usr/bin/cmake --build /home/user/Desktop/ROS_COURSES/course_1/ROS2_for_Beginners_Level2_TF_URDF_RVIZ_GAZEBO/build/my_robot_bringup -- -j4 -l4
[0.056s] -- Found ament_cmake: 2.5.4 (/opt/ros/jazzy/share/ament_cmake/cmake)
[0.410s] -- Configuring done (0.4s)
[0.417s] -- Generating done (0.0s)
[0.419s] -- Build files have been written to: /home/user/Desktop/ROS_COURSES/course_1/ROS2_for_Beginners_Level2_TF_URDF_RVIZ_GAZEBO/build/my_robot_bringup
[0.438s] Invoked command in '/home/user/Desktop/ROS_COURSES/course_1/ROS2_for_Beginners_Level2_TF_URDF_RVIZ_GAZEBO/build/my_robot_bringup' returned '0': CMAKE_PREFIX_PATH=${CMAKE_PREFIX_PATH}:/opt/ros/jazzy DEBUGINFOD_URLS=https://debuginfod.ubuntu.com /usr/bin/cmake --build /home/user/Desktop/ROS_COURSES/course_1/ROS2_for_Beginners_Level2_TF_URDF_RVIZ_GAZEBO/build/my_robot_bringup -- -j4 -l4
[0.439s] Invoking command in '/home/user/Desktop/ROS_COURSES/course_1/ROS2_for_Beginners_Level2_TF_URDF_RVIZ_GAZEBO/build/my_robot_bringup': CMAKE_PREFIX_PATH=${CMAKE_PREFIX_PATH}:/opt/ros/jazzy DEBUGINFOD_URLS=https://debuginfod.ubuntu.com /usr/bin/cmake --install /home/user/Desktop/ROS_COURSES/course_1/ROS2_for_Beginners_Level2_TF_URDF_RVIZ_GAZEBO/build/my_robot_bringup
[0.446s] -- Install configuration: ""
[0.446s] -- Up-to-date: /home/user/Desktop/ROS_COURSES/course_1/ROS2_for_Beginners_Level2_TF_URDF_RVIZ_GAZEBO/install/my_robot_bringup/share/my_robot_bringup//launch
[0.446s] -- Up-to-date: /home/user/Desktop/ROS_COURSES/course_1/ROS2_for_Beginners_Level2_TF_URDF_RVIZ_GAZEBO/install/my_robot_bringup/share/my_robot_bringup//launch/my_robot_gazebo.launch.xml
[0.447s] -- Up-to-date: /home/user/Desktop/ROS_COURSES/course_1/ROS2_for_Beginners_Level2_TF_URDF_RVIZ_GAZEBO/install/my_robot_bringup/share/my_robot_bringup//config
[0.447s] -- Up-to-date: /home/user/Desktop/ROS_COURSES/course_1/ROS2_for_Beginners_Level2_TF_URDF_RVIZ_GAZEBO/install/my_robot_bringup/share/my_robot_bringup//config/gazebo_bridge.yaml
[0.447s] -- Installing: /home/user/Desktop/ROS_COURSES/course_1/ROS2_for_Beginners_Level2_TF_URDF_RVIZ_GAZEBO/install/my_robot_bringup/share/my_robot_bringup//worlds
[0.447s] -- Installing: /home/user/Desktop/ROS_COURSES/course_1/ROS2_for_Beginners_Level2_TF_URDF_RVIZ_GAZEBO/install/my_robot_bringup/share/my_robot_bringup//worlds/my_world.sdf
[0.447s] -- Up-to-date: /home/user/Desktop/ROS_COURSES/course_1/ROS2_for_Beginners_Level2_TF_URDF_RVIZ_GAZEBO/install/my_robot_bringup/share/ament_index/resource_index/package_run_dependencies/my_robot_bringup
[0.447s] -- Up-to-date: /home/user/Desktop/ROS_COURSES/course_1/ROS2_for_Beginners_Level2_TF_URDF_RVIZ_GAZEBO/install/my_robot_bringup/share/ament_index/resource_index/parent_prefix_path/my_robot_bringup
[0.447s] -- Up-to-date: /home/user/Desktop/ROS_COURSES/course_1/ROS2_for_Beginners_Level2_TF_URDF_RVIZ_GAZEBO/install/my_robot_bringup/share/my_robot_bringup/environment/ament_prefix_path.sh
[0.447s] -- Up-to-date: /home/user/Desktop/ROS_COURSES/course_1/ROS2_for_Beginners_Level2_TF_URDF_RVIZ_GAZEBO/install/my_robot_bringup/share/my_robot_bringup/environment/ament_prefix_path.dsv
[0.447s] -- Up-to-date: /home/user/Desktop/ROS_COURSES/course_1/ROS2_for_Beginners_Level2_TF_URDF_RVIZ_GAZEBO/install/my_robot_bringup/share/my_robot_bringup/environment/path.sh
[0.447s] -- Up-to-date: /home/user/Desktop/ROS_COURSES/course_1/ROS2_for_Beginners_Level2_TF_URDF_RVIZ_GAZEBO/install/my_robot_bringup/share/my_robot_bringup/environment/path.dsv
[0.447s] -- Up-to-date: /home/user/Desktop/ROS_COURSES/course_1/ROS2_for_Beginners_Level2_TF_URDF_RVIZ_GAZEBO/install/my_robot_bringup/share/my_robot_bringup/local_setup.bash
[0.448s] -- Up-to-date: /home/user/Desktop/ROS_COURSES/course_1/ROS2_for_Beginners_Level2_TF_URDF_RVIZ_GAZEBO/install/my_robot_bringup/share/my_robot_bringup/local_setup.sh
[0.448s] -- Up-to-date: /home/user/Desktop/ROS_COURSES/course_1/ROS2_for_Beginners_Level2_TF_URDF_RVIZ_GAZEBO/install/my_robot_bringup/share/my_robot_bringup/local_setup.zsh
[0.448s] -- Up-to-date: /home/user/Desktop/ROS_COURSES/course_1/ROS2_for_Beginners_Level2_TF_URDF_RVIZ_GAZEBO/install/my_robot_bringup/share/my_robot_bringup/local_setup.dsv
[0.448s] -- Installing: /home/user/Desktop/ROS_COURSES/course_1/ROS2_for_Beginners_Level2_TF_URDF_RVIZ_GAZEBO/install/my_robot_bringup/share/my_robot_bringup/package.dsv
[0.448s] -- Up-to-date: /home/user/Desktop/ROS_COURSES/course_1/ROS2_for_Beginners_Level2_TF_URDF_RVIZ_GAZEBO/install/my_robot_bringup/share/ament_index/resource_index/packages/my_robot_bringup
[0.448s] -- Up-to-date: /home/user/Desktop/ROS_COURSES/course_1/ROS2_for_Beginners_Level2_TF_URDF_RVIZ_GAZEBO/install/my_robot_bringup/share/my_robot_bringup/cmake/my_robot_bringupConfig.cmake
[0.448s] -- Up-to-date: /home/user/Desktop/ROS_COURSES/course_1/ROS2_for_Beginners_Level2_TF_URDF_RVIZ_GAZEBO/install/my_robot_bringup/share/my_robot_bringup/cmake/my_robot_bringupConfig-version.cmake
[0.448s] -- Up-to-date: /home/user/Desktop/ROS_COURSES/course_1/ROS2_for_Beginners_Level2_TF_URDF_RVIZ_GAZEBO/install/my_robot_bringup/share/my_robot_bringup/package.xml
[0.449s] Invoked command in '/home/user/Desktop/ROS_COURSES/course_1/ROS2_for_Beginners_Level2_TF_URDF_RVIZ_GAZEBO/build/my_robot_bringup' returned '0': CMAKE_PREFIX_PATH=${CMAKE_PREFIX_PATH}:/opt/ros/jazzy DEBUGINFOD_URLS=https://debuginfod.ubuntu.com /usr/bin/cmake --install /home/user/Desktop/ROS_COURSES/course_1/ROS2_for_Beginners_Level2_TF_URDF_RVIZ_GAZEBO/build/my_robot_bringup
