[0.021s] Invoking command in '/home/user/Desktop/ROS_COURSES/course_1/ROS2_for_Beginners_Level2_TF_URDF_RVIZ_GAZEBO/build/my_robot_bringup': CMAKE_PREFIX_PATH=${CMAKE_PREFIX_PATH}:/opt/ros/jazzy DEBUGINFOD_URLS=https://debuginfod.ubuntu.com /usr/bin/cmake --build /home/user/Desktop/ROS_COURSES/course_1/ROS2_for_Beginners_Level2_TF_URDF_RVIZ_GAZEBO/build/my_robot_bringup -- -j4 -l4
[0.068s] Invoked command in '/home/user/Desktop/ROS_COURSES/course_1/ROS2_for_Beginners_Level2_TF_URDF_RVIZ_GAZEBO/build/my_robot_bringup' returned '0': CMAKE_PREFIX_PATH=${CMAKE_PREFIX_PATH}:/opt/ros/jazzy DEBUGINFOD_URLS=https://debuginfod.ubuntu.com /usr/bin/cmake --build /home/user/Desktop/ROS_COURSES/course_1/ROS2_for_Beginners_Level2_TF_URDF_RVIZ_GAZEBO/build/my_robot_bringup -- -j4 -l4
[0.079s] Invoking command in '/home/user/Desktop/ROS_COURSES/course_1/ROS2_for_Beginners_Level2_TF_URDF_RVIZ_GAZEBO/build/my_robot_bringup': CMAKE_PREFIX_PATH=${CMAKE_PREFIX_PATH}:/opt/ros/jazzy DEBUGINFOD_URLS=https://debuginfod.ubuntu.com /usr/bin/cmake --install /home/user/Desktop/ROS_COURSES/course_1/ROS2_for_Beginners_Level2_TF_URDF_RVIZ_GAZEBO/build/my_robot_bringup
[0.089s] -- Install configuration: ""
[0.089s] -- Up-to-date: /home/user/Desktop/ROS_COURSES/course_1/ROS2_for_Beginners_Level2_TF_URDF_RVIZ_GAZEBO/install/my_robot_bringup/share/my_robot_bringup//launch
[0.089s] -- Up-to-date: /home/user/Desktop/ROS_COURSES/course_1/ROS2_for_Beginners_Level2_TF_URDF_RVIZ_GAZEBO/install/my_robot_bringup/share/my_robot_bringup//launch/my_robot_gazebo.launch.xml
[0.089s] -- Up-to-date: /home/user/Desktop/ROS_COURSES/course_1/ROS2_for_Beginners_Level2_TF_URDF_RVIZ_GAZEBO/install/my_robot_bringup/share/my_robot_bringup//config
[0.090s] -- Installing: /home/user/Desktop/ROS_COURSES/course_1/ROS2_for_Beginners_Level2_TF_URDF_RVIZ_GAZEBO/install/my_robot_bringup/share/my_robot_bringup//config/gazebo_bridge.yaml
[0.090s] -- Up-to-date: /home/user/Desktop/ROS_COURSES/course_1/ROS2_for_Beginners_Level2_TF_URDF_RVIZ_GAZEBO/install/my_robot_bringup/share/my_robot_bringup//worlds
[0.090s] -- Up-to-date: /home/user/Desktop/ROS_COURSES/course_1/ROS2_for_Beginners_Level2_TF_URDF_RVIZ_GAZEBO/install/my_robot_bringup/share/my_robot_bringup//worlds/my_world.sdf
[0.090s] -- Up-to-date: /home/user/Desktop/ROS_COURSES/course_1/ROS2_for_Beginners_Level2_TF_URDF_RVIZ_GAZEBO/install/my_robot_bringup/share/ament_index/resource_index/package_run_dependencies/my_robot_bringup
[0.090s] -- Up-to-date: /home/user/Desktop/ROS_COURSES/course_1/ROS2_for_Beginners_Level2_TF_URDF_RVIZ_GAZEBO/install/my_robot_bringup/share/ament_index/resource_index/parent_prefix_path/my_robot_bringup
[0.091s] -- Up-to-date: /home/user/Desktop/ROS_COURSES/course_1/ROS2_for_Beginners_Level2_TF_URDF_RVIZ_GAZEBO/install/my_robot_bringup/share/my_robot_bringup/environment/ament_prefix_path.sh
[0.091s] -- Up-to-date: /home/user/Desktop/ROS_COURSES/course_1/ROS2_for_Beginners_Level2_TF_URDF_RVIZ_GAZEBO/install/my_robot_bringup/share/my_robot_bringup/environment/ament_prefix_path.dsv
[0.091s] -- Up-to-date: /home/user/Desktop/ROS_COURSES/course_1/ROS2_for_Beginners_Level2_TF_URDF_RVIZ_GAZEBO/install/my_robot_bringup/share/my_robot_bringup/environment/path.sh
[0.091s] -- Up-to-date: /home/user/Desktop/ROS_COURSES/course_1/ROS2_for_Beginners_Level2_TF_URDF_RVIZ_GAZEBO/install/my_robot_bringup/share/my_robot_bringup/environment/path.dsv
[0.091s] -- Up-to-date: /home/user/Desktop/ROS_COURSES/course_1/ROS2_for_Beginners_Level2_TF_URDF_RVIZ_GAZEBO/install/my_robot_bringup/share/my_robot_bringup/local_setup.bash
[0.091s] -- Up-to-date: /home/user/Desktop/ROS_COURSES/course_1/ROS2_for_Beginners_Level2_TF_URDF_RVIZ_GAZEBO/install/my_robot_bringup/share/my_robot_bringup/local_setup.sh
[0.091s] -- Up-to-date: /home/user/Desktop/ROS_COURSES/course_1/ROS2_for_Beginners_Level2_TF_URDF_RVIZ_GAZEBO/install/my_robot_bringup/share/my_robot_bringup/local_setup.zsh
[0.092s] -- Up-to-date: /home/user/Desktop/ROS_COURSES/course_1/ROS2_for_Beginners_Level2_TF_URDF_RVIZ_GAZEBO/install/my_robot_bringup/share/my_robot_bringup/local_setup.dsv
[0.092s] -- Installing: /home/user/Desktop/ROS_COURSES/course_1/ROS2_for_Beginners_Level2_TF_URDF_RVIZ_GAZEBO/install/my_robot_bringup/share/my_robot_bringup/package.dsv
[0.092s] -- Up-to-date: /home/user/Desktop/ROS_COURSES/course_1/ROS2_for_Beginners_Level2_TF_URDF_RVIZ_GAZEBO/install/my_robot_bringup/share/ament_index/resource_index/packages/my_robot_bringup
[0.092s] -- Up-to-date: /home/user/Desktop/ROS_COURSES/course_1/ROS2_for_Beginners_Level2_TF_URDF_RVIZ_GAZEBO/install/my_robot_bringup/share/my_robot_bringup/cmake/my_robot_bringupConfig.cmake
[0.092s] -- Up-to-date: /home/user/Desktop/ROS_COURSES/course_1/ROS2_for_Beginners_Level2_TF_URDF_RVIZ_GAZEBO/install/my_robot_bringup/share/my_robot_bringup/cmake/my_robot_bringupConfig-version.cmake
[0.092s] -- Up-to-date: /home/user/Desktop/ROS_COURSES/course_1/ROS2_for_Beginners_Level2_TF_URDF_RVIZ_GAZEBO/install/my_robot_bringup/share/my_robot_bringup/package.xml
[0.093s] Invoked command in '/home/user/Desktop/ROS_COURSES/course_1/ROS2_for_Beginners_Level2_TF_URDF_RVIZ_GAZEBO/build/my_robot_bringup' returned '0': CMAKE_PREFIX_PATH=${CMAKE_PREFIX_PATH}:/opt/ros/jazzy DEBUGINFOD_URLS=https://debuginfod.ubuntu.com /usr/bin/cmake --install /home/user/Desktop/ROS_COURSES/course_1/ROS2_for_Beginners_Level2_TF_URDF_RVIZ_GAZEBO/build/my_robot_bringup
