running egg_info
creating ../../build/lifecycle_py/lifecycle_py.egg-info
writing ../../build/lifecycle_py/lifecycle_py.egg-info/PKG-INFO
writing dependency_links to ../../build/lifecycle_py/lifecycle_py.egg-info/dependency_links.txt
writing entry points to ../../build/lifecycle_py/lifecycle_py.egg-info/entry_points.txt
writing requirements to ../../build/lifecycle_py/lifecycle_py.egg-info/requires.txt
writing top-level names to ../../build/lifecycle_py/lifecycle_py.egg-info/top_level.txt
writing manifest file '../../build/lifecycle_py/lifecycle_py.egg-info/SOURCES.txt'
reading manifest file '../../build/lifecycle_py/lifecycle_py.egg-info/SOURCES.txt'
writing manifest file '../../build/lifecycle_py/lifecycle_py.egg-info/SOURCES.txt'
running build
running build_py
creating /home/user/Desktop/ROS_COURSES/course_1/ROS2_Level3_Advanced_Concept/build/lifecycle_py/build
creating /home/user/Desktop/ROS_COURSES/course_1/ROS2_Level3_Advanced_Concept/build/lifecycle_py/build/lib
creating /home/user/Desktop/ROS_COURSES/course_1/ROS2_Level3_Advanced_Concept/build/lifecycle_py/build/lib/lifecycle_py
copying lifecycle_py/number_publisher.py -> /home/user/Desktop/ROS_COURSES/course_1/ROS2_Level3_Advanced_Concept/build/lifecycle_py/build/lib/lifecycle_py
copying lifecycle_py/__init__.py -> /home/user/Desktop/ROS_COURSES/course_1/ROS2_Level3_Advanced_Concept/build/lifecycle_py/build/lib/lifecycle_py
running install
running install_lib
creating /home/user/Desktop/ROS_COURSES/course_1/ROS2_Level3_Advanced_Concept/install/lifecycle_py/lib/python3.12/site-packages/lifecycle_py
copying /home/user/Desktop/ROS_COURSES/course_1/ROS2_Level3_Advanced_Concept/build/lifecycle_py/build/lib/lifecycle_py/number_publisher.py -> /home/user/Desktop/ROS_COURSES/course_1/ROS2_Level3_Advanced_Concept/install/lifecycle_py/lib/python3.12/site-packages/lifecycle_py
copying /home/user/Desktop/ROS_COURSES/course_1/ROS2_Level3_Advanced_Concept/build/lifecycle_py/build/lib/lifecycle_py/__init__.py -> /home/user/Desktop/ROS_COURSES/course_1/ROS2_Level3_Advanced_Concept/install/lifecycle_py/lib/python3.12/site-packages/lifecycle_py
byte-compiling /home/user/Desktop/ROS_COURSES/course_1/ROS2_Level3_Advanced_Concept/install/lifecycle_py/lib/python3.12/site-packages/lifecycle_py/number_publisher.py to number_publisher.cpython-312.pyc
byte-compiling /home/user/Desktop/ROS_COURSES/course_1/ROS2_Level3_Advanced_Concept/install/lifecycle_py/lib/python3.12/site-packages/lifecycle_py/__init__.py to __init__.cpython-312.pyc
running install_data
creating /home/user/Desktop/ROS_COURSES/course_1/ROS2_Level3_Advanced_Concept/install/lifecycle_py/share/ament_index
creating /home/user/Desktop/ROS_COURSES/course_1/ROS2_Level3_Advanced_Concept/install/lifecycle_py/share/ament_index/resource_index
creating /home/user/Desktop/ROS_COURSES/course_1/ROS2_Level3_Advanced_Concept/install/lifecycle_py/share/ament_index/resource_index/packages
copying resource/lifecycle_py -> /home/user/Desktop/ROS_COURSES/course_1/ROS2_Level3_Advanced_Concept/install/lifecycle_py/share/ament_index/resource_index/packages
copying package.xml -> /home/user/Desktop/ROS_COURSES/course_1/ROS2_Level3_Advanced_Concept/install/lifecycle_py/share/lifecycle_py
running install_egg_info
Copying ../../build/lifecycle_py/lifecycle_py.egg-info to /home/user/Desktop/ROS_COURSES/course_1/ROS2_Level3_Advanced_Concept/install/lifecycle_py/lib/python3.12/site-packages/lifecycle_py-0.0.0-py3.12.egg-info
running install_scripts
Installing number_publisher script to /home/user/Desktop/ROS_COURSES/course_1/ROS2_Level3_Advanced_Concept/install/lifecycle_py/lib/lifecycle_py
writing list of installed files to '/home/user/Desktop/ROS_COURSES/course_1/ROS2_Level3_Advanced_Concept/build/lifecycle_py/install.log'
