[2.707s] Invoking command in '/home/user/Desktop/ROS_COURSES/course_1/ROS2_Level3_Advanced_Concept/src/lifecycle_py': DEBUGINFOD_URLS=https://debuginfod.ubuntu.com PYTHONPATH=/home/user/Desktop/ROS_COURSES/course_1/ROS2_Level3_Advanced_Concept/build/lifecycle_py/prefix_override:/usr/lib/python3/dist-packages/colcon_core/task/python/colcon_distutils_commands:/home/user/Desktop/ROS_COURSES/course_1/ROS2_Level3_Advanced_Concept/install/lifecycle_py/lib/python3.12/site-packages:${PYTHONPATH} /usr/bin/python3 -W ignore:setup.py install is deprecated -W ignore:easy_install command is deprecated setup.py egg_info --egg-base ../../build/lifecycle_py build --build-base /home/user/Desktop/ROS_COURSES/course_1/ROS2_Level3_Advanced_Concept/build/lifecycle_py/build install --record /home/user/Desktop/ROS_COURSES/course_1/ROS2_Level3_Advanced_Concept/build/lifecycle_py/install.log --single-version-externally-managed install_data
[3.546s] running egg_info
[3.546s] creating ../../build/lifecycle_py/lifecycle_py.egg-info
[3.602s] writing ../../build/lifecycle_py/lifecycle_py.egg-info/PKG-INFO
[3.602s] writing dependency_links to ../../build/lifecycle_py/lifecycle_py.egg-info/dependency_links.txt
[3.603s] writing entry points to ../../build/lifecycle_py/lifecycle_py.egg-info/entry_points.txt
[3.604s] writing requirements to ../../build/lifecycle_py/lifecycle_py.egg-info/requires.txt
[3.604s] writing top-level names to ../../build/lifecycle_py/lifecycle_py.egg-info/top_level.txt
[3.606s] writing manifest file '../../build/lifecycle_py/lifecycle_py.egg-info/SOURCES.txt'
[3.737s] reading manifest file '../../build/lifecycle_py/lifecycle_py.egg-info/SOURCES.txt'
[3.738s] writing manifest file '../../build/lifecycle_py/lifecycle_py.egg-info/SOURCES.txt'
[3.739s] running build
[3.739s] running build_py
[3.740s] creating /home/user/Desktop/ROS_COURSES/course_1/ROS2_Level3_Advanced_Concept/build/lifecycle_py/build
[3.741s] creating /home/user/Desktop/ROS_COURSES/course_1/ROS2_Level3_Advanced_Concept/build/lifecycle_py/build/lib
[3.741s] creating /home/user/Desktop/ROS_COURSES/course_1/ROS2_Level3_Advanced_Concept/build/lifecycle_py/build/lib/lifecycle_py
[3.742s] copying lifecycle_py/number_publisher.py -> /home/user/Desktop/ROS_COURSES/course_1/ROS2_Level3_Advanced_Concept/build/lifecycle_py/build/lib/lifecycle_py
[3.742s] copying lifecycle_py/__init__.py -> /home/user/Desktop/ROS_COURSES/course_1/ROS2_Level3_Advanced_Concept/build/lifecycle_py/build/lib/lifecycle_py
[3.743s] running install
[3.759s] running install_lib
[3.814s] creating /home/user/Desktop/ROS_COURSES/course_1/ROS2_Level3_Advanced_Concept/install/lifecycle_py/lib/python3.12/site-packages/lifecycle_py
[3.815s] copying /home/user/Desktop/ROS_COURSES/course_1/ROS2_Level3_Advanced_Concept/build/lifecycle_py/build/lib/lifecycle_py/number_publisher.py -> /home/user/Desktop/ROS_COURSES/course_1/ROS2_Level3_Advanced_Concept/install/lifecycle_py/lib/python3.12/site-packages/lifecycle_py
[3.817s] copying /home/user/Desktop/ROS_COURSES/course_1/ROS2_Level3_Advanced_Concept/build/lifecycle_py/build/lib/lifecycle_py/__init__.py -> /home/user/Desktop/ROS_COURSES/course_1/ROS2_Level3_Advanced_Concept/install/lifecycle_py/lib/python3.12/site-packages/lifecycle_py
[3.817s] byte-compiling /home/user/Desktop/ROS_COURSES/course_1/ROS2_Level3_Advanced_Concept/install/lifecycle_py/lib/python3.12/site-packages/lifecycle_py/number_publisher.py to number_publisher.cpython-312.pyc
[3.818s] byte-compiling /home/user/Desktop/ROS_COURSES/course_1/ROS2_Level3_Advanced_Concept/install/lifecycle_py/lib/python3.12/site-packages/lifecycle_py/__init__.py to __init__.cpython-312.pyc
[3.821s] running install_data
[3.822s] creating /home/user/Desktop/ROS_COURSES/course_1/ROS2_Level3_Advanced_Concept/install/lifecycle_py/share/ament_index
[3.823s] creating /home/user/Desktop/ROS_COURSES/course_1/ROS2_Level3_Advanced_Concept/install/lifecycle_py/share/ament_index/resource_index
[3.824s] creating /home/user/Desktop/ROS_COURSES/course_1/ROS2_Level3_Advanced_Concept/install/lifecycle_py/share/ament_index/resource_index/packages
[3.825s] copying resource/lifecycle_py -> /home/user/Desktop/ROS_COURSES/course_1/ROS2_Level3_Advanced_Concept/install/lifecycle_py/share/ament_index/resource_index/packages
[3.826s] copying package.xml -> /home/user/Desktop/ROS_COURSES/course_1/ROS2_Level3_Advanced_Concept/install/lifecycle_py/share/lifecycle_py
[3.826s] running install_egg_info
[3.882s] Copying ../../build/lifecycle_py/lifecycle_py.egg-info to /home/user/Desktop/ROS_COURSES/course_1/ROS2_Level3_Advanced_Concept/install/lifecycle_py/lib/python3.12/site-packages/lifecycle_py-0.0.0-py3.12.egg-info
[3.884s] running install_scripts
[4.490s] Installing number_publisher script to /home/user/Desktop/ROS_COURSES/course_1/ROS2_Level3_Advanced_Concept/install/lifecycle_py/lib/lifecycle_py
[4.491s] writing list of installed files to '/home/user/Desktop/ROS_COURSES/course_1/ROS2_Level3_Advanced_Concept/build/lifecycle_py/install.log'
[4.570s] Invoked command in '/home/user/Desktop/ROS_COURSES/course_1/ROS2_Level3_Advanced_Concept/src/lifecycle_py' returned '0': DEBUGINFOD_URLS=https://debuginfod.ubuntu.com PYTHONPATH=/home/user/Desktop/ROS_COURSES/course_1/ROS2_Level3_Advanced_Concept/build/lifecycle_py/prefix_override:/usr/lib/python3/dist-packages/colcon_core/task/python/colcon_distutils_commands:/home/user/Desktop/ROS_COURSES/course_1/ROS2_Level3_Advanced_Concept/install/lifecycle_py/lib/python3.12/site-packages:${PYTHONPATH} /usr/bin/python3 -W ignore:setup.py install is deprecated -W ignore:easy_install command is deprecated setup.py egg_info --egg-base ../../build/lifecycle_py build --build-base /home/user/Desktop/ROS_COURSES/course_1/ROS2_Level3_Advanced_Concept/build/lifecycle_py/build install --record /home/user/Desktop/ROS_COURSES/course_1/ROS2_Level3_Advanced_Concept/build/lifecycle_py/install.log --single-version-externally-managed install_data
