[0.016s] Invoking command in '/home/user/Desktop/ROS_COURSES/course_1/ROS2_for_Beginners_Level2_TF_URDF_RVIZ_GAZEBO/build/my_robot_description': CMAKE_PREFIX_PATH=${CMAKE_PREFIX_PATH}:/opt/ros/jazzy DEBUGINFOD_URLS=https://debuginfod.ubuntu.com /usr/bin/cmake --build /home/user/Desktop/ROS_COURSES/course_1/ROS2_for_Beginners_Level2_TF_URDF_RVIZ_GAZEBO/build/my_robot_description -- -j4 -l4
[0.046s] -- Found ament_cmake: 2.5.4 (/opt/ros/jazzy/share/ament_cmake/cmake)
[0.594s] -- Configuring done (0.6s)
[0.610s] -- Generating done (0.0s)
[0.616s] -- Build files have been written to: /home/user/Desktop/ROS_COURSES/course_1/ROS2_for_Beginners_Level2_TF_URDF_RVIZ_GAZEBO/build/my_robot_description
[0.661s] Invoked command in '/home/user/Desktop/ROS_COURSES/course_1/ROS2_for_Beginners_Level2_TF_URDF_RVIZ_GAZEBO/build/my_robot_description' returned '0': CMAKE_PREFIX_PATH=${CMAKE_PREFIX_PATH}:/opt/ros/jazzy DEBUGINFOD_URLS=https://debuginfod.ubuntu.com /usr/bin/cmake --build /home/user/Desktop/ROS_COURSES/course_1/ROS2_for_Beginners_Level2_TF_URDF_RVIZ_GAZEBO/build/my_robot_description -- -j4 -l4
[0.680s] Invoking command in '/home/user/Desktop/ROS_COURSES/course_1/ROS2_for_Beginners_Level2_TF_URDF_RVIZ_GAZEBO/build/my_robot_description': CMAKE_PREFIX_PATH=${CMAKE_PREFIX_PATH}:/opt/ros/jazzy DEBUGINFOD_URLS=https://debuginfod.ubuntu.com /usr/bin/cmake --install /home/user/Desktop/ROS_COURSES/course_1/ROS2_for_Beginners_Level2_TF_URDF_RVIZ_GAZEBO/build/my_robot_description
[0.717s] -- Install configuration: ""
[0.719s] -- Up-to-date: /home/user/Desktop/ROS_COURSES/course_1/ROS2_for_Beginners_Level2_TF_URDF_RVIZ_GAZEBO/install/my_robot_description/share/my_robot_description//urdf
[0.719s] -- Up-to-date: /home/user/Desktop/ROS_COURSES/course_1/ROS2_for_Beginners_Level2_TF_URDF_RVIZ_GAZEBO/install/my_robot_description/share/my_robot_description//urdf/mobile_robot.urdf
[0.721s] -- Up-to-date: /home/user/Desktop/ROS_COURSES/course_1/ROS2_for_Beginners_Level2_TF_URDF_RVIZ_GAZEBO/install/my_robot_description/share/my_robot_description//urdf/my_robot.urdf
[0.723s] -- Installing: /home/user/Desktop/ROS_COURSES/course_1/ROS2_for_Beginners_Level2_TF_URDF_RVIZ_GAZEBO/install/my_robot_description/share/my_robot_description//launch
[0.723s] -- Installing: /home/user/Desktop/ROS_COURSES/course_1/ROS2_for_Beginners_Level2_TF_URDF_RVIZ_GAZEBO/install/my_robot_description/share/my_robot_description//launch/display.launch.xml
[0.724s] -- Up-to-date: /home/user/Desktop/ROS_COURSES/course_1/ROS2_for_Beginners_Level2_TF_URDF_RVIZ_GAZEBO/install/my_robot_description/share/ament_index/resource_index/package_run_dependencies/my_robot_description
[0.724s] -- Up-to-date: /home/user/Desktop/ROS_COURSES/course_1/ROS2_for_Beginners_Level2_TF_URDF_RVIZ_GAZEBO/install/my_robot_description/share/ament_index/resource_index/parent_prefix_path/my_robot_description
[0.724s] -- Up-to-date: /home/user/Desktop/ROS_COURSES/course_1/ROS2_for_Beginners_Level2_TF_URDF_RVIZ_GAZEBO/install/my_robot_description/share/my_robot_description/environment/ament_prefix_path.sh
[0.727s] -- Up-to-date: /home/user/Desktop/ROS_COURSES/course_1/ROS2_for_Beginners_Level2_TF_URDF_RVIZ_GAZEBO/install/my_robot_description/share/my_robot_description/environment/ament_prefix_path.dsv
[0.727s] -- Up-to-date: /home/user/Desktop/ROS_COURSES/course_1/ROS2_for_Beginners_Level2_TF_URDF_RVIZ_GAZEBO/install/my_robot_description/share/my_robot_description/environment/path.sh
[0.727s] -- Up-to-date: /home/user/Desktop/ROS_COURSES/course_1/ROS2_for_Beginners_Level2_TF_URDF_RVIZ_GAZEBO/install/my_robot_description/share/my_robot_description/environment/path.dsv
[0.727s] -- Up-to-date: /home/user/Desktop/ROS_COURSES/course_1/ROS2_for_Beginners_Level2_TF_URDF_RVIZ_GAZEBO/install/my_robot_description/share/my_robot_description/local_setup.bash
[0.728s] -- Up-to-date: /home/user/Desktop/ROS_COURSES/course_1/ROS2_for_Beginners_Level2_TF_URDF_RVIZ_GAZEBO/install/my_robot_description/share/my_robot_description/local_setup.sh
[0.728s] -- Up-to-date: /home/user/Desktop/ROS_COURSES/course_1/ROS2_for_Beginners_Level2_TF_URDF_RVIZ_GAZEBO/install/my_robot_description/share/my_robot_description/local_setup.zsh
[0.728s] -- Up-to-date: /home/user/Desktop/ROS_COURSES/course_1/ROS2_for_Beginners_Level2_TF_URDF_RVIZ_GAZEBO/install/my_robot_description/share/my_robot_description/local_setup.dsv
[0.729s] -- Up-to-date: /home/user/Desktop/ROS_COURSES/course_1/ROS2_for_Beginners_Level2_TF_URDF_RVIZ_GAZEBO/install/my_robot_description/share/my_robot_description/package.dsv
[0.729s] -- Up-to-date: /home/user/Desktop/ROS_COURSES/course_1/ROS2_for_Beginners_Level2_TF_URDF_RVIZ_GAZEBO/install/my_robot_description/share/ament_index/resource_index/packages/my_robot_description
[0.730s] -- Up-to-date: /home/user/Desktop/ROS_COURSES/course_1/ROS2_for_Beginners_Level2_TF_URDF_RVIZ_GAZEBO/install/my_robot_description/share/my_robot_description/cmake/my_robot_descriptionConfig.cmake
[0.730s] -- Up-to-date: /home/user/Desktop/ROS_COURSES/course_1/ROS2_for_Beginners_Level2_TF_URDF_RVIZ_GAZEBO/install/my_robot_description/share/my_robot_description/cmake/my_robot_descriptionConfig-version.cmake
[0.730s] -- Up-to-date: /home/user/Desktop/ROS_COURSES/course_1/ROS2_for_Beginners_Level2_TF_URDF_RVIZ_GAZEBO/install/my_robot_description/share/my_robot_description/package.xml
[0.732s] Invoked command in '/home/user/Desktop/ROS_COURSES/course_1/ROS2_for_Beginners_Level2_TF_URDF_RVIZ_GAZEBO/build/my_robot_description' returned '0': CMAKE_PREFIX_PATH=${CMAKE_PREFIX_PATH}:/opt/ros/jazzy DEBUGINFOD_URLS=https://debuginfod.ubuntu.com /usr/bin/cmake --install /home/user/Desktop/ROS_COURSES/course_1/ROS2_for_Beginners_Level2_TF_URDF_RVIZ_GAZEBO/build/my_robot_description
