[0.036s] Invoking command in '/home/user/Desktop/ROS_COURSES/course_1/ROS2_Level3_Advanced_Concept/build/my_robot_interfaces': CMAKE_PREFIX_PATH=${CMAKE_PREFIX_PATH}:/home/user/Desktop/ROS_COURSES/course_1/ROS2_Level3_Advanced_Concept/install/actions_py:/home/user/Desktop/ROS_COURSES/course_1/ROS2_Level3_Advanced_Concept/install/lifecycle_py:/opt/ros/jazzy DEBUGINFOD_URLS=https://debuginfod.ubuntu.com /usr/bin/cmake --build /home/user/Desktop/ROS_COURSES/course_1/ROS2_Level3_Advanced_Concept/build/my_robot_interfaces -- -j4 -l4
[0.423s] [  2%] Built target my_robot_interfaces__rosidl_generator_type_description
[0.424s] [  2%] Built target ament_cmake_python_copy_my_robot_interfaces
[0.424s] [  5%] Built target my_robot_interfaces__cpp
[0.424s] [ 20%] Built target my_robot_interfaces__rosidl_generator_c
[0.424s] [ 29%] Built target my_robot_interfaces__rosidl_typesupport_introspection_c
[0.424s] [ 38%] Built target my_robot_interfaces__rosidl_typesupport_cpp
[0.424s] [ 47%] Built target my_robot_interfaces__rosidl_typesupport_fastrtps_c
[0.424s] [ 55%] Built target my_robot_interfaces__rosidl_typesupport_fastrtps_cpp
[0.424s] [ 64%] Built target my_robot_interfaces__rosidl_typesupport_c
[0.424s] [ 73%] Built target my_robot_interfaces__rosidl_typesupport_introspection_cpp
[0.424s] [ 73%] Built target my_robot_interfaces
[0.424s] [ 76%] Built target my_robot_interfaces__py
[0.424s] [ 82%] Built target my_robot_interfaces__rosidl_generator_py
[0.424s] [ 88%] Built target my_robot_interfaces_s__rosidl_typesupport_fastrtps_c
[0.424s] [ 94%] Built target my_robot_interfaces_s__rosidl_typesupport_introspection_c
[0.425s] [100%] Built target my_robot_interfaces_s__rosidl_typesupport_c
[0.488s] running egg_info
[0.515s] writing my_robot_interfaces.egg-info/PKG-INFO
[0.516s] writing dependency_links to my_robot_interfaces.egg-info/dependency_links.txt
[0.516s] writing top-level names to my_robot_interfaces.egg-info/top_level.txt
[0.587s] reading manifest file 'my_robot_interfaces.egg-info/SOURCES.txt'
[0.588s] writing manifest file 'my_robot_interfaces.egg-info/SOURCES.txt'
[0.621s] [100%] Built target ament_cmake_python_build_my_robot_interfaces_egg
[0.633s] Invoked command in '/home/user/Desktop/ROS_COURSES/course_1/ROS2_Level3_Advanced_Concept/build/my_robot_interfaces' returned '0': CMAKE_PREFIX_PATH=${CMAKE_PREFIX_PATH}:/home/user/Desktop/ROS_COURSES/course_1/ROS2_Level3_Advanced_Concept/install/actions_py:/home/user/Desktop/ROS_COURSES/course_1/ROS2_Level3_Advanced_Concept/install/lifecycle_py:/opt/ros/jazzy DEBUGINFOD_URLS=https://debuginfod.ubuntu.com /usr/bin/cmake --build /home/user/Desktop/ROS_COURSES/course_1/ROS2_Level3_Advanced_Concept/build/my_robot_interfaces -- -j4 -l4
[0.634s] Invoking command in '/home/user/Desktop/ROS_COURSES/course_1/ROS2_Level3_Advanced_Concept/build/my_robot_interfaces': CMAKE_PREFIX_PATH=${CMAKE_PREFIX_PATH}:/home/user/Desktop/ROS_COURSES/course_1/ROS2_Level3_Advanced_Concept/install/actions_py:/home/user/Desktop/ROS_COURSES/course_1/ROS2_Level3_Advanced_Concept/install/lifecycle_py:/opt/ros/jazzy DEBUGINFOD_URLS=https://debuginfod.ubuntu.com /usr/bin/cmake --install /home/user/Desktop/ROS_COURSES/course_1/ROS2_Level3_Advanced_Concept/build/my_robot_interfaces
[0.643s] -- Install configuration: ""
[0.643s] -- Up-to-date: /home/user/Desktop/ROS_COURSES/course_1/ROS2_Level3_Advanced_Concept/install/my_robot_interfaces/share/ament_index/resource_index/rosidl_interfaces/my_robot_interfaces
[0.643s] -- Up-to-date: /home/user/Desktop/ROS_COURSES/course_1/ROS2_Level3_Advanced_Concept/install/my_robot_interfaces/share/my_robot_interfaces/action/CountUntil.json
[0.643s] -- Up-to-date: /home/user/Desktop/ROS_COURSES/course_1/ROS2_Level3_Advanced_Concept/install/my_robot_interfaces/include/my_robot_interfaces/my_robot_interfaces
[0.643s] -- Up-to-date: /home/user/Desktop/ROS_COURSES/course_1/ROS2_Level3_Advanced_Concept/install/my_robot_interfaces/include/my_robot_interfaces/my_robot_interfaces/msg
[0.644s] -- Up-to-date: /home/user/Desktop/ROS_COURSES/course_1/ROS2_Level3_Advanced_Concept/install/my_robot_interfaces/include/my_robot_interfaces/my_robot_interfaces/msg/rosidl_generator_c__visibility_control.h
[0.644s] -- Up-to-date: /home/user/Desktop/ROS_COURSES/course_1/ROS2_Level3_Advanced_Concept/install/my_robot_interfaces/include/my_robot_interfaces/my_robot_interfaces/action
[0.644s] -- Up-to-date: /home/user/Desktop/ROS_COURSES/course_1/ROS2_Level3_Advanced_Concept/install/my_robot_interfaces/include/my_robot_interfaces/my_robot_interfaces/action/detail
[0.644s] -- Up-to-date: /home/user/Desktop/ROS_COURSES/course_1/ROS2_Level3_Advanced_Concept/install/my_robot_interfaces/include/my_robot_interfaces/my_robot_interfaces/action/detail/count_until__type_support.h
[0.644s] -- Up-to-date: /home/user/Desktop/ROS_COURSES/course_1/ROS2_Level3_Advanced_Concept/install/my_robot_interfaces/include/my_robot_interfaces/my_robot_interfaces/action/detail/count_until__description.c
[0.644s] -- Up-to-date: /home/user/Desktop/ROS_COURSES/course_1/ROS2_Level3_Advanced_Concept/install/my_robot_interfaces/include/my_robot_interfaces/my_robot_interfaces/action/detail/count_until__functions.h
[0.644s] -- Up-to-date: /home/user/Desktop/ROS_COURSES/course_1/ROS2_Level3_Advanced_Concept/install/my_robot_interfaces/include/my_robot_interfaces/my_robot_interfaces/action/detail/count_until__struct.h
[0.644s] -- Up-to-date: /home/user/Desktop/ROS_COURSES/course_1/ROS2_Level3_Advanced_Concept/install/my_robot_interfaces/include/my_robot_interfaces/my_robot_interfaces/action/detail/count_until__type_support.c
[0.645s] -- Up-to-date: /home/user/Desktop/ROS_COURSES/course_1/ROS2_Level3_Advanced_Concept/install/my_robot_interfaces/include/my_robot_interfaces/my_robot_interfaces/action/detail/count_until__functions.c
[0.645s] -- Up-to-date: /home/user/Desktop/ROS_COURSES/course_1/ROS2_Level3_Advanced_Concept/install/my_robot_interfaces/include/my_robot_interfaces/my_robot_interfaces/action/count_until.h
[0.645s] -- Up-to-date: /home/user/Desktop/ROS_COURSES/course_1/ROS2_Level3_Advanced_Concept/install/my_robot_interfaces/share/my_robot_interfaces/environment/library_path.sh
[0.645s] -- Up-to-date: /home/user/Desktop/ROS_COURSES/course_1/ROS2_Level3_Advanced_Concept/install/my_robot_interfaces/share/my_robot_interfaces/environment/library_path.dsv
[0.645s] -- Up-to-date: /home/user/Desktop/ROS_COURSES/course_1/ROS2_Level3_Advanced_Concept/install/my_robot_interfaces/lib/libmy_robot_interfaces__rosidl_generator_c.so
[0.645s] -- Up-to-date: /home/user/Desktop/ROS_COURSES/course_1/ROS2_Level3_Advanced_Concept/install/my_robot_interfaces/include/my_robot_interfaces/my_robot_interfaces
[0.646s] -- Up-to-date: /home/user/Desktop/ROS_COURSES/course_1/ROS2_Level3_Advanced_Concept/install/my_robot_interfaces/include/my_robot_interfaces/my_robot_interfaces/msg
[0.646s] -- Up-to-date: /home/user/Desktop/ROS_COURSES/course_1/ROS2_Level3_Advanced_Concept/install/my_robot_interfaces/include/my_robot_interfaces/my_robot_interfaces/msg/rosidl_typesupport_fastrtps_c__visibility_control.h
[0.646s] -- Up-to-date: /home/user/Desktop/ROS_COURSES/course_1/ROS2_Level3_Advanced_Concept/install/my_robot_interfaces/include/my_robot_interfaces/my_robot_interfaces/action
[0.646s] -- Up-to-date: /home/user/Desktop/ROS_COURSES/course_1/ROS2_Level3_Advanced_Concept/install/my_robot_interfaces/include/my_robot_interfaces/my_robot_interfaces/action/detail
[0.646s] -- Up-to-date: /home/user/Desktop/ROS_COURSES/course_1/ROS2_Level3_Advanced_Concept/install/my_robot_interfaces/include/my_robot_interfaces/my_robot_interfaces/action/detail/count_until__rosidl_typesupport_fastrtps_c.h
[0.646s] -- Up-to-date: /home/user/Desktop/ROS_COURSES/course_1/ROS2_Level3_Advanced_Concept/install/my_robot_interfaces/lib/libmy_robot_interfaces__rosidl_typesupport_fastrtps_c.so
[0.646s] -- Up-to-date: /home/user/Desktop/ROS_COURSES/course_1/ROS2_Level3_Advanced_Concept/install/my_robot_interfaces/include/my_robot_interfaces/my_robot_interfaces
[0.647s] -- Up-to-date: /home/user/Desktop/ROS_COURSES/course_1/ROS2_Level3_Advanced_Concept/install/my_robot_interfaces/include/my_robot_interfaces/my_robot_interfaces/msg
[0.647s] -- Up-to-date: /home/user/Desktop/ROS_COURSES/course_1/ROS2_Level3_Advanced_Concept/install/my_robot_interfaces/include/my_robot_interfaces/my_robot_interfaces/msg/rosidl_typesupport_introspection_c__visibility_control.h
[0.647s] -- Up-to-date: /home/user/Desktop/ROS_COURSES/course_1/ROS2_Level3_Advanced_Concept/install/my_robot_interfaces/include/my_robot_interfaces/my_robot_interfaces/action
[0.647s] -- Up-to-date: /home/user/Desktop/ROS_COURSES/course_1/ROS2_Level3_Advanced_Concept/install/my_robot_interfaces/include/my_robot_interfaces/my_robot_interfaces/action/detail
[0.647s] -- Up-to-date: /home/user/Desktop/ROS_COURSES/course_1/ROS2_Level3_Advanced_Concept/install/my_robot_interfaces/include/my_robot_interfaces/my_robot_interfaces/action/detail/count_until__type_support.c
[0.647s] -- Up-to-date: /home/user/Desktop/ROS_COURSES/course_1/ROS2_Level3_Advanced_Concept/install/my_robot_interfaces/include/my_robot_interfaces/my_robot_interfaces/action/detail/count_until__rosidl_typesupport_introspection_c.h
[0.647s] -- Up-to-date: /home/user/Desktop/ROS_COURSES/course_1/ROS2_Level3_Advanced_Concept/install/my_robot_interfaces/lib/libmy_robot_interfaces__rosidl_typesupport_introspection_c.so
[0.647s] -- Up-to-date: /home/user/Desktop/ROS_COURSES/course_1/ROS2_Level3_Advanced_Concept/install/my_robot_interfaces/lib/libmy_robot_interfaces__rosidl_typesupport_c.so
[0.647s] -- Up-to-date: /home/user/Desktop/ROS_COURSES/course_1/ROS2_Level3_Advanced_Concept/install/my_robot_interfaces/include/my_robot_interfaces/my_robot_interfaces
[0.647s] -- Up-to-date: /home/user/Desktop/ROS_COURSES/course_1/ROS2_Level3_Advanced_Concept/install/my_robot_interfaces/include/my_robot_interfaces/my_robot_interfaces/msg
[0.648s] -- Up-to-date: /home/user/Desktop/ROS_COURSES/course_1/ROS2_Level3_Advanced_Concept/install/my_robot_interfaces/include/my_robot_interfaces/my_robot_interfaces/msg/rosidl_generator_cpp__visibility_control.hpp
[0.648s] -- Up-to-date: /home/user/Desktop/ROS_COURSES/course_1/ROS2_Level3_Advanced_Concept/install/my_robot_interfaces/include/my_robot_interfaces/my_robot_interfaces/action
[0.648s] -- Up-to-date: /home/user/Desktop/ROS_COURSES/course_1/ROS2_Level3_Advanced_Concept/install/my_robot_interfaces/include/my_robot_interfaces/my_robot_interfaces/action/detail
[0.648s] -- Up-to-date: /home/user/Desktop/ROS_COURSES/course_1/ROS2_Level3_Advanced_Concept/install/my_robot_interfaces/include/my_robot_interfaces/my_robot_interfaces/action/detail/count_until__builder.hpp
[0.648s] -- Up-to-date: /home/user/Desktop/ROS_COURSES/course_1/ROS2_Level3_Advanced_Concept/install/my_robot_interfaces/include/my_robot_interfaces/my_robot_interfaces/action/detail/count_until__traits.hpp
[0.648s] -- Up-to-date: /home/user/Desktop/ROS_COURSES/course_1/ROS2_Level3_Advanced_Concept/install/my_robot_interfaces/include/my_robot_interfaces/my_robot_interfaces/action/detail/count_until__type_support.hpp
[0.648s] -- Up-to-date: /home/user/Desktop/ROS_COURSES/course_1/ROS2_Level3_Advanced_Concept/install/my_robot_interfaces/include/my_robot_interfaces/my_robot_interfaces/action/detail/count_until__struct.hpp
[0.648s] -- Up-to-date: /home/user/Desktop/ROS_COURSES/course_1/ROS2_Level3_Advanced_Concept/install/my_robot_interfaces/include/my_robot_interfaces/my_robot_interfaces/action/count_until.hpp
[0.648s] -- Up-to-date: /home/user/Desktop/ROS_COURSES/course_1/ROS2_Level3_Advanced_Concept/install/my_robot_interfaces/include/my_robot_interfaces/my_robot_interfaces
[0.649s] -- Up-to-date: /home/user/Desktop/ROS_COURSES/course_1/ROS2_Level3_Advanced_Concept/install/my_robot_interfaces/include/my_robot_interfaces/my_robot_interfaces/msg
[0.649s] -- Up-to-date: /home/user/Desktop/ROS_COURSES/course_1/ROS2_Level3_Advanced_Concept/install/my_robot_interfaces/include/my_robot_interfaces/my_robot_interfaces/msg/rosidl_typesupport_fastrtps_cpp__visibility_control.h
[0.649s] -- Up-to-date: /home/user/Desktop/ROS_COURSES/course_1/ROS2_Level3_Advanced_Concept/install/my_robot_interfaces/include/my_robot_interfaces/my_robot_interfaces/action
[0.649s] -- Up-to-date: /home/user/Desktop/ROS_COURSES/course_1/ROS2_Level3_Advanced_Concept/install/my_robot_interfaces/include/my_robot_interfaces/my_robot_interfaces/action/detail
[0.649s] -- Up-to-date: /home/user/Desktop/ROS_COURSES/course_1/ROS2_Level3_Advanced_Concept/install/my_robot_interfaces/include/my_robot_interfaces/my_robot_interfaces/action/detail/count_until__rosidl_typesupport_fastrtps_cpp.hpp
[0.649s] -- Up-to-date: /home/user/Desktop/ROS_COURSES/course_1/ROS2_Level3_Advanced_Concept/install/my_robot_interfaces/include/my_robot_interfaces/my_robot_interfaces/action/detail/dds_fastrtps
[0.649s] -- Up-to-date: /home/user/Desktop/ROS_COURSES/course_1/ROS2_Level3_Advanced_Concept/install/my_robot_interfaces/lib/libmy_robot_interfaces__rosidl_typesupport_fastrtps_cpp.so
[0.649s] -- Up-to-date: /home/user/Desktop/ROS_COURSES/course_1/ROS2_Level3_Advanced_Concept/install/my_robot_interfaces/include/my_robot_interfaces/my_robot_interfaces
[0.649s] -- Up-to-date: /home/user/Desktop/ROS_COURSES/course_1/ROS2_Level3_Advanced_Concept/install/my_robot_interfaces/include/my_robot_interfaces/my_robot_interfaces/action
[0.650s] -- Up-to-date: /home/user/Desktop/ROS_COURSES/course_1/ROS2_Level3_Advanced_Concept/install/my_robot_interfaces/include/my_robot_interfaces/my_robot_interfaces/action/detail
[0.650s] -- Up-to-date: /home/user/Desktop/ROS_COURSES/course_1/ROS2_Level3_Advanced_Concept/install/my_robot_interfaces/include/my_robot_interfaces/my_robot_interfaces/action/detail/count_until__rosidl_typesupport_introspection_cpp.hpp
[0.650s] -- Up-to-date: /home/user/Desktop/ROS_COURSES/course_1/ROS2_Level3_Advanced_Concept/install/my_robot_interfaces/include/my_robot_interfaces/my_robot_interfaces/action/detail/count_until__type_support.cpp
[0.650s] -- Up-to-date: /home/user/Desktop/ROS_COURSES/course_1/ROS2_Level3_Advanced_Concept/install/my_robot_interfaces/lib/libmy_robot_interfaces__rosidl_typesupport_introspection_cpp.so
[0.650s] -- Up-to-date: /home/user/Desktop/ROS_COURSES/course_1/ROS2_Level3_Advanced_Concept/install/my_robot_interfaces/lib/libmy_robot_interfaces__rosidl_typesupport_cpp.so
[0.650s] -- Up-to-date: /home/user/Desktop/ROS_COURSES/course_1/ROS2_Level3_Advanced_Concept/install/my_robot_interfaces/share/my_robot_interfaces/environment/pythonpath.sh
[0.650s] -- Up-to-date: /home/user/Desktop/ROS_COURSES/course_1/ROS2_Level3_Advanced_Concept/install/my_robot_interfaces/share/my_robot_interfaces/environment/pythonpath.dsv
[0.650s] -- Up-to-date: /home/user/Desktop/ROS_COURSES/course_1/ROS2_Level3_Advanced_Concept/install/my_robot_interfaces/lib/python3.12/site-packages/my_robot_interfaces-0.0.0-py3.12.egg-info
[0.650s] -- Installing: /home/user/Desktop/ROS_COURSES/course_1/ROS2_Level3_Advanced_Concept/install/my_robot_interfaces/lib/python3.12/site-packages/my_robot_interfaces-0.0.0-py3.12.egg-info/dependency_links.txt
[0.650s] -- Installing: /home/user/Desktop/ROS_COURSES/course_1/ROS2_Level3_Advanced_Concept/install/my_robot_interfaces/lib/python3.12/site-packages/my_robot_interfaces-0.0.0-py3.12.egg-info/SOURCES.txt
[0.650s] -- Installing: /home/user/Desktop/ROS_COURSES/course_1/ROS2_Level3_Advanced_Concept/install/my_robot_interfaces/lib/python3.12/site-packages/my_robot_interfaces-0.0.0-py3.12.egg-info/PKG-INFO
[0.651s] -- Installing: /home/user/Desktop/ROS_COURSES/course_1/ROS2_Level3_Advanced_Concept/install/my_robot_interfaces/lib/python3.12/site-packages/my_robot_interfaces-0.0.0-py3.12.egg-info/top_level.txt
[0.651s] -- Up-to-date: /home/user/Desktop/ROS_COURSES/course_1/ROS2_Level3_Advanced_Concept/install/my_robot_interfaces/lib/python3.12/site-packages/my_robot_interfaces
[0.651s] -- Up-to-date: /home/user/Desktop/ROS_COURSES/course_1/ROS2_Level3_Advanced_Concept/install/my_robot_interfaces/lib/python3.12/site-packages/my_robot_interfaces/my_robot_interfaces_s__rosidl_typesupport_fastrtps_c.so
[0.651s] -- Up-to-date: /home/user/Desktop/ROS_COURSES/course_1/ROS2_Level3_Advanced_Concept/install/my_robot_interfaces/lib/python3.12/site-packages/my_robot_interfaces/my_robot_interfaces_s__rosidl_typesupport_c.so
[0.651s] -- Up-to-date: /home/user/Desktop/ROS_COURSES/course_1/ROS2_Level3_Advanced_Concept/install/my_robot_interfaces/lib/python3.12/site-packages/my_robot_interfaces/_my_robot_interfaces_s.ep.rosidl_typesupport_c.c
[0.651s] -- Up-to-date: /home/user/Desktop/ROS_COURSES/course_1/ROS2_Level3_Advanced_Concept/install/my_robot_interfaces/lib/python3.12/site-packages/my_robot_interfaces/__init__.py
[0.651s] -- Up-to-date: /home/user/Desktop/ROS_COURSES/course_1/ROS2_Level3_Advanced_Concept/install/my_robot_interfaces/lib/python3.12/site-packages/my_robot_interfaces/action
[0.651s] -- Up-to-date: /home/user/Desktop/ROS_COURSES/course_1/ROS2_Level3_Advanced_Concept/install/my_robot_interfaces/lib/python3.12/site-packages/my_robot_interfaces/action/_count_until.py
[0.651s] -- Up-to-date: /home/user/Desktop/ROS_COURSES/course_1/ROS2_Level3_Advanced_Concept/install/my_robot_interfaces/lib/python3.12/site-packages/my_robot_interfaces/action/__init__.py
[0.651s] -- Up-to-date: /home/user/Desktop/ROS_COURSES/course_1/ROS2_Level3_Advanced_Concept/install/my_robot_interfaces/lib/python3.12/site-packages/my_robot_interfaces/action/_count_until_s.c
[0.652s] -- Up-to-date: /home/user/Desktop/ROS_COURSES/course_1/ROS2_Level3_Advanced_Concept/install/my_robot_interfaces/lib/python3.12/site-packages/my_robot_interfaces/_my_robot_interfaces_s.ep.rosidl_typesupport_fastrtps_c.c
[0.652s] -- Up-to-date: /home/user/Desktop/ROS_COURSES/course_1/ROS2_Level3_Advanced_Concept/install/my_robot_interfaces/lib/python3.12/site-packages/my_robot_interfaces/my_robot_interfaces_s__rosidl_typesupport_introspection_c.so
[0.652s] -- Up-to-date: /home/user/Desktop/ROS_COURSES/course_1/ROS2_Level3_Advanced_Concept/install/my_robot_interfaces/lib/python3.12/site-packages/my_robot_interfaces/_my_robot_interfaces_s.ep.rosidl_typesupport_introspection_c.c
[0.685s] Listing '/home/user/Desktop/ROS_COURSES/course_1/ROS2_Level3_Advanced_Concept/install/my_robot_interfaces/lib/python3.12/site-packages/my_robot_interfaces'...
[0.685s] Listing '/home/user/Desktop/ROS_COURSES/course_1/ROS2_Level3_Advanced_Concept/install/my_robot_interfaces/lib/python3.12/site-packages/my_robot_interfaces/action'...
[0.691s] -- Up-to-date: /home/user/Desktop/ROS_COURSES/course_1/ROS2_Level3_Advanced_Concept/install/my_robot_interfaces/lib/python3.12/site-packages/my_robot_interfaces/my_robot_interfaces_s__rosidl_typesupport_fastrtps_c.so
[0.691s] -- Up-to-date: /home/user/Desktop/ROS_COURSES/course_1/ROS2_Level3_Advanced_Concept/install/my_robot_interfaces/lib/python3.12/site-packages/my_robot_interfaces/my_robot_interfaces_s__rosidl_typesupport_introspection_c.so
[0.692s] -- Up-to-date: /home/user/Desktop/ROS_COURSES/course_1/ROS2_Level3_Advanced_Concept/install/my_robot_interfaces/lib/python3.12/site-packages/my_robot_interfaces/my_robot_interfaces_s__rosidl_typesupport_c.so
[0.692s] -- Up-to-date: /home/user/Desktop/ROS_COURSES/course_1/ROS2_Level3_Advanced_Concept/install/my_robot_interfaces/lib/libmy_robot_interfaces__rosidl_generator_py.so
[0.692s] -- Up-to-date: /home/user/Desktop/ROS_COURSES/course_1/ROS2_Level3_Advanced_Concept/install/my_robot_interfaces/share/my_robot_interfaces/action/CountUntil.idl
[0.692s] -- Up-to-date: /home/user/Desktop/ROS_COURSES/course_1/ROS2_Level3_Advanced_Concept/install/my_robot_interfaces/share/my_robot_interfaces/action/CountUntil.action
[0.692s] -- Up-to-date: /home/user/Desktop/ROS_COURSES/course_1/ROS2_Level3_Advanced_Concept/install/my_robot_interfaces/share/ament_index/resource_index/package_run_dependencies/my_robot_interfaces
[0.693s] -- Up-to-date: /home/user/Desktop/ROS_COURSES/course_1/ROS2_Level3_Advanced_Concept/install/my_robot_interfaces/share/ament_index/resource_index/parent_prefix_path/my_robot_interfaces
[0.693s] -- Up-to-date: /home/user/Desktop/ROS_COURSES/course_1/ROS2_Level3_Advanced_Concept/install/my_robot_interfaces/share/my_robot_interfaces/environment/ament_prefix_path.sh
[0.693s] -- Up-to-date: /home/user/Desktop/ROS_COURSES/course_1/ROS2_Level3_Advanced_Concept/install/my_robot_interfaces/share/my_robot_interfaces/environment/ament_prefix_path.dsv
[0.693s] -- Up-to-date: /home/user/Desktop/ROS_COURSES/course_1/ROS2_Level3_Advanced_Concept/install/my_robot_interfaces/share/my_robot_interfaces/environment/path.sh
[0.693s] -- Up-to-date: /home/user/Desktop/ROS_COURSES/course_1/ROS2_Level3_Advanced_Concept/install/my_robot_interfaces/share/my_robot_interfaces/environment/path.dsv
[0.693s] -- Up-to-date: /home/user/Desktop/ROS_COURSES/course_1/ROS2_Level3_Advanced_Concept/install/my_robot_interfaces/share/my_robot_interfaces/local_setup.bash
[0.693s] -- Up-to-date: /home/user/Desktop/ROS_COURSES/course_1/ROS2_Level3_Advanced_Concept/install/my_robot_interfaces/share/my_robot_interfaces/local_setup.sh
[0.694s] -- Up-to-date: /home/user/Desktop/ROS_COURSES/course_1/ROS2_Level3_Advanced_Concept/install/my_robot_interfaces/share/my_robot_interfaces/local_setup.zsh
[0.694s] -- Up-to-date: /home/user/Desktop/ROS_COURSES/course_1/ROS2_Level3_Advanced_Concept/install/my_robot_interfaces/share/my_robot_interfaces/local_setup.dsv
[0.694s] -- Installing: /home/user/Desktop/ROS_COURSES/course_1/ROS2_Level3_Advanced_Concept/install/my_robot_interfaces/share/my_robot_interfaces/package.dsv
[0.694s] -- Up-to-date: /home/user/Desktop/ROS_COURSES/course_1/ROS2_Level3_Advanced_Concept/install/my_robot_interfaces/share/ament_index/resource_index/packages/my_robot_interfaces
[0.694s] -- Up-to-date: /home/user/Desktop/ROS_COURSES/course_1/ROS2_Level3_Advanced_Concept/install/my_robot_interfaces/share/my_robot_interfaces/cmake/export_my_robot_interfaces__rosidl_generator_cExport.cmake
[0.695s] -- Up-to-date: /home/user/Desktop/ROS_COURSES/course_1/ROS2_Level3_Advanced_Concept/install/my_robot_interfaces/share/my_robot_interfaces/cmake/export_my_robot_interfaces__rosidl_generator_cExport-noconfig.cmake
[0.695s] -- Up-to-date: /home/user/Desktop/ROS_COURSES/course_1/ROS2_Level3_Advanced_Concept/install/my_robot_interfaces/share/my_robot_interfaces/cmake/export_my_robot_interfaces__rosidl_typesupport_fastrtps_cExport.cmake
[0.695s] -- Up-to-date: /home/user/Desktop/ROS_COURSES/course_1/ROS2_Level3_Advanced_Concept/install/my_robot_interfaces/share/my_robot_interfaces/cmake/export_my_robot_interfaces__rosidl_typesupport_fastrtps_cExport-noconfig.cmake
[0.695s] -- Up-to-date: /home/user/Desktop/ROS_COURSES/course_1/ROS2_Level3_Advanced_Concept/install/my_robot_interfaces/share/my_robot_interfaces/cmake/my_robot_interfaces__rosidl_typesupport_introspection_cExport.cmake
[0.695s] -- Up-to-date: /home/user/Desktop/ROS_COURSES/course_1/ROS2_Level3_Advanced_Concept/install/my_robot_interfaces/share/my_robot_interfaces/cmake/my_robot_interfaces__rosidl_typesupport_introspection_cExport-noconfig.cmake
[0.696s] -- Up-to-date: /home/user/Desktop/ROS_COURSES/course_1/ROS2_Level3_Advanced_Concept/install/my_robot_interfaces/share/my_robot_interfaces/cmake/my_robot_interfaces__rosidl_typesupport_cExport.cmake
[0.696s] -- Up-to-date: /home/user/Desktop/ROS_COURSES/course_1/ROS2_Level3_Advanced_Concept/install/my_robot_interfaces/share/my_robot_interfaces/cmake/my_robot_interfaces__rosidl_typesupport_cExport-noconfig.cmake
[0.696s] -- Up-to-date: /home/user/Desktop/ROS_COURSES/course_1/ROS2_Level3_Advanced_Concept/install/my_robot_interfaces/share/my_robot_interfaces/cmake/export_my_robot_interfaces__rosidl_generator_cppExport.cmake
[0.696s] -- Up-to-date: /home/user/Desktop/ROS_COURSES/course_1/ROS2_Level3_Advanced_Concept/install/my_robot_interfaces/share/my_robot_interfaces/cmake/export_my_robot_interfaces__rosidl_typesupport_fastrtps_cppExport.cmake
[0.696s] -- Up-to-date: /home/user/Desktop/ROS_COURSES/course_1/ROS2_Level3_Advanced_Concept/install/my_robot_interfaces/share/my_robot_interfaces/cmake/export_my_robot_interfaces__rosidl_typesupport_fastrtps_cppExport-noconfig.cmake
[0.696s] -- Up-to-date: /home/user/Desktop/ROS_COURSES/course_1/ROS2_Level3_Advanced_Concept/install/my_robot_interfaces/share/my_robot_interfaces/cmake/my_robot_interfaces__rosidl_typesupport_introspection_cppExport.cmake
[0.696s] -- Up-to-date: /home/user/Desktop/ROS_COURSES/course_1/ROS2_Level3_Advanced_Concept/install/my_robot_interfaces/share/my_robot_interfaces/cmake/my_robot_interfaces__rosidl_typesupport_introspection_cppExport-noconfig.cmake
[0.696s] -- Up-to-date: /home/user/Desktop/ROS_COURSES/course_1/ROS2_Level3_Advanced_Concept/install/my_robot_interfaces/share/my_robot_interfaces/cmake/my_robot_interfaces__rosidl_typesupport_cppExport.cmake
[0.696s] -- Up-to-date: /home/user/Desktop/ROS_COURSES/course_1/ROS2_Level3_Advanced_Concept/install/my_robot_interfaces/share/my_robot_interfaces/cmake/my_robot_interfaces__rosidl_typesupport_cppExport-noconfig.cmake
[0.696s] -- Up-to-date: /home/user/Desktop/ROS_COURSES/course_1/ROS2_Level3_Advanced_Concept/install/my_robot_interfaces/share/my_robot_interfaces/cmake/export_my_robot_interfaces__rosidl_generator_pyExport.cmake
[0.697s] -- Up-to-date: /home/user/Desktop/ROS_COURSES/course_1/ROS2_Level3_Advanced_Concept/install/my_robot_interfaces/share/my_robot_interfaces/cmake/export_my_robot_interfaces__rosidl_generator_pyExport-noconfig.cmake
[0.697s] -- Up-to-date: /home/user/Desktop/ROS_COURSES/course_1/ROS2_Level3_Advanced_Concept/install/my_robot_interfaces/share/my_robot_interfaces/cmake/rosidl_cmake-extras.cmake
[0.697s] -- Up-to-date: /home/user/Desktop/ROS_COURSES/course_1/ROS2_Level3_Advanced_Concept/install/my_robot_interfaces/share/my_robot_interfaces/cmake/ament_cmake_export_dependencies-extras.cmake
[0.697s] -- Up-to-date: /home/user/Desktop/ROS_COURSES/course_1/ROS2_Level3_Advanced_Concept/install/my_robot_interfaces/share/my_robot_interfaces/cmake/ament_cmake_export_include_directories-extras.cmake
[0.697s] -- Up-to-date: /home/user/Desktop/ROS_COURSES/course_1/ROS2_Level3_Advanced_Concept/install/my_robot_interfaces/share/my_robot_interfaces/cmake/ament_cmake_export_libraries-extras.cmake
[0.697s] -- Up-to-date: /home/user/Desktop/ROS_COURSES/course_1/ROS2_Level3_Advanced_Concept/install/my_robot_interfaces/share/my_robot_interfaces/cmake/ament_cmake_export_targets-extras.cmake
[0.697s] -- Up-to-date: /home/user/Desktop/ROS_COURSES/course_1/ROS2_Level3_Advanced_Concept/install/my_robot_interfaces/share/my_robot_interfaces/cmake/rosidl_cmake_export_typesupport_targets-extras.cmake
[0.697s] -- Up-to-date: /home/user/Desktop/ROS_COURSES/course_1/ROS2_Level3_Advanced_Concept/install/my_robot_interfaces/share/my_robot_interfaces/cmake/rosidl_cmake_export_typesupport_libraries-extras.cmake
[0.697s] -- Up-to-date: /home/user/Desktop/ROS_COURSES/course_1/ROS2_Level3_Advanced_Concept/install/my_robot_interfaces/share/my_robot_interfaces/cmake/my_robot_interfacesConfig.cmake
[0.697s] -- Up-to-date: /home/user/Desktop/ROS_COURSES/course_1/ROS2_Level3_Advanced_Concept/install/my_robot_interfaces/share/my_robot_interfaces/cmake/my_robot_interfacesConfig-version.cmake
[0.698s] -- Up-to-date: /home/user/Desktop/ROS_COURSES/course_1/ROS2_Level3_Advanced_Concept/install/my_robot_interfaces/share/my_robot_interfaces/package.xml
[0.698s] Invoked command in '/home/user/Desktop/ROS_COURSES/course_1/ROS2_Level3_Advanced_Concept/build/my_robot_interfaces' returned '0': CMAKE_PREFIX_PATH=${CMAKE_PREFIX_PATH}:/home/user/Desktop/ROS_COURSES/course_1/ROS2_Level3_Advanced_Concept/install/actions_py:/home/user/Desktop/ROS_COURSES/course_1/ROS2_Level3_Advanced_Concept/install/lifecycle_py:/opt/ros/jazzy DEBUGINFOD_URLS=https://debuginfod.ubuntu.com /usr/bin/cmake --install /home/user/Desktop/ROS_COURSES/course_1/ROS2_Level3_Advanced_Concept/build/my_robot_interfaces
