[2.291s] Invoking command in '/home/user/Desktop/ROS_COURSES/course_1/ROS2_Level3_Advanced_Concept/src/actions_py': CMAKE_PREFIX_PATH=/home/user/Desktop/ROS_COURSES/course_1/ROS2_Level3_Advanced_Concept/install/my_robot_interfaces:/home/user/Desktop/ROS_COURSES/course_1/ROS2_Level3_Advanced_Concept/install/actions_cpp:/opt/ros/jazzy/opt/gz_sim_vendor:/opt/ros/jazzy/opt/gz_sensors_vendor:/opt/ros/jazzy/opt/gz_physics_vendor:/opt/ros/jazzy/opt/sdformat_vendor:/opt/ros/jazzy/opt/gz_gui_vendor:/opt/ros/jazzy/opt/gz_transport_vendor:/opt/ros/jazzy/opt/gz_rendering_vendor:/opt/ros/jazzy/opt/gz_plugin_vendor:/opt/ros/jazzy/opt/gz_fuel_tools_vendor:/opt/ros/jazzy/opt/gz_msgs_vendor:/opt/ros/jazzy/opt/gz_common_vendor:/opt/ros/jazzy/opt/gz_math_vendor:/opt/ros/jazzy/opt/gz_utils_vendor:/opt/ros/jazzy/opt/gz_tools_vendor:/opt/ros/jazzy/opt/gz_ogre_next_vendor:/opt/ros/jazzy/opt/gz_dartsim_vendor:/opt/ros/jazzy/opt/gz_cmake_vendor DEBUGINFOD_URLS=https://debuginfod.ubuntu.com PYTHONPATH=/home/user/Desktop/ROS_COURSES/course_1/ROS2_Level3_Advanced_Concept/build/actions_py/prefix_override:/usr/lib/python3/dist-packages/colcon_core/task/python/colcon_distutils_commands:/home/user/Desktop/ROS_COURSES/course_1/ROS2_Level3_Advanced_Concept/install/actions_py/lib/python3.12/site-packages:/home/user/Desktop/ROS_COURSES/course_1/ROS2_Level3_Advanced_Concept/install/my_robot_interfaces/lib/python3.12/site-packages:/home/user/Desktop/ROS_COURSES/course_1/ROS2_Level3_Advanced_Concept/install/actions_py/lib/python3.12/site-packages:/opt/ros/jazzy/lib/python3.12/site-packages /usr/bin/python3 -W ignore:setup.py install is deprecated -W ignore:easy_install command is deprecated setup.py egg_info --egg-base ../../build/actions_py build --build-base /home/user/Desktop/ROS_COURSES/course_1/ROS2_Level3_Advanced_Concept/build/actions_py/build install --record /home/user/Desktop/ROS_COURSES/course_1/ROS2_Level3_Advanced_Concept/build/actions_py/install.log --single-version-externally-managed install_data
[2.950s] running egg_info
[3.005s] writing ../../build/actions_py/actions_py.egg-info/PKG-INFO
[3.017s] writing dependency_links to ../../build/actions_py/actions_py.egg-info/dependency_links.txt
[3.017s] writing entry points to ../../build/actions_py/actions_py.egg-info/entry_points.txt
[3.017s] writing requirements to ../../build/actions_py/actions_py.egg-info/requires.txt
[3.017s] writing top-level names to ../../build/actions_py/actions_py.egg-info/top_level.txt
[3.130s] reading manifest file '../../build/actions_py/actions_py.egg-info/SOURCES.txt'
[3.133s] writing manifest file '../../build/actions_py/actions_py.egg-info/SOURCES.txt'
[3.133s] running build
[3.133s] running build_py
[3.135s] running install
[3.149s] running install_lib
[3.207s] running install_data
[3.208s] running install_egg_info
[3.265s] removing '/home/user/Desktop/ROS_COURSES/course_1/ROS2_Level3_Advanced_Concept/install/actions_py/lib/python3.12/site-packages/actions_py-0.0.0-py3.12.egg-info' (and everything under it)
[3.265s] Copying ../../build/actions_py/actions_py.egg-info to /home/user/Desktop/ROS_COURSES/course_1/ROS2_Level3_Advanced_Concept/install/actions_py/lib/python3.12/site-packages/actions_py-0.0.0-py3.12.egg-info
[3.270s] running install_scripts
[3.578s] Installing count_until_client script to /home/user/Desktop/ROS_COURSES/course_1/ROS2_Level3_Advanced_Concept/install/actions_py/lib/actions_py
[3.580s] Installing count_until_server script to /home/user/Desktop/ROS_COURSES/course_1/ROS2_Level3_Advanced_Concept/install/actions_py/lib/actions_py
[3.581s] writing list of installed files to '/home/user/Desktop/ROS_COURSES/course_1/ROS2_Level3_Advanced_Concept/build/actions_py/install.log'
[3.644s] Invoked command in '/home/user/Desktop/ROS_COURSES/course_1/ROS2_Level3_Advanced_Concept/src/actions_py' returned '0': CMAKE_PREFIX_PATH=/home/user/Desktop/ROS_COURSES/course_1/ROS2_Level3_Advanced_Concept/install/my_robot_interfaces:/home/user/Desktop/ROS_COURSES/course_1/ROS2_Level3_Advanced_Concept/install/actions_cpp:/opt/ros/jazzy/opt/gz_sim_vendor:/opt/ros/jazzy/opt/gz_sensors_vendor:/opt/ros/jazzy/opt/gz_physics_vendor:/opt/ros/jazzy/opt/sdformat_vendor:/opt/ros/jazzy/opt/gz_gui_vendor:/opt/ros/jazzy/opt/gz_transport_vendor:/opt/ros/jazzy/opt/gz_rendering_vendor:/opt/ros/jazzy/opt/gz_plugin_vendor:/opt/ros/jazzy/opt/gz_fuel_tools_vendor:/opt/ros/jazzy/opt/gz_msgs_vendor:/opt/ros/jazzy/opt/gz_common_vendor:/opt/ros/jazzy/opt/gz_math_vendor:/opt/ros/jazzy/opt/gz_utils_vendor:/opt/ros/jazzy/opt/gz_tools_vendor:/opt/ros/jazzy/opt/gz_ogre_next_vendor:/opt/ros/jazzy/opt/gz_dartsim_vendor:/opt/ros/jazzy/opt/gz_cmake_vendor DEBUGINFOD_URLS=https://debuginfod.ubuntu.com PYTHONPATH=/home/user/Desktop/ROS_COURSES/course_1/ROS2_Level3_Advanced_Concept/build/actions_py/prefix_override:/usr/lib/python3/dist-packages/colcon_core/task/python/colcon_distutils_commands:/home/user/Desktop/ROS_COURSES/course_1/ROS2_Level3_Advanced_Concept/install/actions_py/lib/python3.12/site-packages:/home/user/Desktop/ROS_COURSES/course_1/ROS2_Level3_Advanced_Concept/install/my_robot_interfaces/lib/python3.12/site-packages:/home/user/Desktop/ROS_COURSES/course_1/ROS2_Level3_Advanced_Concept/install/actions_py/lib/python3.12/site-packages:/opt/ros/jazzy/lib/python3.12/site-packages /usr/bin/python3 -W ignore:setup.py install is deprecated -W ignore:easy_install command is deprecated setup.py egg_info --egg-base ../../build/actions_py build --build-base /home/user/Desktop/ROS_COURSES/course_1/ROS2_Level3_Advanced_Concept/build/actions_py/build install --record /home/user/Desktop/ROS_COURSES/course_1/ROS2_Level3_Advanced_Concept/build/actions_py/install.log --single-version-externally-managed install_data
