[0.057s] Invoking command in '/home/user/Desktop/ROS_COURSES/course_1/ROS2_Level3_Advanced_Concept/build/my_robot_interfaces': CMAKE_PREFIX_PATH=${CMAKE_PREFIX_PATH}:/home/user/Desktop/ROS_COURSES/course_1/ROS2_Level3_Advanced_Concept/install/actions_py:/opt/ros/jazzy DEBUGINFOD_URLS=https://debuginfod.ubuntu.com /usr/bin/cmake --build /home/user/Desktop/ROS_COURSES/course_1/ROS2_Level3_Advanced_Concept/build/my_robot_interfaces -- -j4 -l4
[0.581s] [  2%] Built target my_robot_interfaces__rosidl_generator_type_description
[0.582s] [  2%] Built target ament_cmake_python_copy_my_robot_interfaces
[0.582s] [  5%] Built target my_robot_interfaces__cpp
[0.582s] [ 20%] Built target my_robot_interfaces__rosidl_generator_c
[0.582s] [ 29%] Built target my_robot_interfaces__rosidl_typesupport_fastrtps_c
[0.582s] [ 38%] Built target my_robot_interfaces__rosidl_typesupport_introspection_c
[0.582s] [ 47%] Built target my_robot_interfaces__rosidl_typesupport_cpp
[0.583s] [ 55%] Built target my_robot_interfaces__rosidl_typesupport_c
[0.583s] [ 64%] Built target my_robot_interfaces__rosidl_typesupport_fastrtps_cpp
[0.583s] [ 73%] Built target my_robot_interfaces__rosidl_typesupport_introspection_cpp
[0.583s] [ 73%] Built target my_robot_interfaces
[0.583s] [ 76%] Built target my_robot_interfaces__py
[0.583s] [ 82%] Built target my_robot_interfaces__rosidl_generator_py
[0.625s] [ 88%] Built target my_robot_interfaces_s__rosidl_typesupport_c
[0.633s] [ 94%] Built target my_robot_interfaces_s__rosidl_typesupport_introspection_c
[0.635s] [100%] Built target my_robot_interfaces_s__rosidl_typesupport_fastrtps_c
[0.844s] running egg_info
[0.892s] writing my_robot_interfaces.egg-info/PKG-INFO
[0.895s] writing dependency_links to my_robot_interfaces.egg-info/dependency_links.txt
[0.895s] writing top-level names to my_robot_interfaces.egg-info/top_level.txt
[1.064s] reading manifest file 'my_robot_interfaces.egg-info/SOURCES.txt'
[1.067s] writing manifest file 'my_robot_interfaces.egg-info/SOURCES.txt'
[1.134s] [100%] Built target ament_cmake_python_build_my_robot_interfaces_egg
[1.165s] Invoked command in '/home/user/Desktop/ROS_COURSES/course_1/ROS2_Level3_Advanced_Concept/build/my_robot_interfaces' returned '0': CMAKE_PREFIX_PATH=${CMAKE_PREFIX_PATH}:/home/user/Desktop/ROS_COURSES/course_1/ROS2_Level3_Advanced_Concept/install/actions_py:/opt/ros/jazzy DEBUGINFOD_URLS=https://debuginfod.ubuntu.com /usr/bin/cmake --build /home/user/Desktop/ROS_COURSES/course_1/ROS2_Level3_Advanced_Concept/build/my_robot_interfaces -- -j4 -l4
[1.187s] Invoking command in '/home/user/Desktop/ROS_COURSES/course_1/ROS2_Level3_Advanced_Concept/build/my_robot_interfaces': CMAKE_PREFIX_PATH=${CMAKE_PREFIX_PATH}:/home/user/Desktop/ROS_COURSES/course_1/ROS2_Level3_Advanced_Concept/install/actions_py:/opt/ros/jazzy DEBUGINFOD_URLS=https://debuginfod.ubuntu.com /usr/bin/cmake --install /home/user/Desktop/ROS_COURSES/course_1/ROS2_Level3_Advanced_Concept/build/my_robot_interfaces
[1.201s] -- Install configuration: ""
[1.202s] -- Up-to-date: /home/user/Desktop/ROS_COURSES/course_1/ROS2_Level3_Advanced_Concept/install/my_robot_interfaces/share/ament_index/resource_index/rosidl_interfaces/my_robot_interfaces
[1.203s] -- Up-to-date: /home/user/Desktop/ROS_COURSES/course_1/ROS2_Level3_Advanced_Concept/install/my_robot_interfaces/share/my_robot_interfaces/action/CountUntil.json
[1.204s] -- Up-to-date: /home/user/Desktop/ROS_COURSES/course_1/ROS2_Level3_Advanced_Concept/install/my_robot_interfaces/include/my_robot_interfaces/my_robot_interfaces
[1.204s] -- Up-to-date: /home/user/Desktop/ROS_COURSES/course_1/ROS2_Level3_Advanced_Concept/install/my_robot_interfaces/include/my_robot_interfaces/my_robot_interfaces/msg
[1.205s] -- Up-to-date: /home/user/Desktop/ROS_COURSES/course_1/ROS2_Level3_Advanced_Concept/install/my_robot_interfaces/include/my_robot_interfaces/my_robot_interfaces/msg/rosidl_generator_c__visibility_control.h
[1.205s] -- Up-to-date: /home/user/Desktop/ROS_COURSES/course_1/ROS2_Level3_Advanced_Concept/install/my_robot_interfaces/include/my_robot_interfaces/my_robot_interfaces/action
[1.206s] -- Up-to-date: /home/user/Desktop/ROS_COURSES/course_1/ROS2_Level3_Advanced_Concept/install/my_robot_interfaces/include/my_robot_interfaces/my_robot_interfaces/action/detail
[1.207s] -- Up-to-date: /home/user/Desktop/ROS_COURSES/course_1/ROS2_Level3_Advanced_Concept/install/my_robot_interfaces/include/my_robot_interfaces/my_robot_interfaces/action/detail/count_until__type_support.h
[1.207s] -- Up-to-date: /home/user/Desktop/ROS_COURSES/course_1/ROS2_Level3_Advanced_Concept/install/my_robot_interfaces/include/my_robot_interfaces/my_robot_interfaces/action/detail/count_until__description.c
[1.207s] -- Up-to-date: /home/user/Desktop/ROS_COURSES/course_1/ROS2_Level3_Advanced_Concept/install/my_robot_interfaces/include/my_robot_interfaces/my_robot_interfaces/action/detail/count_until__functions.h
[1.207s] -- Up-to-date: /home/user/Desktop/ROS_COURSES/course_1/ROS2_Level3_Advanced_Concept/install/my_robot_interfaces/include/my_robot_interfaces/my_robot_interfaces/action/detail/count_until__struct.h
[1.207s] -- Up-to-date: /home/user/Desktop/ROS_COURSES/course_1/ROS2_Level3_Advanced_Concept/install/my_robot_interfaces/include/my_robot_interfaces/my_robot_interfaces/action/detail/count_until__type_support.c
[1.207s] -- Up-to-date: /home/user/Desktop/ROS_COURSES/course_1/ROS2_Level3_Advanced_Concept/install/my_robot_interfaces/include/my_robot_interfaces/my_robot_interfaces/action/detail/count_until__functions.c
[1.207s] -- Up-to-date: /home/user/Desktop/ROS_COURSES/course_1/ROS2_Level3_Advanced_Concept/install/my_robot_interfaces/include/my_robot_interfaces/my_robot_interfaces/action/count_until.h
[1.208s] -- Up-to-date: /home/user/Desktop/ROS_COURSES/course_1/ROS2_Level3_Advanced_Concept/install/my_robot_interfaces/share/my_robot_interfaces/environment/library_path.sh
[1.211s] -- Up-to-date: /home/user/Desktop/ROS_COURSES/course_1/ROS2_Level3_Advanced_Concept/install/my_robot_interfaces/share/my_robot_interfaces/environment/library_path.dsv
[1.212s] -- Up-to-date: /home/user/Desktop/ROS_COURSES/course_1/ROS2_Level3_Advanced_Concept/install/my_robot_interfaces/lib/libmy_robot_interfaces__rosidl_generator_c.so
[1.213s] -- Up-to-date: /home/user/Desktop/ROS_COURSES/course_1/ROS2_Level3_Advanced_Concept/install/my_robot_interfaces/include/my_robot_interfaces/my_robot_interfaces
[1.214s] -- Up-to-date: /home/user/Desktop/ROS_COURSES/course_1/ROS2_Level3_Advanced_Concept/install/my_robot_interfaces/include/my_robot_interfaces/my_robot_interfaces/msg
[1.216s] -- Up-to-date: /home/user/Desktop/ROS_COURSES/course_1/ROS2_Level3_Advanced_Concept/install/my_robot_interfaces/include/my_robot_interfaces/my_robot_interfaces/msg/rosidl_typesupport_fastrtps_c__visibility_control.h
[1.216s] -- Up-to-date: /home/user/Desktop/ROS_COURSES/course_1/ROS2_Level3_Advanced_Concept/install/my_robot_interfaces/include/my_robot_interfaces/my_robot_interfaces/action
[1.216s] -- Up-to-date: /home/user/Desktop/ROS_COURSES/course_1/ROS2_Level3_Advanced_Concept/install/my_robot_interfaces/include/my_robot_interfaces/my_robot_interfaces/action/detail
[1.217s] -- Up-to-date: /home/user/Desktop/ROS_COURSES/course_1/ROS2_Level3_Advanced_Concept/install/my_robot_interfaces/include/my_robot_interfaces/my_robot_interfaces/action/detail/count_until__rosidl_typesupport_fastrtps_c.h
[1.218s] -- Up-to-date: /home/user/Desktop/ROS_COURSES/course_1/ROS2_Level3_Advanced_Concept/install/my_robot_interfaces/lib/libmy_robot_interfaces__rosidl_typesupport_fastrtps_c.so
[1.220s] -- Up-to-date: /home/user/Desktop/ROS_COURSES/course_1/ROS2_Level3_Advanced_Concept/install/my_robot_interfaces/include/my_robot_interfaces/my_robot_interfaces
[1.225s] -- Up-to-date: /home/user/Desktop/ROS_COURSES/course_1/ROS2_Level3_Advanced_Concept/install/my_robot_interfaces/include/my_robot_interfaces/my_robot_interfaces/msg
[1.226s] -- Up-to-date: /home/user/Desktop/ROS_COURSES/course_1/ROS2_Level3_Advanced_Concept/install/my_robot_interfaces/include/my_robot_interfaces/my_robot_interfaces/msg/rosidl_typesupport_introspection_c__visibility_control.h
[1.227s] -- Up-to-date: /home/user/Desktop/ROS_COURSES/course_1/ROS2_Level3_Advanced_Concept/install/my_robot_interfaces/include/my_robot_interfaces/my_robot_interfaces/action
[1.227s] -- Up-to-date: /home/user/Desktop/ROS_COURSES/course_1/ROS2_Level3_Advanced_Concept/install/my_robot_interfaces/include/my_robot_interfaces/my_robot_interfaces/action/detail
[1.227s] -- Up-to-date: /home/user/Desktop/ROS_COURSES/course_1/ROS2_Level3_Advanced_Concept/install/my_robot_interfaces/include/my_robot_interfaces/my_robot_interfaces/action/detail/count_until__type_support.c
[1.227s] -- Up-to-date: /home/user/Desktop/ROS_COURSES/course_1/ROS2_Level3_Advanced_Concept/install/my_robot_interfaces/include/my_robot_interfaces/my_robot_interfaces/action/detail/count_until__rosidl_typesupport_introspection_c.h
[1.228s] -- Up-to-date: /home/user/Desktop/ROS_COURSES/course_1/ROS2_Level3_Advanced_Concept/install/my_robot_interfaces/lib/libmy_robot_interfaces__rosidl_typesupport_introspection_c.so
[1.229s] -- Up-to-date: /home/user/Desktop/ROS_COURSES/course_1/ROS2_Level3_Advanced_Concept/install/my_robot_interfaces/lib/libmy_robot_interfaces__rosidl_typesupport_c.so
[1.232s] -- Up-to-date: /home/user/Desktop/ROS_COURSES/course_1/ROS2_Level3_Advanced_Concept/install/my_robot_interfaces/include/my_robot_interfaces/my_robot_interfaces
[1.233s] -- Up-to-date: /home/user/Desktop/ROS_COURSES/course_1/ROS2_Level3_Advanced_Concept/install/my_robot_interfaces/include/my_robot_interfaces/my_robot_interfaces/msg
[1.234s] -- Up-to-date: /home/user/Desktop/ROS_COURSES/course_1/ROS2_Level3_Advanced_Concept/install/my_robot_interfaces/include/my_robot_interfaces/my_robot_interfaces/msg/rosidl_generator_cpp__visibility_control.hpp
[1.234s] -- Up-to-date: /home/user/Desktop/ROS_COURSES/course_1/ROS2_Level3_Advanced_Concept/install/my_robot_interfaces/include/my_robot_interfaces/my_robot_interfaces/action
[1.234s] -- Up-to-date: /home/user/Desktop/ROS_COURSES/course_1/ROS2_Level3_Advanced_Concept/install/my_robot_interfaces/include/my_robot_interfaces/my_robot_interfaces/action/detail
[1.234s] -- Up-to-date: /home/user/Desktop/ROS_COURSES/course_1/ROS2_Level3_Advanced_Concept/install/my_robot_interfaces/include/my_robot_interfaces/my_robot_interfaces/action/detail/count_until__builder.hpp
[1.234s] -- Up-to-date: /home/user/Desktop/ROS_COURSES/course_1/ROS2_Level3_Advanced_Concept/install/my_robot_interfaces/include/my_robot_interfaces/my_robot_interfaces/action/detail/count_until__traits.hpp
[1.235s] -- Up-to-date: /home/user/Desktop/ROS_COURSES/course_1/ROS2_Level3_Advanced_Concept/install/my_robot_interfaces/include/my_robot_interfaces/my_robot_interfaces/action/detail/count_until__type_support.hpp
[1.235s] -- Up-to-date: /home/user/Desktop/ROS_COURSES/course_1/ROS2_Level3_Advanced_Concept/install/my_robot_interfaces/include/my_robot_interfaces/my_robot_interfaces/action/detail/count_until__struct.hpp
[1.235s] -- Up-to-date: /home/user/Desktop/ROS_COURSES/course_1/ROS2_Level3_Advanced_Concept/install/my_robot_interfaces/include/my_robot_interfaces/my_robot_interfaces/action/count_until.hpp
[1.236s] -- Up-to-date: /home/user/Desktop/ROS_COURSES/course_1/ROS2_Level3_Advanced_Concept/install/my_robot_interfaces/include/my_robot_interfaces/my_robot_interfaces
[1.236s] -- Up-to-date: /home/user/Desktop/ROS_COURSES/course_1/ROS2_Level3_Advanced_Concept/install/my_robot_interfaces/include/my_robot_interfaces/my_robot_interfaces/msg
[1.236s] -- Up-to-date: /home/user/Desktop/ROS_COURSES/course_1/ROS2_Level3_Advanced_Concept/install/my_robot_interfaces/include/my_robot_interfaces/my_robot_interfaces/msg/rosidl_typesupport_fastrtps_cpp__visibility_control.h
[1.236s] -- Up-to-date: /home/user/Desktop/ROS_COURSES/course_1/ROS2_Level3_Advanced_Concept/install/my_robot_interfaces/include/my_robot_interfaces/my_robot_interfaces/action
[1.237s] -- Up-to-date: /home/user/Desktop/ROS_COURSES/course_1/ROS2_Level3_Advanced_Concept/install/my_robot_interfaces/include/my_robot_interfaces/my_robot_interfaces/action/detail
[1.237s] -- Up-to-date: /home/user/Desktop/ROS_COURSES/course_1/ROS2_Level3_Advanced_Concept/install/my_robot_interfaces/include/my_robot_interfaces/my_robot_interfaces/action/detail/count_until__rosidl_typesupport_fastrtps_cpp.hpp
[1.237s] -- Up-to-date: /home/user/Desktop/ROS_COURSES/course_1/ROS2_Level3_Advanced_Concept/install/my_robot_interfaces/include/my_robot_interfaces/my_robot_interfaces/action/detail/dds_fastrtps
[1.237s] -- Up-to-date: /home/user/Desktop/ROS_COURSES/course_1/ROS2_Level3_Advanced_Concept/install/my_robot_interfaces/lib/libmy_robot_interfaces__rosidl_typesupport_fastrtps_cpp.so
[1.238s] -- Up-to-date: /home/user/Desktop/ROS_COURSES/course_1/ROS2_Level3_Advanced_Concept/install/my_robot_interfaces/include/my_robot_interfaces/my_robot_interfaces
[1.238s] -- Up-to-date: /home/user/Desktop/ROS_COURSES/course_1/ROS2_Level3_Advanced_Concept/install/my_robot_interfaces/include/my_robot_interfaces/my_robot_interfaces/action
[1.238s] -- Up-to-date: /home/user/Desktop/ROS_COURSES/course_1/ROS2_Level3_Advanced_Concept/install/my_robot_interfaces/include/my_robot_interfaces/my_robot_interfaces/action/detail
[1.239s] -- Up-to-date: /home/user/Desktop/ROS_COURSES/course_1/ROS2_Level3_Advanced_Concept/install/my_robot_interfaces/include/my_robot_interfaces/my_robot_interfaces/action/detail/count_until__rosidl_typesupport_introspection_cpp.hpp
[1.239s] -- Up-to-date: /home/user/Desktop/ROS_COURSES/course_1/ROS2_Level3_Advanced_Concept/install/my_robot_interfaces/include/my_robot_interfaces/my_robot_interfaces/action/detail/count_until__type_support.cpp
[1.239s] -- Up-to-date: /home/user/Desktop/ROS_COURSES/course_1/ROS2_Level3_Advanced_Concept/install/my_robot_interfaces/lib/libmy_robot_interfaces__rosidl_typesupport_introspection_cpp.so
[1.242s] -- Up-to-date: /home/user/Desktop/ROS_COURSES/course_1/ROS2_Level3_Advanced_Concept/install/my_robot_interfaces/lib/libmy_robot_interfaces__rosidl_typesupport_cpp.so
[1.242s] -- Up-to-date: /home/user/Desktop/ROS_COURSES/course_1/ROS2_Level3_Advanced_Concept/install/my_robot_interfaces/share/my_robot_interfaces/environment/pythonpath.sh
[1.243s] -- Up-to-date: /home/user/Desktop/ROS_COURSES/course_1/ROS2_Level3_Advanced_Concept/install/my_robot_interfaces/share/my_robot_interfaces/environment/pythonpath.dsv
[1.243s] -- Up-to-date: /home/user/Desktop/ROS_COURSES/course_1/ROS2_Level3_Advanced_Concept/install/my_robot_interfaces/lib/python3.12/site-packages/my_robot_interfaces-0.0.0-py3.12.egg-info
[1.247s] -- Installing: /home/user/Desktop/ROS_COURSES/course_1/ROS2_Level3_Advanced_Concept/install/my_robot_interfaces/lib/python3.12/site-packages/my_robot_interfaces-0.0.0-py3.12.egg-info/dependency_links.txt
[1.248s] -- Installing: /home/user/Desktop/ROS_COURSES/course_1/ROS2_Level3_Advanced_Concept/install/my_robot_interfaces/lib/python3.12/site-packages/my_robot_interfaces-0.0.0-py3.12.egg-info/SOURCES.txt
[1.249s] -- Installing: /home/user/Desktop/ROS_COURSES/course_1/ROS2_Level3_Advanced_Concept/install/my_robot_interfaces/lib/python3.12/site-packages/my_robot_interfaces-0.0.0-py3.12.egg-info/PKG-INFO
[1.250s] -- Installing: /home/user/Desktop/ROS_COURSES/course_1/ROS2_Level3_Advanced_Concept/install/my_robot_interfaces/lib/python3.12/site-packages/my_robot_interfaces-0.0.0-py3.12.egg-info/top_level.txt
[1.250s] -- Up-to-date: /home/user/Desktop/ROS_COURSES/course_1/ROS2_Level3_Advanced_Concept/install/my_robot_interfaces/lib/python3.12/site-packages/my_robot_interfaces
[1.250s] -- Up-to-date: /home/user/Desktop/ROS_COURSES/course_1/ROS2_Level3_Advanced_Concept/install/my_robot_interfaces/lib/python3.12/site-packages/my_robot_interfaces/my_robot_interfaces_s__rosidl_typesupport_fastrtps_c.so
[1.250s] -- Up-to-date: /home/user/Desktop/ROS_COURSES/course_1/ROS2_Level3_Advanced_Concept/install/my_robot_interfaces/lib/python3.12/site-packages/my_robot_interfaces/my_robot_interfaces_s__rosidl_typesupport_c.so
[1.250s] -- Up-to-date: /home/user/Desktop/ROS_COURSES/course_1/ROS2_Level3_Advanced_Concept/install/my_robot_interfaces/lib/python3.12/site-packages/my_robot_interfaces/_my_robot_interfaces_s.ep.rosidl_typesupport_c.c
[1.250s] -- Up-to-date: /home/user/Desktop/ROS_COURSES/course_1/ROS2_Level3_Advanced_Concept/install/my_robot_interfaces/lib/python3.12/site-packages/my_robot_interfaces/__init__.py
[1.251s] -- Up-to-date: /home/user/Desktop/ROS_COURSES/course_1/ROS2_Level3_Advanced_Concept/install/my_robot_interfaces/lib/python3.12/site-packages/my_robot_interfaces/action
[1.251s] -- Up-to-date: /home/user/Desktop/ROS_COURSES/course_1/ROS2_Level3_Advanced_Concept/install/my_robot_interfaces/lib/python3.12/site-packages/my_robot_interfaces/action/_count_until.py
[1.251s] -- Up-to-date: /home/user/Desktop/ROS_COURSES/course_1/ROS2_Level3_Advanced_Concept/install/my_robot_interfaces/lib/python3.12/site-packages/my_robot_interfaces/action/__init__.py
[1.251s] -- Up-to-date: /home/user/Desktop/ROS_COURSES/course_1/ROS2_Level3_Advanced_Concept/install/my_robot_interfaces/lib/python3.12/site-packages/my_robot_interfaces/action/_count_until_s.c
[1.251s] -- Up-to-date: /home/user/Desktop/ROS_COURSES/course_1/ROS2_Level3_Advanced_Concept/install/my_robot_interfaces/lib/python3.12/site-packages/my_robot_interfaces/_my_robot_interfaces_s.ep.rosidl_typesupport_fastrtps_c.c
[1.251s] -- Up-to-date: /home/user/Desktop/ROS_COURSES/course_1/ROS2_Level3_Advanced_Concept/install/my_robot_interfaces/lib/python3.12/site-packages/my_robot_interfaces/my_robot_interfaces_s__rosidl_typesupport_introspection_c.so
[1.252s] -- Up-to-date: /home/user/Desktop/ROS_COURSES/course_1/ROS2_Level3_Advanced_Concept/install/my_robot_interfaces/lib/python3.12/site-packages/my_robot_interfaces/_my_robot_interfaces_s.ep.rosidl_typesupport_introspection_c.c
[1.329s] Listing '/home/user/Desktop/ROS_COURSES/course_1/ROS2_Level3_Advanced_Concept/install/my_robot_interfaces/lib/python3.12/site-packages/my_robot_interfaces'...
[1.329s] Listing '/home/user/Desktop/ROS_COURSES/course_1/ROS2_Level3_Advanced_Concept/install/my_robot_interfaces/lib/python3.12/site-packages/my_robot_interfaces/action'...
[1.345s] -- Up-to-date: /home/user/Desktop/ROS_COURSES/course_1/ROS2_Level3_Advanced_Concept/install/my_robot_interfaces/lib/python3.12/site-packages/my_robot_interfaces/my_robot_interfaces_s__rosidl_typesupport_fastrtps_c.so
[1.350s] -- Up-to-date: /home/user/Desktop/ROS_COURSES/course_1/ROS2_Level3_Advanced_Concept/install/my_robot_interfaces/lib/python3.12/site-packages/my_robot_interfaces/my_robot_interfaces_s__rosidl_typesupport_introspection_c.so
[1.355s] -- Up-to-date: /home/user/Desktop/ROS_COURSES/course_1/ROS2_Level3_Advanced_Concept/install/my_robot_interfaces/lib/python3.12/site-packages/my_robot_interfaces/my_robot_interfaces_s__rosidl_typesupport_c.so
[1.356s] -- Up-to-date: /home/user/Desktop/ROS_COURSES/course_1/ROS2_Level3_Advanced_Concept/install/my_robot_interfaces/lib/libmy_robot_interfaces__rosidl_generator_py.so
[1.356s] -- Up-to-date: /home/user/Desktop/ROS_COURSES/course_1/ROS2_Level3_Advanced_Concept/install/my_robot_interfaces/share/my_robot_interfaces/action/CountUntil.idl
[1.357s] -- Up-to-date: /home/user/Desktop/ROS_COURSES/course_1/ROS2_Level3_Advanced_Concept/install/my_robot_interfaces/share/my_robot_interfaces/action/CountUntil.action
[1.357s] -- Up-to-date: /home/user/Desktop/ROS_COURSES/course_1/ROS2_Level3_Advanced_Concept/install/my_robot_interfaces/share/ament_index/resource_index/package_run_dependencies/my_robot_interfaces
[1.358s] -- Up-to-date: /home/user/Desktop/ROS_COURSES/course_1/ROS2_Level3_Advanced_Concept/install/my_robot_interfaces/share/ament_index/resource_index/parent_prefix_path/my_robot_interfaces
[1.359s] -- Up-to-date: /home/user/Desktop/ROS_COURSES/course_1/ROS2_Level3_Advanced_Concept/install/my_robot_interfaces/share/my_robot_interfaces/environment/ament_prefix_path.sh
[1.359s] -- Up-to-date: /home/user/Desktop/ROS_COURSES/course_1/ROS2_Level3_Advanced_Concept/install/my_robot_interfaces/share/my_robot_interfaces/environment/ament_prefix_path.dsv
[1.359s] -- Up-to-date: /home/user/Desktop/ROS_COURSES/course_1/ROS2_Level3_Advanced_Concept/install/my_robot_interfaces/share/my_robot_interfaces/environment/path.sh
[1.359s] -- Up-to-date: /home/user/Desktop/ROS_COURSES/course_1/ROS2_Level3_Advanced_Concept/install/my_robot_interfaces/share/my_robot_interfaces/environment/path.dsv
[1.360s] -- Up-to-date: /home/user/Desktop/ROS_COURSES/course_1/ROS2_Level3_Advanced_Concept/install/my_robot_interfaces/share/my_robot_interfaces/local_setup.bash
[1.360s] -- Up-to-date: /home/user/Desktop/ROS_COURSES/course_1/ROS2_Level3_Advanced_Concept/install/my_robot_interfaces/share/my_robot_interfaces/local_setup.sh
[1.360s] -- Up-to-date: /home/user/Desktop/ROS_COURSES/course_1/ROS2_Level3_Advanced_Concept/install/my_robot_interfaces/share/my_robot_interfaces/local_setup.zsh
[1.360s] -- Up-to-date: /home/user/Desktop/ROS_COURSES/course_1/ROS2_Level3_Advanced_Concept/install/my_robot_interfaces/share/my_robot_interfaces/local_setup.dsv
[1.360s] -- Installing: /home/user/Desktop/ROS_COURSES/course_1/ROS2_Level3_Advanced_Concept/install/my_robot_interfaces/share/my_robot_interfaces/package.dsv
[1.361s] -- Up-to-date: /home/user/Desktop/ROS_COURSES/course_1/ROS2_Level3_Advanced_Concept/install/my_robot_interfaces/share/ament_index/resource_index/packages/my_robot_interfaces
[1.364s] -- Up-to-date: /home/user/Desktop/ROS_COURSES/course_1/ROS2_Level3_Advanced_Concept/install/my_robot_interfaces/share/my_robot_interfaces/cmake/export_my_robot_interfaces__rosidl_generator_cExport.cmake
[1.364s] -- Up-to-date: /home/user/Desktop/ROS_COURSES/course_1/ROS2_Level3_Advanced_Concept/install/my_robot_interfaces/share/my_robot_interfaces/cmake/export_my_robot_interfaces__rosidl_generator_cExport-noconfig.cmake
[1.366s] -- Up-to-date: /home/user/Desktop/ROS_COURSES/course_1/ROS2_Level3_Advanced_Concept/install/my_robot_interfaces/share/my_robot_interfaces/cmake/export_my_robot_interfaces__rosidl_typesupport_fastrtps_cExport.cmake
[1.366s] -- Up-to-date: /home/user/Desktop/ROS_COURSES/course_1/ROS2_Level3_Advanced_Concept/install/my_robot_interfaces/share/my_robot_interfaces/cmake/export_my_robot_interfaces__rosidl_typesupport_fastrtps_cExport-noconfig.cmake
[1.367s] -- Up-to-date: /home/user/Desktop/ROS_COURSES/course_1/ROS2_Level3_Advanced_Concept/install/my_robot_interfaces/share/my_robot_interfaces/cmake/my_robot_interfaces__rosidl_typesupport_introspection_cExport.cmake
[1.367s] -- Up-to-date: /home/user/Desktop/ROS_COURSES/course_1/ROS2_Level3_Advanced_Concept/install/my_robot_interfaces/share/my_robot_interfaces/cmake/my_robot_interfaces__rosidl_typesupport_introspection_cExport-noconfig.cmake
[1.368s] -- Up-to-date: /home/user/Desktop/ROS_COURSES/course_1/ROS2_Level3_Advanced_Concept/install/my_robot_interfaces/share/my_robot_interfaces/cmake/my_robot_interfaces__rosidl_typesupport_cExport.cmake
[1.368s] -- Up-to-date: /home/user/Desktop/ROS_COURSES/course_1/ROS2_Level3_Advanced_Concept/install/my_robot_interfaces/share/my_robot_interfaces/cmake/my_robot_interfaces__rosidl_typesupport_cExport-noconfig.cmake
[1.371s] -- Up-to-date: /home/user/Desktop/ROS_COURSES/course_1/ROS2_Level3_Advanced_Concept/install/my_robot_interfaces/share/my_robot_interfaces/cmake/export_my_robot_interfaces__rosidl_generator_cppExport.cmake
[1.372s] -- Up-to-date: /home/user/Desktop/ROS_COURSES/course_1/ROS2_Level3_Advanced_Concept/install/my_robot_interfaces/share/my_robot_interfaces/cmake/export_my_robot_interfaces__rosidl_typesupport_fastrtps_cppExport.cmake
[1.372s] -- Up-to-date: /home/user/Desktop/ROS_COURSES/course_1/ROS2_Level3_Advanced_Concept/install/my_robot_interfaces/share/my_robot_interfaces/cmake/export_my_robot_interfaces__rosidl_typesupport_fastrtps_cppExport-noconfig.cmake
[1.373s] -- Up-to-date: /home/user/Desktop/ROS_COURSES/course_1/ROS2_Level3_Advanced_Concept/install/my_robot_interfaces/share/my_robot_interfaces/cmake/my_robot_interfaces__rosidl_typesupport_introspection_cppExport.cmake
[1.373s] -- Up-to-date: /home/user/Desktop/ROS_COURSES/course_1/ROS2_Level3_Advanced_Concept/install/my_robot_interfaces/share/my_robot_interfaces/cmake/my_robot_interfaces__rosidl_typesupport_introspection_cppExport-noconfig.cmake
[1.374s] -- Up-to-date: /home/user/Desktop/ROS_COURSES/course_1/ROS2_Level3_Advanced_Concept/install/my_robot_interfaces/share/my_robot_interfaces/cmake/my_robot_interfaces__rosidl_typesupport_cppExport.cmake
[1.375s] -- Up-to-date: /home/user/Desktop/ROS_COURSES/course_1/ROS2_Level3_Advanced_Concept/install/my_robot_interfaces/share/my_robot_interfaces/cmake/my_robot_interfaces__rosidl_typesupport_cppExport-noconfig.cmake
[1.377s] -- Up-to-date: /home/user/Desktop/ROS_COURSES/course_1/ROS2_Level3_Advanced_Concept/install/my_robot_interfaces/share/my_robot_interfaces/cmake/export_my_robot_interfaces__rosidl_generator_pyExport.cmake
[1.377s] -- Up-to-date: /home/user/Desktop/ROS_COURSES/course_1/ROS2_Level3_Advanced_Concept/install/my_robot_interfaces/share/my_robot_interfaces/cmake/export_my_robot_interfaces__rosidl_generator_pyExport-noconfig.cmake
[1.377s] -- Up-to-date: /home/user/Desktop/ROS_COURSES/course_1/ROS2_Level3_Advanced_Concept/install/my_robot_interfaces/share/my_robot_interfaces/cmake/rosidl_cmake-extras.cmake
[1.378s] -- Up-to-date: /home/user/Desktop/ROS_COURSES/course_1/ROS2_Level3_Advanced_Concept/install/my_robot_interfaces/share/my_robot_interfaces/cmake/ament_cmake_export_dependencies-extras.cmake
[1.378s] -- Up-to-date: /home/user/Desktop/ROS_COURSES/course_1/ROS2_Level3_Advanced_Concept/install/my_robot_interfaces/share/my_robot_interfaces/cmake/ament_cmake_export_include_directories-extras.cmake
[1.378s] -- Up-to-date: /home/user/Desktop/ROS_COURSES/course_1/ROS2_Level3_Advanced_Concept/install/my_robot_interfaces/share/my_robot_interfaces/cmake/ament_cmake_export_libraries-extras.cmake
[1.378s] -- Up-to-date: /home/user/Desktop/ROS_COURSES/course_1/ROS2_Level3_Advanced_Concept/install/my_robot_interfaces/share/my_robot_interfaces/cmake/ament_cmake_export_targets-extras.cmake
[1.378s] -- Up-to-date: /home/user/Desktop/ROS_COURSES/course_1/ROS2_Level3_Advanced_Concept/install/my_robot_interfaces/share/my_robot_interfaces/cmake/rosidl_cmake_export_typesupport_targets-extras.cmake
[1.378s] -- Up-to-date: /home/user/Desktop/ROS_COURSES/course_1/ROS2_Level3_Advanced_Concept/install/my_robot_interfaces/share/my_robot_interfaces/cmake/rosidl_cmake_export_typesupport_libraries-extras.cmake
[1.378s] -- Up-to-date: /home/user/Desktop/ROS_COURSES/course_1/ROS2_Level3_Advanced_Concept/install/my_robot_interfaces/share/my_robot_interfaces/cmake/my_robot_interfacesConfig.cmake
[1.379s] -- Up-to-date: /home/user/Desktop/ROS_COURSES/course_1/ROS2_Level3_Advanced_Concept/install/my_robot_interfaces/share/my_robot_interfaces/cmake/my_robot_interfacesConfig-version.cmake
[1.379s] -- Up-to-date: /home/user/Desktop/ROS_COURSES/course_1/ROS2_Level3_Advanced_Concept/install/my_robot_interfaces/share/my_robot_interfaces/package.xml
[1.381s] Invoked command in '/home/user/Desktop/ROS_COURSES/course_1/ROS2_Level3_Advanced_Concept/build/my_robot_interfaces' returned '0': CMAKE_PREFIX_PATH=${CMAKE_PREFIX_PATH}:/home/user/Desktop/ROS_COURSES/course_1/ROS2_Level3_Advanced_Concept/install/actions_py:/opt/ros/jazzy DEBUGINFOD_URLS=https://debuginfod.ubuntu.com /usr/bin/cmake --install /home/user/Desktop/ROS_COURSES/course_1/ROS2_Level3_Advanced_Concept/build/my_robot_interfaces
