[0.015s] Invoking command in '/home/user/Desktop/ROS_COURSES/course_1/ROS2_Nav2_with_SLAM_and_Navigation/build/my_robot_bringup': CMAKE_PREFIX_PATH=${CMAKE_PREFIX_PATH}:/opt/ros/jazzy DEBUGINFOD_URLS=https://debuginfod.ubuntu.com /usr/bin/cmake /home/user/Desktop/ROS_COURSES/course_1/ROS2_Nav2_with_SLAM_and_Navigation/src/my_robot_bringup -DCMAKE_INSTALL_PREFIX=/home/user/Desktop/ROS_COURSES/course_1/ROS2_Nav2_with_SLAM_and_Navigation/install/my_robot_bringup
[0.159s] -- The C compiler identification is GNU 13.3.0
[0.285s] -- The CXX compiler identification is GNU 13.3.0
[0.309s] -- Detecting C compiler ABI info
[0.397s] -- Detecting C compiler ABI info - done
[0.407s] -- Check for working C compiler: /usr/bin/cc - skipped
[0.408s] -- Detecting C compile features
[0.409s] -- Detecting C compile features - done
[0.555s] -- Detecting CXX compiler ABI info
[0.654s] -- Detecting CXX compiler ABI info - done
[0.670s] -- Check for working CXX compiler: /usr/bin/c++ - skipped
[0.670s] -- Detecting CXX compile features
[0.671s] -- Detecting CXX compile features - done
[0.686s] -- Found ament_cmake: 2.5.4 (/opt/ros/jazzy/share/ament_cmake/cmake)
[0.861s] -- Found Python3: /usr/bin/python3 (found version "3.12.3") found components: Interpreter 
[1.136s] -- Configuring done (1.1s)
[1.139s] -- Generating done (0.0s)
[1.141s] -- Build files have been written to: /home/user/Desktop/ROS_COURSES/course_1/ROS2_Nav2_with_SLAM_and_Navigation/build/my_robot_bringup
[1.145s] Invoked command in '/home/user/Desktop/ROS_COURSES/course_1/ROS2_Nav2_with_SLAM_and_Navigation/build/my_robot_bringup' returned '0': CMAKE_PREFIX_PATH=${CMAKE_PREFIX_PATH}:/opt/ros/jazzy DEBUGINFOD_URLS=https://debuginfod.ubuntu.com /usr/bin/cmake /home/user/Desktop/ROS_COURSES/course_1/ROS2_Nav2_with_SLAM_and_Navigation/src/my_robot_bringup -DCMAKE_INSTALL_PREFIX=/home/user/Desktop/ROS_COURSES/course_1/ROS2_Nav2_with_SLAM_and_Navigation/install/my_robot_bringup
[1.146s] Invoking command in '/home/user/Desktop/ROS_COURSES/course_1/ROS2_Nav2_with_SLAM_and_Navigation/build/my_robot_bringup': CMAKE_PREFIX_PATH=${CMAKE_PREFIX_PATH}:/opt/ros/jazzy DEBUGINFOD_URLS=https://debuginfod.ubuntu.com /usr/bin/cmake --build /home/user/Desktop/ROS_COURSES/course_1/ROS2_Nav2_with_SLAM_and_Navigation/build/my_robot_bringup -- -j4 -l4
[1.185s] Invoked command in '/home/user/Desktop/ROS_COURSES/course_1/ROS2_Nav2_with_SLAM_and_Navigation/build/my_robot_bringup' returned '0': CMAKE_PREFIX_PATH=${CMAKE_PREFIX_PATH}:/opt/ros/jazzy DEBUGINFOD_URLS=https://debuginfod.ubuntu.com /usr/bin/cmake --build /home/user/Desktop/ROS_COURSES/course_1/ROS2_Nav2_with_SLAM_and_Navigation/build/my_robot_bringup -- -j4 -l4
[1.194s] Invoking command in '/home/user/Desktop/ROS_COURSES/course_1/ROS2_Nav2_with_SLAM_and_Navigation/build/my_robot_bringup': CMAKE_PREFIX_PATH=${CMAKE_PREFIX_PATH}:/opt/ros/jazzy DEBUGINFOD_URLS=https://debuginfod.ubuntu.com /usr/bin/cmake --install /home/user/Desktop/ROS_COURSES/course_1/ROS2_Nav2_with_SLAM_and_Navigation/build/my_robot_bringup
[1.206s] -- Install configuration: ""
[1.206s] -- Installing: /home/user/Desktop/ROS_COURSES/course_1/ROS2_Nav2_with_SLAM_and_Navigation/install/my_robot_bringup/share/my_robot_bringup//launch
[1.207s] -- Installing: /home/user/Desktop/ROS_COURSES/course_1/ROS2_Nav2_with_SLAM_and_Navigation/install/my_robot_bringup/share/my_robot_bringup//launch/arm_gazebo_launch.xml
[1.207s] -- Installing: /home/user/Desktop/ROS_COURSES/course_1/ROS2_Nav2_with_SLAM_and_Navigation/install/my_robot_bringup/share/my_robot_bringup//launch/my_robot_gazebo.launch.xml
[1.207s] -- Installing: /home/user/Desktop/ROS_COURSES/course_1/ROS2_Nav2_with_SLAM_and_Navigation/install/my_robot_bringup/share/my_robot_bringup//config
[1.207s] -- Installing: /home/user/Desktop/ROS_COURSES/course_1/ROS2_Nav2_with_SLAM_and_Navigation/install/my_robot_bringup/share/my_robot_bringup//config/gazebo_bridge.yaml
[1.207s] -- Installing: /home/user/Desktop/ROS_COURSES/course_1/ROS2_Nav2_with_SLAM_and_Navigation/install/my_robot_bringup/share/my_robot_bringup//worlds
[1.207s] -- Installing: /home/user/Desktop/ROS_COURSES/course_1/ROS2_Nav2_with_SLAM_and_Navigation/install/my_robot_bringup/share/my_robot_bringup//worlds/my_world.sdf
[1.208s] -- Installing: /home/user/Desktop/ROS_COURSES/course_1/ROS2_Nav2_with_SLAM_and_Navigation/install/my_robot_bringup/share/ament_index/resource_index/package_run_dependencies/my_robot_bringup
[1.208s] -- Installing: /home/user/Desktop/ROS_COURSES/course_1/ROS2_Nav2_with_SLAM_and_Navigation/install/my_robot_bringup/share/ament_index/resource_index/parent_prefix_path/my_robot_bringup
[1.208s] -- Installing: /home/user/Desktop/ROS_COURSES/course_1/ROS2_Nav2_with_SLAM_and_Navigation/install/my_robot_bringup/share/my_robot_bringup/environment/ament_prefix_path.sh
[1.208s] -- Installing: /home/user/Desktop/ROS_COURSES/course_1/ROS2_Nav2_with_SLAM_and_Navigation/install/my_robot_bringup/share/my_robot_bringup/environment/ament_prefix_path.dsv
[1.208s] -- Installing: /home/user/Desktop/ROS_COURSES/course_1/ROS2_Nav2_with_SLAM_and_Navigation/install/my_robot_bringup/share/my_robot_bringup/environment/path.sh
[1.209s] -- Installing: /home/user/Desktop/ROS_COURSES/course_1/ROS2_Nav2_with_SLAM_and_Navigation/install/my_robot_bringup/share/my_robot_bringup/environment/path.dsv
[1.209s] -- Installing: /home/user/Desktop/ROS_COURSES/course_1/ROS2_Nav2_with_SLAM_and_Navigation/install/my_robot_bringup/share/my_robot_bringup/local_setup.bash
[1.209s] -- Installing: /home/user/Desktop/ROS_COURSES/course_1/ROS2_Nav2_with_SLAM_and_Navigation/install/my_robot_bringup/share/my_robot_bringup/local_setup.sh
[1.209s] -- Installing: /home/user/Desktop/ROS_COURSES/course_1/ROS2_Nav2_with_SLAM_and_Navigation/install/my_robot_bringup/share/my_robot_bringup/local_setup.zsh
[1.210s] -- Installing: /home/user/Desktop/ROS_COURSES/course_1/ROS2_Nav2_with_SLAM_and_Navigation/install/my_robot_bringup/share/my_robot_bringup/local_setup.dsv
[1.210s] -- Installing: /home/user/Desktop/ROS_COURSES/course_1/ROS2_Nav2_with_SLAM_and_Navigation/install/my_robot_bringup/share/my_robot_bringup/package.dsv
[1.210s] -- Installing: /home/user/Desktop/ROS_COURSES/course_1/ROS2_Nav2_with_SLAM_and_Navigation/install/my_robot_bringup/share/ament_index/resource_index/packages/my_robot_bringup
[1.210s] -- Installing: /home/user/Desktop/ROS_COURSES/course_1/ROS2_Nav2_with_SLAM_and_Navigation/install/my_robot_bringup/share/my_robot_bringup/cmake/my_robot_bringupConfig.cmake
[1.211s] -- Installing: /home/user/Desktop/ROS_COURSES/course_1/ROS2_Nav2_with_SLAM_and_Navigation/install/my_robot_bringup/share/my_robot_bringup/cmake/my_robot_bringupConfig-version.cmake
[1.211s] -- Installing: /home/user/Desktop/ROS_COURSES/course_1/ROS2_Nav2_with_SLAM_and_Navigation/install/my_robot_bringup/share/my_robot_bringup/package.xml
[1.215s] Invoked command in '/home/user/Desktop/ROS_COURSES/course_1/ROS2_Nav2_with_SLAM_and_Navigation/build/my_robot_bringup' returned '0': CMAKE_PREFIX_PATH=${CMAKE_PREFIX_PATH}:/opt/ros/jazzy DEBUGINFOD_URLS=https://debuginfod.ubuntu.com /usr/bin/cmake --install /home/user/Desktop/ROS_COURSES/course_1/ROS2_Nav2_with_SLAM_and_Navigation/build/my_robot_bringup
