[0.133s] DEBUG:colcon:Command line arguments: ['/usr/bin/colcon', 'build']
[0.133s] DEBUG:colcon:Parsed command line arguments: Namespace(log_base=None, log_level=None, verb_name='build', build_base='build', install_base='install', merge_install=False, symlink_install=False, test_result_base=None, continue_on_error=False, executor='parallel', parallel_workers=4, event_handlers=None, ignore_user_meta=False, metas=['./colcon.meta'], base_paths=['.'], packages_ignore=None, packages_ignore_regex=None, paths=None, packages_up_to=None, packages_up_to_regex=None, packages_above=None, packages_above_and_dependencies=None, packages_above_depth=None, packages_select_by_dep=None, packages_skip_by_dep=None, packages_skip_up_to=None, packages_select_build_failed=False, packages_skip_build_finished=False, packages_select_test_failures=False, packages_skip_test_passed=False, packages_select=None, packages_skip=None, packages_select_regex=None, packages_skip_regex=None, packages_start=None, packages_end=None, allow_overriding=[], cmake_args=None, cmake_target=None, cmake_target_skip_unavailable=False, cmake_clean_cache=False, cmake_clean_first=False, cmake_force_configure=False, ament_cmake_args=None, catkin_cmake_args=None, catkin_skip_building_tests=False, mixin_files=None, mixin=None, verb_parser=<colcon_mixin.mixin.mixin_argument.MixinArgumentDecorator object at 0x7f7b696bdac0>, verb_extension=<colcon_core.verb.build.BuildVerb object at 0x7f7b696bd400>, main=<bound method BuildVerb.main of <colcon_core.verb.build.BuildVerb object at 0x7f7b696bd400>>, mixin_verb=('build',))
[0.170s] Level 1:colcon.colcon_core.package_discovery:discover_packages(colcon_meta) check parameters
[0.170s] Level 1:colcon.colcon_core.package_discovery:discover_packages(recursive) check parameters
[0.171s] Level 1:colcon.colcon_core.package_discovery:discover_packages(ignore) check parameters
[0.171s] Level 1:colcon.colcon_core.package_discovery:discover_packages(path) check parameters
[0.171s] Level 1:colcon.colcon_core.package_discovery:discover_packages(colcon_meta) discover
[0.171s] Level 1:colcon.colcon_core.package_discovery:discover_packages(recursive) discover
[0.171s] INFO:colcon.colcon_core.package_discovery:Crawling recursively for packages in '/home/user/Desktop/ROS_COURSES/course_1/ROS2_Level3_Advanced_Concept'
[0.171s] Level 1:colcon.colcon_core.package_identification:_identify(.) by extensions ['ignore', 'ignore_ament_install']
[0.171s] Level 1:colcon.colcon_core.package_identification:_identify(.) by extension 'ignore'
[0.171s] Level 1:colcon.colcon_core.package_identification:_identify(.) by extension 'ignore_ament_install'
[0.171s] Level 1:colcon.colcon_core.package_identification:_identify(.) by extensions ['colcon_pkg']
[0.171s] Level 1:colcon.colcon_core.package_identification:_identify(.) by extension 'colcon_pkg'
[0.171s] Level 1:colcon.colcon_core.package_identification:_identify(.) by extensions ['colcon_meta']
[0.171s] Level 1:colcon.colcon_core.package_identification:_identify(.) by extension 'colcon_meta'
[0.171s] Level 1:colcon.colcon_core.package_identification:_identify(.) by extensions ['ros']
[0.171s] Level 1:colcon.colcon_core.package_identification:_identify(.) by extension 'ros'
[0.196s] Level 1:colcon.colcon_core.package_identification:_identify(.) by extensions ['cmake', 'python']
[0.196s] Level 1:colcon.colcon_core.package_identification:_identify(.) by extension 'cmake'
[0.196s] Level 1:colcon.colcon_core.package_identification:_identify(.) by extension 'python'
[0.196s] Level 1:colcon.colcon_core.package_identification:_identify(.) by extensions ['python_setup_py']
[0.196s] Level 1:colcon.colcon_core.package_identification:_identify(.) by extension 'python_setup_py'
[0.196s] Level 1:colcon.colcon_core.package_identification:_identify(build) by extensions ['ignore', 'ignore_ament_install']
[0.197s] Level 1:colcon.colcon_core.package_identification:_identify(build) by extension 'ignore'
[0.197s] Level 1:colcon.colcon_core.package_identification:_identify(build) ignored
[0.197s] Level 1:colcon.colcon_core.package_identification:_identify(install) by extensions ['ignore', 'ignore_ament_install']
[0.197s] Level 1:colcon.colcon_core.package_identification:_identify(install) by extension 'ignore'
[0.197s] Level 1:colcon.colcon_core.package_identification:_identify(install) ignored
[0.197s] Level 1:colcon.colcon_core.package_identification:_identify(log) by extensions ['ignore', 'ignore_ament_install']
[0.197s] Level 1:colcon.colcon_core.package_identification:_identify(log) by extension 'ignore'
[0.197s] Level 1:colcon.colcon_core.package_identification:_identify(log) ignored
[0.197s] Level 1:colcon.colcon_core.package_identification:_identify(src) by extensions ['ignore', 'ignore_ament_install']
[0.197s] Level 1:colcon.colcon_core.package_identification:_identify(src) by extension 'ignore'
[0.197s] Level 1:colcon.colcon_core.package_identification:_identify(src) by extension 'ignore_ament_install'
[0.197s] Level 1:colcon.colcon_core.package_identification:_identify(src) by extensions ['colcon_pkg']
[0.197s] Level 1:colcon.colcon_core.package_identification:_identify(src) by extension 'colcon_pkg'
[0.197s] Level 1:colcon.colcon_core.package_identification:_identify(src) by extensions ['colcon_meta']
[0.197s] Level 1:colcon.colcon_core.package_identification:_identify(src) by extension 'colcon_meta'
[0.197s] Level 1:colcon.colcon_core.package_identification:_identify(src) by extensions ['ros']
[0.197s] Level 1:colcon.colcon_core.package_identification:_identify(src) by extension 'ros'
[0.197s] Level 1:colcon.colcon_core.package_identification:_identify(src) by extensions ['cmake', 'python']
[0.198s] Level 1:colcon.colcon_core.package_identification:_identify(src) by extension 'cmake'
[0.198s] Level 1:colcon.colcon_core.package_identification:_identify(src) by extension 'python'
[0.198s] Level 1:colcon.colcon_core.package_identification:_identify(src) by extensions ['python_setup_py']
[0.198s] Level 1:colcon.colcon_core.package_identification:_identify(src) by extension 'python_setup_py'
[0.198s] Level 1:colcon.colcon_core.package_identification:_identify(src/actions_cpp) by extensions ['ignore', 'ignore_ament_install']
[0.198s] Level 1:colcon.colcon_core.package_identification:_identify(src/actions_cpp) by extension 'ignore'
[0.198s] Level 1:colcon.colcon_core.package_identification:_identify(src/actions_cpp) by extension 'ignore_ament_install'
[0.198s] Level 1:colcon.colcon_core.package_identification:_identify(src/actions_cpp) by extensions ['colcon_pkg']
[0.198s] Level 1:colcon.colcon_core.package_identification:_identify(src/actions_cpp) by extension 'colcon_pkg'
[0.198s] Level 1:colcon.colcon_core.package_identification:_identify(src/actions_cpp) by extensions ['colcon_meta']
[0.198s] Level 1:colcon.colcon_core.package_identification:_identify(src/actions_cpp) by extension 'colcon_meta'
[0.198s] Level 1:colcon.colcon_core.package_identification:_identify(src/actions_cpp) by extensions ['ros']
[0.198s] Level 1:colcon.colcon_core.package_identification:_identify(src/actions_cpp) by extension 'ros'
[0.200s] DEBUG:colcon.colcon_core.package_identification:Package 'src/actions_cpp' with type 'ros.ament_cmake' and name 'actions_cpp'
[0.200s] Level 1:colcon.colcon_core.package_identification:_identify(src/actions_py) by extensions ['ignore', 'ignore_ament_install']
[0.200s] Level 1:colcon.colcon_core.package_identification:_identify(src/actions_py) by extension 'ignore'
[0.201s] Level 1:colcon.colcon_core.package_identification:_identify(src/actions_py) by extension 'ignore_ament_install'
[0.201s] Level 1:colcon.colcon_core.package_identification:_identify(src/actions_py) by extensions ['colcon_pkg']
[0.201s] Level 1:colcon.colcon_core.package_identification:_identify(src/actions_py) by extension 'colcon_pkg'
[0.201s] Level 1:colcon.colcon_core.package_identification:_identify(src/actions_py) by extensions ['colcon_meta']
[0.201s] Level 1:colcon.colcon_core.package_identification:_identify(src/actions_py) by extension 'colcon_meta'
[0.201s] Level 1:colcon.colcon_core.package_identification:_identify(src/actions_py) by extensions ['ros']
[0.201s] Level 1:colcon.colcon_core.package_identification:_identify(src/actions_py) by extension 'ros'
[0.201s] DEBUG:colcon.colcon_core.package_identification:Package 'src/actions_py' with type 'ros.ament_python' and name 'actions_py'
[0.201s] Level 1:colcon.colcon_core.package_identification:_identify(src/lifecycle_cpp) by extensions ['ignore', 'ignore_ament_install']
[0.201s] Level 1:colcon.colcon_core.package_identification:_identify(src/lifecycle_cpp) by extension 'ignore'
[0.201s] Level 1:colcon.colcon_core.package_identification:_identify(src/lifecycle_cpp) by extension 'ignore_ament_install'
[0.201s] Level 1:colcon.colcon_core.package_identification:_identify(src/lifecycle_cpp) by extensions ['colcon_pkg']
[0.202s] Level 1:colcon.colcon_core.package_identification:_identify(src/lifecycle_cpp) by extension 'colcon_pkg'
[0.202s] Level 1:colcon.colcon_core.package_identification:_identify(src/lifecycle_cpp) by extensions ['colcon_meta']
[0.202s] Level 1:colcon.colcon_core.package_identification:_identify(src/lifecycle_cpp) by extension 'colcon_meta'
[0.202s] Level 1:colcon.colcon_core.package_identification:_identify(src/lifecycle_cpp) by extensions ['ros']
[0.202s] Level 1:colcon.colcon_core.package_identification:_identify(src/lifecycle_cpp) by extension 'ros'
[0.202s] DEBUG:colcon.colcon_core.package_identification:Package 'src/lifecycle_cpp' with type 'ros.ament_cmake' and name 'lifecycle_cpp'
[0.202s] Level 1:colcon.colcon_core.package_identification:_identify(src/lifecycle_py) by extensions ['ignore', 'ignore_ament_install']
[0.202s] Level 1:colcon.colcon_core.package_identification:_identify(src/lifecycle_py) by extension 'ignore'
[0.202s] Level 1:colcon.colcon_core.package_identification:_identify(src/lifecycle_py) by extension 'ignore_ament_install'
[0.202s] Level 1:colcon.colcon_core.package_identification:_identify(src/lifecycle_py) by extensions ['colcon_pkg']
[0.202s] Level 1:colcon.colcon_core.package_identification:_identify(src/lifecycle_py) by extension 'colcon_pkg'
[0.202s] Level 1:colcon.colcon_core.package_identification:_identify(src/lifecycle_py) by extensions ['colcon_meta']
[0.202s] Level 1:colcon.colcon_core.package_identification:_identify(src/lifecycle_py) by extension 'colcon_meta'
[0.202s] Level 1:colcon.colcon_core.package_identification:_identify(src/lifecycle_py) by extensions ['ros']
[0.202s] Level 1:colcon.colcon_core.package_identification:_identify(src/lifecycle_py) by extension 'ros'
[0.203s] DEBUG:colcon.colcon_core.package_identification:Package 'src/lifecycle_py' with type 'ros.ament_python' and name 'lifecycle_py'
[0.203s] Level 1:colcon.colcon_core.package_identification:_identify(src/my_robot_interfaces) by extensions ['ignore', 'ignore_ament_install']
[0.203s] Level 1:colcon.colcon_core.package_identification:_identify(src/my_robot_interfaces) by extension 'ignore'
[0.203s] Level 1:colcon.colcon_core.package_identification:_identify(src/my_robot_interfaces) by extension 'ignore_ament_install'
[0.203s] Level 1:colcon.colcon_core.package_identification:_identify(src/my_robot_interfaces) by extensions ['colcon_pkg']
[0.203s] Level 1:colcon.colcon_core.package_identification:_identify(src/my_robot_interfaces) by extension 'colcon_pkg'
[0.203s] Level 1:colcon.colcon_core.package_identification:_identify(src/my_robot_interfaces) by extensions ['colcon_meta']
[0.203s] Level 1:colcon.colcon_core.package_identification:_identify(src/my_robot_interfaces) by extension 'colcon_meta'
[0.203s] Level 1:colcon.colcon_core.package_identification:_identify(src/my_robot_interfaces) by extensions ['ros']
[0.203s] Level 1:colcon.colcon_core.package_identification:_identify(src/my_robot_interfaces) by extension 'ros'
[0.204s] DEBUG:colcon.colcon_core.package_identification:Package 'src/my_robot_interfaces' with type 'ros.ament_cmake' and name 'my_robot_interfaces'
[0.204s] Level 1:colcon.colcon_core.package_discovery:discover_packages(recursive) using defaults
[0.204s] Level 1:colcon.colcon_core.package_discovery:discover_packages(ignore) discover
[0.204s] Level 1:colcon.colcon_core.package_discovery:discover_packages(ignore) using defaults
[0.204s] Level 1:colcon.colcon_core.package_discovery:discover_packages(path) discover
[0.204s] Level 1:colcon.colcon_core.package_discovery:discover_packages(path) using defaults
[0.221s] Level 1:colcon.colcon_core.package_discovery:discover_packages(prefix_path) check parameters
[0.221s] Level 1:colcon.colcon_core.package_discovery:discover_packages(prefix_path) discover
[0.223s] DEBUG:colcon.colcon_installed_package_information.package_discovery:Found 5 installed packages in /home/user/Desktop/ROS_COURSES/course_1/ROS2_Level3_Advanced_Concept/install
[0.225s] DEBUG:colcon.colcon_installed_package_information.package_discovery:Found 512 installed packages in /opt/ros/jazzy
[0.227s] Level 1:colcon.colcon_core.package_discovery:discover_packages(prefix_path) using defaults
[0.300s] Level 5:colcon.colcon_core.verb:set package 'lifecycle_cpp' build argument 'cmake_args' from command line to 'None'
[0.300s] Level 5:colcon.colcon_core.verb:set package 'lifecycle_cpp' build argument 'cmake_target' from command line to 'None'
[0.300s] Level 5:colcon.colcon_core.verb:set package 'lifecycle_cpp' build argument 'cmake_target_skip_unavailable' from command line to 'False'
[0.300s] Level 5:colcon.colcon_core.verb:set package 'lifecycle_cpp' build argument 'cmake_clean_cache' from command line to 'False'
[0.300s] Level 5:colcon.colcon_core.verb:set package 'lifecycle_cpp' build argument 'cmake_clean_first' from command line to 'False'
[0.300s] Level 5:colcon.colcon_core.verb:set package 'lifecycle_cpp' build argument 'cmake_force_configure' from command line to 'False'
[0.300s] Level 5:colcon.colcon_core.verb:set package 'lifecycle_cpp' build argument 'ament_cmake_args' from command line to 'None'
[0.300s] Level 5:colcon.colcon_core.verb:set package 'lifecycle_cpp' build argument 'catkin_cmake_args' from command line to 'None'
[0.300s] Level 5:colcon.colcon_core.verb:set package 'lifecycle_cpp' build argument 'catkin_skip_building_tests' from command line to 'False'
[0.300s] DEBUG:colcon.colcon_core.verb:Building package 'lifecycle_cpp' with the following arguments: {'ament_cmake_args': None, 'build_base': '/home/user/Desktop/ROS_COURSES/course_1/ROS2_Level3_Advanced_Concept/build/lifecycle_cpp', 'catkin_cmake_args': None, 'catkin_skip_building_tests': False, 'cmake_args': None, 'cmake_clean_cache': False, 'cmake_clean_first': False, 'cmake_force_configure': False, 'cmake_target': None, 'cmake_target_skip_unavailable': False, 'install_base': '/home/user/Desktop/ROS_COURSES/course_1/ROS2_Level3_Advanced_Concept/install/lifecycle_cpp', 'merge_install': False, 'path': '/home/user/Desktop/ROS_COURSES/course_1/ROS2_Level3_Advanced_Concept/src/lifecycle_cpp', 'symlink_install': False, 'test_result_base': None}
[0.300s] Level 5:colcon.colcon_core.verb:set package 'lifecycle_py' build argument 'cmake_args' from command line to 'None'
[0.300s] Level 5:colcon.colcon_core.verb:set package 'lifecycle_py' build argument 'cmake_target' from command line to 'None'
[0.300s] Level 5:colcon.colcon_core.verb:set package 'lifecycle_py' build argument 'cmake_target_skip_unavailable' from command line to 'False'
[0.300s] Level 5:colcon.colcon_core.verb:set package 'lifecycle_py' build argument 'cmake_clean_cache' from command line to 'False'
[0.300s] Level 5:colcon.colcon_core.verb:set package 'lifecycle_py' build argument 'cmake_clean_first' from command line to 'False'
[0.300s] Level 5:colcon.colcon_core.verb:set package 'lifecycle_py' build argument 'cmake_force_configure' from command line to 'False'
[0.300s] Level 5:colcon.colcon_core.verb:set package 'lifecycle_py' build argument 'ament_cmake_args' from command line to 'None'
[0.300s] Level 5:colcon.colcon_core.verb:set package 'lifecycle_py' build argument 'catkin_cmake_args' from command line to 'None'
[0.300s] Level 5:colcon.colcon_core.verb:set package 'lifecycle_py' build argument 'catkin_skip_building_tests' from command line to 'False'
[0.300s] DEBUG:colcon.colcon_core.verb:Building package 'lifecycle_py' with the following arguments: {'ament_cmake_args': None, 'build_base': '/home/user/Desktop/ROS_COURSES/course_1/ROS2_Level3_Advanced_Concept/build/lifecycle_py', 'catkin_cmake_args': None, 'catkin_skip_building_tests': False, 'cmake_args': None, 'cmake_clean_cache': False, 'cmake_clean_first': False, 'cmake_force_configure': False, 'cmake_target': None, 'cmake_target_skip_unavailable': False, 'install_base': '/home/user/Desktop/ROS_COURSES/course_1/ROS2_Level3_Advanced_Concept/install/lifecycle_py', 'merge_install': False, 'path': '/home/user/Desktop/ROS_COURSES/course_1/ROS2_Level3_Advanced_Concept/src/lifecycle_py', 'symlink_install': False, 'test_result_base': None}
[0.301s] Level 5:colcon.colcon_core.verb:set package 'my_robot_interfaces' build argument 'cmake_args' from command line to 'None'
[0.301s] Level 5:colcon.colcon_core.verb:set package 'my_robot_interfaces' build argument 'cmake_target' from command line to 'None'
[0.301s] Level 5:colcon.colcon_core.verb:set package 'my_robot_interfaces' build argument 'cmake_target_skip_unavailable' from command line to 'False'
[0.301s] Level 5:colcon.colcon_core.verb:set package 'my_robot_interfaces' build argument 'cmake_clean_cache' from command line to 'False'
[0.301s] Level 5:colcon.colcon_core.verb:set package 'my_robot_interfaces' build argument 'cmake_clean_first' from command line to 'False'
[0.301s] Level 5:colcon.colcon_core.verb:set package 'my_robot_interfaces' build argument 'cmake_force_configure' from command line to 'False'
[0.301s] Level 5:colcon.colcon_core.verb:set package 'my_robot_interfaces' build argument 'ament_cmake_args' from command line to 'None'
[0.301s] Level 5:colcon.colcon_core.verb:set package 'my_robot_interfaces' build argument 'catkin_cmake_args' from command line to 'None'
[0.301s] Level 5:colcon.colcon_core.verb:set package 'my_robot_interfaces' build argument 'catkin_skip_building_tests' from command line to 'False'
[0.301s] DEBUG:colcon.colcon_core.verb:Building package 'my_robot_interfaces' with the following arguments: {'ament_cmake_args': None, 'build_base': '/home/user/Desktop/ROS_COURSES/course_1/ROS2_Level3_Advanced_Concept/build/my_robot_interfaces', 'catkin_cmake_args': None, 'catkin_skip_building_tests': False, 'cmake_args': None, 'cmake_clean_cache': False, 'cmake_clean_first': False, 'cmake_force_configure': False, 'cmake_target': None, 'cmake_target_skip_unavailable': False, 'install_base': '/home/user/Desktop/ROS_COURSES/course_1/ROS2_Level3_Advanced_Concept/install/my_robot_interfaces', 'merge_install': False, 'path': '/home/user/Desktop/ROS_COURSES/course_1/ROS2_Level3_Advanced_Concept/src/my_robot_interfaces', 'symlink_install': False, 'test_result_base': None}
[0.301s] Level 5:colcon.colcon_core.verb:set package 'actions_cpp' build argument 'cmake_args' from command line to 'None'
[0.301s] Level 5:colcon.colcon_core.verb:set package 'actions_cpp' build argument 'cmake_target' from command line to 'None'
[0.301s] Level 5:colcon.colcon_core.verb:set package 'actions_cpp' build argument 'cmake_target_skip_unavailable' from command line to 'False'
[0.301s] Level 5:colcon.colcon_core.verb:set package 'actions_cpp' build argument 'cmake_clean_cache' from command line to 'False'
[0.301s] Level 5:colcon.colcon_core.verb:set package 'actions_cpp' build argument 'cmake_clean_first' from command line to 'False'
[0.301s] Level 5:colcon.colcon_core.verb:set package 'actions_cpp' build argument 'cmake_force_configure' from command line to 'False'
[0.301s] Level 5:colcon.colcon_core.verb:set package 'actions_cpp' build argument 'ament_cmake_args' from command line to 'None'
[0.301s] Level 5:colcon.colcon_core.verb:set package 'actions_cpp' build argument 'catkin_cmake_args' from command line to 'None'
[0.301s] Level 5:colcon.colcon_core.verb:set package 'actions_cpp' build argument 'catkin_skip_building_tests' from command line to 'False'
[0.301s] DEBUG:colcon.colcon_core.verb:Building package 'actions_cpp' with the following arguments: {'ament_cmake_args': None, 'build_base': '/home/user/Desktop/ROS_COURSES/course_1/ROS2_Level3_Advanced_Concept/build/actions_cpp', 'catkin_cmake_args': None, 'catkin_skip_building_tests': False, 'cmake_args': None, 'cmake_clean_cache': False, 'cmake_clean_first': False, 'cmake_force_configure': False, 'cmake_target': None, 'cmake_target_skip_unavailable': False, 'install_base': '/home/user/Desktop/ROS_COURSES/course_1/ROS2_Level3_Advanced_Concept/install/actions_cpp', 'merge_install': False, 'path': '/home/user/Desktop/ROS_COURSES/course_1/ROS2_Level3_Advanced_Concept/src/actions_cpp', 'symlink_install': False, 'test_result_base': None}
[0.301s] Level 5:colcon.colcon_core.verb:set package 'actions_py' build argument 'cmake_args' from command line to 'None'
[0.301s] Level 5:colcon.colcon_core.verb:set package 'actions_py' build argument 'cmake_target' from command line to 'None'
[0.301s] Level 5:colcon.colcon_core.verb:set package 'actions_py' build argument 'cmake_target_skip_unavailable' from command line to 'False'
[0.301s] Level 5:colcon.colcon_core.verb:set package 'actions_py' build argument 'cmake_clean_cache' from command line to 'False'
[0.301s] Level 5:colcon.colcon_core.verb:set package 'actions_py' build argument 'cmake_clean_first' from command line to 'False'
[0.301s] Level 5:colcon.colcon_core.verb:set package 'actions_py' build argument 'cmake_force_configure' from command line to 'False'
[0.301s] Level 5:colcon.colcon_core.verb:set package 'actions_py' build argument 'ament_cmake_args' from command line to 'None'
[0.301s] Level 5:colcon.colcon_core.verb:set package 'actions_py' build argument 'catkin_cmake_args' from command line to 'None'
[0.301s] Level 5:colcon.colcon_core.verb:set package 'actions_py' build argument 'catkin_skip_building_tests' from command line to 'False'
[0.301s] DEBUG:colcon.colcon_core.verb:Building package 'actions_py' with the following arguments: {'ament_cmake_args': None, 'build_base': '/home/user/Desktop/ROS_COURSES/course_1/ROS2_Level3_Advanced_Concept/build/actions_py', 'catkin_cmake_args': None, 'catkin_skip_building_tests': False, 'cmake_args': None, 'cmake_clean_cache': False, 'cmake_clean_first': False, 'cmake_force_configure': False, 'cmake_target': None, 'cmake_target_skip_unavailable': False, 'install_base': '/home/user/Desktop/ROS_COURSES/course_1/ROS2_Level3_Advanced_Concept/install/actions_py', 'merge_install': False, 'path': '/home/user/Desktop/ROS_COURSES/course_1/ROS2_Level3_Advanced_Concept/src/actions_py', 'symlink_install': False, 'test_result_base': None}
[0.302s] INFO:colcon.colcon_core.executor:Executing jobs using 'parallel' executor
[0.302s] DEBUG:colcon.colcon_parallel_executor.executor.parallel:run_until_complete
[0.302s] INFO:colcon.colcon_ros.task.ament_cmake.build:Building ROS package in '/home/user/Desktop/ROS_COURSES/course_1/ROS2_Level3_Advanced_Concept/src/my_robot_interfaces' with build type 'ament_cmake'
[0.303s] INFO:colcon.colcon_cmake.task.cmake.build:Building CMake package in '/home/user/Desktop/ROS_COURSES/course_1/ROS2_Level3_Advanced_Concept/src/my_robot_interfaces'
[0.306s] INFO:colcon.colcon_core.plugin_system:Skipping extension 'colcon_core.shell.bat': Not used on non-Windows systems
[0.306s] INFO:colcon.colcon_core.shell:Skip shell extension 'powershell' for command environment: Not usable outside of PowerShell
[0.306s] DEBUG:colcon.colcon_core.shell:Skip shell extension 'dsv' for command environment
[0.311s] INFO:colcon.colcon_ros.task.ament_cmake.build:Building ROS package in '/home/user/Desktop/ROS_COURSES/course_1/ROS2_Level3_Advanced_Concept/src/lifecycle_cpp' with build type 'ament_cmake'
[0.311s] INFO:colcon.colcon_cmake.task.cmake.build:Building CMake package in '/home/user/Desktop/ROS_COURSES/course_1/ROS2_Level3_Advanced_Concept/src/lifecycle_cpp'
[0.311s] INFO:colcon.colcon_core.shell:Skip shell extension 'powershell' for command environment: Not usable outside of PowerShell
[0.311s] DEBUG:colcon.colcon_core.shell:Skip shell extension 'dsv' for command environment
[0.315s] INFO:colcon.colcon_ros.task.ament_python.build:Building ROS package in '/home/user/Desktop/ROS_COURSES/course_1/ROS2_Level3_Advanced_Concept/src/lifecycle_py' with build type 'ament_python'
[0.315s] Level 1:colcon.colcon_core.shell:create_environment_hook('lifecycle_py', 'ament_prefix_path')
[0.316s] INFO:colcon.colcon_core.shell:Creating environment hook '/home/user/Desktop/ROS_COURSES/course_1/ROS2_Level3_Advanced_Concept/install/lifecycle_py/share/lifecycle_py/hook/ament_prefix_path.ps1'
[0.316s] INFO:colcon.colcon_core.shell:Creating environment descriptor '/home/user/Desktop/ROS_COURSES/course_1/ROS2_Level3_Advanced_Concept/install/lifecycle_py/share/lifecycle_py/hook/ament_prefix_path.dsv'
[0.317s] INFO:colcon.colcon_core.shell:Creating environment hook '/home/user/Desktop/ROS_COURSES/course_1/ROS2_Level3_Advanced_Concept/install/lifecycle_py/share/lifecycle_py/hook/ament_prefix_path.sh'
[0.317s] INFO:colcon.colcon_core.shell:Skip shell extension 'powershell' for command environment: Not usable outside of PowerShell
[0.317s] DEBUG:colcon.colcon_core.shell:Skip shell extension 'dsv' for command environment
[0.326s] DEBUG:colcon.colcon_core.event_handler.log_command:Invoking command in '/home/user/Desktop/ROS_COURSES/course_1/ROS2_Level3_Advanced_Concept/build/my_robot_interfaces': CMAKE_PREFIX_PATH=${CMAKE_PREFIX_PATH}:/home/user/Desktop/ROS_COURSES/course_1/ROS2_Level3_Advanced_Concept/install/actions_py:/home/user/Desktop/ROS_COURSES/course_1/ROS2_Level3_Advanced_Concept/install/lifecycle_py:/opt/ros/jazzy DEBUGINFOD_URLS=https://debuginfod.ubuntu.com /usr/bin/cmake --build /home/user/Desktop/ROS_COURSES/course_1/ROS2_Level3_Advanced_Concept/build/my_robot_interfaces -- -j4 -l4
[0.332s] DEBUG:colcon.colcon_core.event_handler.log_command:Invoking command in '/home/user/Desktop/ROS_COURSES/course_1/ROS2_Level3_Advanced_Concept/build/lifecycle_cpp': CMAKE_PREFIX_PATH=${CMAKE_PREFIX_PATH}:/home/user/Desktop/ROS_COURSES/course_1/ROS2_Level3_Advanced_Concept/install/actions_py:/home/user/Desktop/ROS_COURSES/course_1/ROS2_Level3_Advanced_Concept/install/lifecycle_py:/opt/ros/jazzy DEBUGINFOD_URLS=https://debuginfod.ubuntu.com /usr/bin/cmake --build /home/user/Desktop/ROS_COURSES/course_1/ROS2_Level3_Advanced_Concept/build/lifecycle_cpp -- -j4 -l4
[0.717s] INFO:colcon.colcon_core.task.python.build:Building Python package in '/home/user/Desktop/ROS_COURSES/course_1/ROS2_Level3_Advanced_Concept/src/lifecycle_py'
[0.717s] INFO:colcon.colcon_core.shell:Skip shell extension 'powershell' for command environment: Not usable outside of PowerShell
[0.718s] DEBUG:colcon.colcon_core.shell:Skip shell extension 'dsv' for command environment
[0.723s] DEBUG:colcon.colcon_core.event_handler.log_command:Invoked command in '/home/user/Desktop/ROS_COURSES/course_1/ROS2_Level3_Advanced_Concept/build/lifecycle_cpp' returned '0': CMAKE_PREFIX_PATH=${CMAKE_PREFIX_PATH}:/home/user/Desktop/ROS_COURSES/course_1/ROS2_Level3_Advanced_Concept/install/actions_py:/home/user/Desktop/ROS_COURSES/course_1/ROS2_Level3_Advanced_Concept/install/lifecycle_py:/opt/ros/jazzy DEBUGINFOD_URLS=https://debuginfod.ubuntu.com /usr/bin/cmake --build /home/user/Desktop/ROS_COURSES/course_1/ROS2_Level3_Advanced_Concept/build/lifecycle_cpp -- -j4 -l4
[0.733s] DEBUG:colcon.colcon_core.event_handler.log_command:Invoking command in '/home/user/Desktop/ROS_COURSES/course_1/ROS2_Level3_Advanced_Concept/build/lifecycle_cpp': CMAKE_PREFIX_PATH=${CMAKE_PREFIX_PATH}:/home/user/Desktop/ROS_COURSES/course_1/ROS2_Level3_Advanced_Concept/install/actions_py:/home/user/Desktop/ROS_COURSES/course_1/ROS2_Level3_Advanced_Concept/install/lifecycle_py:/opt/ros/jazzy DEBUGINFOD_URLS=https://debuginfod.ubuntu.com /usr/bin/cmake --install /home/user/Desktop/ROS_COURSES/course_1/ROS2_Level3_Advanced_Concept/build/lifecycle_cpp
[0.746s] Level 1:colcon.colcon_core.environment:create_environment_scripts_only(lifecycle_cpp)
[0.747s] DEBUG:colcon.colcon_core.event_handler.log_command:Invoked command in '/home/user/Desktop/ROS_COURSES/course_1/ROS2_Level3_Advanced_Concept/build/lifecycle_cpp' returned '0': CMAKE_PREFIX_PATH=${CMAKE_PREFIX_PATH}:/home/user/Desktop/ROS_COURSES/course_1/ROS2_Level3_Advanced_Concept/install/actions_py:/home/user/Desktop/ROS_COURSES/course_1/ROS2_Level3_Advanced_Concept/install/lifecycle_py:/opt/ros/jazzy DEBUGINFOD_URLS=https://debuginfod.ubuntu.com /usr/bin/cmake --install /home/user/Desktop/ROS_COURSES/course_1/ROS2_Level3_Advanced_Concept/build/lifecycle_cpp
[0.748s] Level 1:colcon.colcon_core.environment:checking '/home/user/Desktop/ROS_COURSES/course_1/ROS2_Level3_Advanced_Concept/install/lifecycle_cpp' for CMake module files
[0.749s] Level 1:colcon.colcon_core.environment:checking '/home/user/Desktop/ROS_COURSES/course_1/ROS2_Level3_Advanced_Concept/install/lifecycle_cpp' for CMake config files
[0.749s] Level 1:colcon.colcon_core.shell:create_environment_hook('lifecycle_cpp', 'cmake_prefix_path')
[0.749s] INFO:colcon.colcon_core.shell:Creating environment hook '/home/user/Desktop/ROS_COURSES/course_1/ROS2_Level3_Advanced_Concept/install/lifecycle_cpp/share/lifecycle_cpp/hook/cmake_prefix_path.ps1'
[0.750s] INFO:colcon.colcon_core.shell:Creating environment descriptor '/home/user/Desktop/ROS_COURSES/course_1/ROS2_Level3_Advanced_Concept/install/lifecycle_cpp/share/lifecycle_cpp/hook/cmake_prefix_path.dsv'
[0.750s] INFO:colcon.colcon_core.shell:Creating environment hook '/home/user/Desktop/ROS_COURSES/course_1/ROS2_Level3_Advanced_Concept/install/lifecycle_cpp/share/lifecycle_cpp/hook/cmake_prefix_path.sh'
[0.751s] Level 1:colcon.colcon_core.environment:checking '/home/user/Desktop/ROS_COURSES/course_1/ROS2_Level3_Advanced_Concept/install/lifecycle_cpp/lib'
[0.751s] Level 1:colcon.colcon_core.environment:checking '/home/user/Desktop/ROS_COURSES/course_1/ROS2_Level3_Advanced_Concept/install/lifecycle_cpp/bin'
[0.751s] Level 1:colcon.colcon_core.environment:checking '/home/user/Desktop/ROS_COURSES/course_1/ROS2_Level3_Advanced_Concept/install/lifecycle_cpp/lib/pkgconfig/lifecycle_cpp.pc'
[0.752s] Level 1:colcon.colcon_core.environment:checking '/home/user/Desktop/ROS_COURSES/course_1/ROS2_Level3_Advanced_Concept/install/lifecycle_cpp/lib/python3.12/site-packages'
[0.752s] Level 1:colcon.colcon_core.environment:checking '/home/user/Desktop/ROS_COURSES/course_1/ROS2_Level3_Advanced_Concept/install/lifecycle_cpp/bin'
[0.752s] INFO:colcon.colcon_core.shell:Creating package script '/home/user/Desktop/ROS_COURSES/course_1/ROS2_Level3_Advanced_Concept/install/lifecycle_cpp/share/lifecycle_cpp/package.ps1'
[0.753s] INFO:colcon.colcon_core.shell:Creating package descriptor '/home/user/Desktop/ROS_COURSES/course_1/ROS2_Level3_Advanced_Concept/install/lifecycle_cpp/share/lifecycle_cpp/package.dsv'
[0.754s] INFO:colcon.colcon_core.shell:Creating package script '/home/user/Desktop/ROS_COURSES/course_1/ROS2_Level3_Advanced_Concept/install/lifecycle_cpp/share/lifecycle_cpp/package.sh'
[0.755s] INFO:colcon.colcon_core.shell:Creating package script '/home/user/Desktop/ROS_COURSES/course_1/ROS2_Level3_Advanced_Concept/install/lifecycle_cpp/share/lifecycle_cpp/package.bash'
[0.756s] INFO:colcon.colcon_core.shell:Creating package script '/home/user/Desktop/ROS_COURSES/course_1/ROS2_Level3_Advanced_Concept/install/lifecycle_cpp/share/lifecycle_cpp/package.zsh'
[0.757s] Level 1:colcon.colcon_core.environment:create_file_with_runtime_dependencies(/home/user/Desktop/ROS_COURSES/course_1/ROS2_Level3_Advanced_Concept/install/lifecycle_cpp/share/colcon-core/packages/lifecycle_cpp)
[0.758s] Level 1:colcon.colcon_core.environment:create_environment_scripts_only(lifecycle_cpp)
[0.758s] Level 1:colcon.colcon_core.environment:checking '/home/user/Desktop/ROS_COURSES/course_1/ROS2_Level3_Advanced_Concept/install/lifecycle_cpp' for CMake module files
[0.759s] Level 1:colcon.colcon_core.environment:checking '/home/user/Desktop/ROS_COURSES/course_1/ROS2_Level3_Advanced_Concept/install/lifecycle_cpp' for CMake config files
[0.759s] Level 1:colcon.colcon_core.shell:create_environment_hook('lifecycle_cpp', 'cmake_prefix_path')
[0.759s] INFO:colcon.colcon_core.shell:Creating environment hook '/home/user/Desktop/ROS_COURSES/course_1/ROS2_Level3_Advanced_Concept/install/lifecycle_cpp/share/lifecycle_cpp/hook/cmake_prefix_path.ps1'
[0.760s] INFO:colcon.colcon_core.shell:Creating environment descriptor '/home/user/Desktop/ROS_COURSES/course_1/ROS2_Level3_Advanced_Concept/install/lifecycle_cpp/share/lifecycle_cpp/hook/cmake_prefix_path.dsv'
[0.760s] INFO:colcon.colcon_core.shell:Creating environment hook '/home/user/Desktop/ROS_COURSES/course_1/ROS2_Level3_Advanced_Concept/install/lifecycle_cpp/share/lifecycle_cpp/hook/cmake_prefix_path.sh'
[0.761s] Level 1:colcon.colcon_core.environment:checking '/home/user/Desktop/ROS_COURSES/course_1/ROS2_Level3_Advanced_Concept/install/lifecycle_cpp/lib'
[0.761s] Level 1:colcon.colcon_core.environment:checking '/home/user/Desktop/ROS_COURSES/course_1/ROS2_Level3_Advanced_Concept/install/lifecycle_cpp/bin'
[0.761s] Level 1:colcon.colcon_core.environment:checking '/home/user/Desktop/ROS_COURSES/course_1/ROS2_Level3_Advanced_Concept/install/lifecycle_cpp/lib/pkgconfig/lifecycle_cpp.pc'
[0.761s] Level 1:colcon.colcon_core.environment:checking '/home/user/Desktop/ROS_COURSES/course_1/ROS2_Level3_Advanced_Concept/install/lifecycle_cpp/lib/python3.12/site-packages'
[0.762s] Level 1:colcon.colcon_core.environment:checking '/home/user/Desktop/ROS_COURSES/course_1/ROS2_Level3_Advanced_Concept/install/lifecycle_cpp/bin'
[0.762s] INFO:colcon.colcon_core.shell:Creating package script '/home/user/Desktop/ROS_COURSES/course_1/ROS2_Level3_Advanced_Concept/install/lifecycle_cpp/share/lifecycle_cpp/package.ps1'
[0.762s] INFO:colcon.colcon_core.shell:Creating package descriptor '/home/user/Desktop/ROS_COURSES/course_1/ROS2_Level3_Advanced_Concept/install/lifecycle_cpp/share/lifecycle_cpp/package.dsv'
[0.763s] INFO:colcon.colcon_core.shell:Creating package script '/home/user/Desktop/ROS_COURSES/course_1/ROS2_Level3_Advanced_Concept/install/lifecycle_cpp/share/lifecycle_cpp/package.sh'
[0.763s] INFO:colcon.colcon_core.shell:Creating package script '/home/user/Desktop/ROS_COURSES/course_1/ROS2_Level3_Advanced_Concept/install/lifecycle_cpp/share/lifecycle_cpp/package.bash'
[0.764s] INFO:colcon.colcon_core.shell:Creating package script '/home/user/Desktop/ROS_COURSES/course_1/ROS2_Level3_Advanced_Concept/install/lifecycle_cpp/share/lifecycle_cpp/package.zsh'
[0.764s] Level 1:colcon.colcon_core.environment:create_file_with_runtime_dependencies(/home/user/Desktop/ROS_COURSES/course_1/ROS2_Level3_Advanced_Concept/install/lifecycle_cpp/share/colcon-core/packages/lifecycle_cpp)
[0.968s] DEBUG:colcon.colcon_core.event_handler.log_command:Invoked command in '/home/user/Desktop/ROS_COURSES/course_1/ROS2_Level3_Advanced_Concept/build/my_robot_interfaces' returned '0': CMAKE_PREFIX_PATH=${CMAKE_PREFIX_PATH}:/home/user/Desktop/ROS_COURSES/course_1/ROS2_Level3_Advanced_Concept/install/actions_py:/home/user/Desktop/ROS_COURSES/course_1/ROS2_Level3_Advanced_Concept/install/lifecycle_py:/opt/ros/jazzy DEBUGINFOD_URLS=https://debuginfod.ubuntu.com /usr/bin/cmake --build /home/user/Desktop/ROS_COURSES/course_1/ROS2_Level3_Advanced_Concept/build/my_robot_interfaces -- -j4 -l4
[0.969s] DEBUG:colcon.colcon_core.event_handler.log_command:Invoking command in '/home/user/Desktop/ROS_COURSES/course_1/ROS2_Level3_Advanced_Concept/build/my_robot_interfaces': CMAKE_PREFIX_PATH=${CMAKE_PREFIX_PATH}:/home/user/Desktop/ROS_COURSES/course_1/ROS2_Level3_Advanced_Concept/install/actions_py:/home/user/Desktop/ROS_COURSES/course_1/ROS2_Level3_Advanced_Concept/install/lifecycle_py:/opt/ros/jazzy DEBUGINFOD_URLS=https://debuginfod.ubuntu.com /usr/bin/cmake --install /home/user/Desktop/ROS_COURSES/course_1/ROS2_Level3_Advanced_Concept/build/my_robot_interfaces
[1.038s] Level 1:colcon.colcon_core.environment:create_environment_scripts_only(my_robot_interfaces)
[1.038s] DEBUG:colcon.colcon_core.event_handler.log_command:Invoked command in '/home/user/Desktop/ROS_COURSES/course_1/ROS2_Level3_Advanced_Concept/build/my_robot_interfaces' returned '0': CMAKE_PREFIX_PATH=${CMAKE_PREFIX_PATH}:/home/user/Desktop/ROS_COURSES/course_1/ROS2_Level3_Advanced_Concept/install/actions_py:/home/user/Desktop/ROS_COURSES/course_1/ROS2_Level3_Advanced_Concept/install/lifecycle_py:/opt/ros/jazzy DEBUGINFOD_URLS=https://debuginfod.ubuntu.com /usr/bin/cmake --install /home/user/Desktop/ROS_COURSES/course_1/ROS2_Level3_Advanced_Concept/build/my_robot_interfaces
[1.038s] Level 1:colcon.colcon_core.environment:checking '/home/user/Desktop/ROS_COURSES/course_1/ROS2_Level3_Advanced_Concept/install/my_robot_interfaces' for CMake module files
[1.039s] Level 1:colcon.colcon_core.environment:checking '/home/user/Desktop/ROS_COURSES/course_1/ROS2_Level3_Advanced_Concept/install/my_robot_interfaces' for CMake config files
[1.040s] Level 1:colcon.colcon_core.shell:create_environment_hook('my_robot_interfaces', 'cmake_prefix_path')
[1.040s] INFO:colcon.colcon_core.shell:Creating environment hook '/home/user/Desktop/ROS_COURSES/course_1/ROS2_Level3_Advanced_Concept/install/my_robot_interfaces/share/my_robot_interfaces/hook/cmake_prefix_path.ps1'
[1.041s] INFO:colcon.colcon_core.shell:Creating environment descriptor '/home/user/Desktop/ROS_COURSES/course_1/ROS2_Level3_Advanced_Concept/install/my_robot_interfaces/share/my_robot_interfaces/hook/cmake_prefix_path.dsv'
[1.041s] INFO:colcon.colcon_core.shell:Creating environment hook '/home/user/Desktop/ROS_COURSES/course_1/ROS2_Level3_Advanced_Concept/install/my_robot_interfaces/share/my_robot_interfaces/hook/cmake_prefix_path.sh'
[1.042s] Level 1:colcon.colcon_core.environment:checking '/home/user/Desktop/ROS_COURSES/course_1/ROS2_Level3_Advanced_Concept/install/my_robot_interfaces/lib'
[1.042s] Level 1:colcon.colcon_core.shell:create_environment_hook('my_robot_interfaces', 'ld_library_path_lib')
[1.042s] INFO:colcon.colcon_core.shell:Creating environment hook '/home/user/Desktop/ROS_COURSES/course_1/ROS2_Level3_Advanced_Concept/install/my_robot_interfaces/share/my_robot_interfaces/hook/ld_library_path_lib.ps1'
[1.043s] INFO:colcon.colcon_core.shell:Creating environment descriptor '/home/user/Desktop/ROS_COURSES/course_1/ROS2_Level3_Advanced_Concept/install/my_robot_interfaces/share/my_robot_interfaces/hook/ld_library_path_lib.dsv'
[1.043s] INFO:colcon.colcon_core.shell:Creating environment hook '/home/user/Desktop/ROS_COURSES/course_1/ROS2_Level3_Advanced_Concept/install/my_robot_interfaces/share/my_robot_interfaces/hook/ld_library_path_lib.sh'
[1.044s] Level 1:colcon.colcon_core.environment:checking '/home/user/Desktop/ROS_COURSES/course_1/ROS2_Level3_Advanced_Concept/install/my_robot_interfaces/bin'
[1.044s] Level 1:colcon.colcon_core.environment:checking '/home/user/Desktop/ROS_COURSES/course_1/ROS2_Level3_Advanced_Concept/install/my_robot_interfaces/lib/pkgconfig/my_robot_interfaces.pc'
[1.044s] Level 1:colcon.colcon_core.environment:checking '/home/user/Desktop/ROS_COURSES/course_1/ROS2_Level3_Advanced_Concept/install/my_robot_interfaces/lib/python3.12/site-packages'
[1.045s] Level 1:colcon.colcon_core.shell:create_environment_hook('my_robot_interfaces', 'pythonpath')
[1.045s] INFO:colcon.colcon_core.shell:Creating environment hook '/home/user/Desktop/ROS_COURSES/course_1/ROS2_Level3_Advanced_Concept/install/my_robot_interfaces/share/my_robot_interfaces/hook/pythonpath.ps1'
[1.045s] INFO:colcon.colcon_core.shell:Creating environment descriptor '/home/user/Desktop/ROS_COURSES/course_1/ROS2_Level3_Advanced_Concept/install/my_robot_interfaces/share/my_robot_interfaces/hook/pythonpath.dsv'
[1.046s] INFO:colcon.colcon_core.shell:Creating environment hook '/home/user/Desktop/ROS_COURSES/course_1/ROS2_Level3_Advanced_Concept/install/my_robot_interfaces/share/my_robot_interfaces/hook/pythonpath.sh'
[1.047s] Level 1:colcon.colcon_core.environment:checking '/home/user/Desktop/ROS_COURSES/course_1/ROS2_Level3_Advanced_Concept/install/my_robot_interfaces/bin'
[1.047s] INFO:colcon.colcon_core.shell:Creating package script '/home/user/Desktop/ROS_COURSES/course_1/ROS2_Level3_Advanced_Concept/install/my_robot_interfaces/share/my_robot_interfaces/package.ps1'
[1.048s] INFO:colcon.colcon_core.shell:Creating package descriptor '/home/user/Desktop/ROS_COURSES/course_1/ROS2_Level3_Advanced_Concept/install/my_robot_interfaces/share/my_robot_interfaces/package.dsv'
[1.049s] INFO:colcon.colcon_core.shell:Creating package script '/home/user/Desktop/ROS_COURSES/course_1/ROS2_Level3_Advanced_Concept/install/my_robot_interfaces/share/my_robot_interfaces/package.sh'
[1.049s] INFO:colcon.colcon_core.shell:Creating package script '/home/user/Desktop/ROS_COURSES/course_1/ROS2_Level3_Advanced_Concept/install/my_robot_interfaces/share/my_robot_interfaces/package.bash'
[1.050s] INFO:colcon.colcon_core.shell:Creating package script '/home/user/Desktop/ROS_COURSES/course_1/ROS2_Level3_Advanced_Concept/install/my_robot_interfaces/share/my_robot_interfaces/package.zsh'
[1.050s] Level 1:colcon.colcon_core.environment:create_file_with_runtime_dependencies(/home/user/Desktop/ROS_COURSES/course_1/ROS2_Level3_Advanced_Concept/install/my_robot_interfaces/share/colcon-core/packages/my_robot_interfaces)
[1.051s] Level 1:colcon.colcon_core.environment:create_environment_scripts_only(my_robot_interfaces)
[1.051s] Level 1:colcon.colcon_core.environment:checking '/home/user/Desktop/ROS_COURSES/course_1/ROS2_Level3_Advanced_Concept/install/my_robot_interfaces' for CMake module files
[1.051s] Level 1:colcon.colcon_core.environment:checking '/home/user/Desktop/ROS_COURSES/course_1/ROS2_Level3_Advanced_Concept/install/my_robot_interfaces' for CMake config files
[1.052s] Level 1:colcon.colcon_core.shell:create_environment_hook('my_robot_interfaces', 'cmake_prefix_path')
[1.052s] INFO:colcon.colcon_core.shell:Creating environment hook '/home/user/Desktop/ROS_COURSES/course_1/ROS2_Level3_Advanced_Concept/install/my_robot_interfaces/share/my_robot_interfaces/hook/cmake_prefix_path.ps1'
[1.052s] INFO:colcon.colcon_core.shell:Creating environment descriptor '/home/user/Desktop/ROS_COURSES/course_1/ROS2_Level3_Advanced_Concept/install/my_robot_interfaces/share/my_robot_interfaces/hook/cmake_prefix_path.dsv'
[1.052s] INFO:colcon.colcon_core.shell:Creating environment hook '/home/user/Desktop/ROS_COURSES/course_1/ROS2_Level3_Advanced_Concept/install/my_robot_interfaces/share/my_robot_interfaces/hook/cmake_prefix_path.sh'
[1.053s] Level 1:colcon.colcon_core.environment:checking '/home/user/Desktop/ROS_COURSES/course_1/ROS2_Level3_Advanced_Concept/install/my_robot_interfaces/lib'
[1.053s] Level 1:colcon.colcon_core.shell:create_environment_hook('my_robot_interfaces', 'ld_library_path_lib')
[1.053s] INFO:colcon.colcon_core.shell:Creating environment hook '/home/user/Desktop/ROS_COURSES/course_1/ROS2_Level3_Advanced_Concept/install/my_robot_interfaces/share/my_robot_interfaces/hook/ld_library_path_lib.ps1'
[1.054s] INFO:colcon.colcon_core.shell:Creating environment descriptor '/home/user/Desktop/ROS_COURSES/course_1/ROS2_Level3_Advanced_Concept/install/my_robot_interfaces/share/my_robot_interfaces/hook/ld_library_path_lib.dsv'
[1.054s] INFO:colcon.colcon_core.shell:Creating environment hook '/home/user/Desktop/ROS_COURSES/course_1/ROS2_Level3_Advanced_Concept/install/my_robot_interfaces/share/my_robot_interfaces/hook/ld_library_path_lib.sh'
[1.054s] Level 1:colcon.colcon_core.environment:checking '/home/user/Desktop/ROS_COURSES/course_1/ROS2_Level3_Advanced_Concept/install/my_robot_interfaces/bin'
[1.054s] Level 1:colcon.colcon_core.environment:checking '/home/user/Desktop/ROS_COURSES/course_1/ROS2_Level3_Advanced_Concept/install/my_robot_interfaces/lib/pkgconfig/my_robot_interfaces.pc'
[1.055s] Level 1:colcon.colcon_core.environment:checking '/home/user/Desktop/ROS_COURSES/course_1/ROS2_Level3_Advanced_Concept/install/my_robot_interfaces/lib/python3.12/site-packages'
[1.055s] Level 1:colcon.colcon_core.shell:create_environment_hook('my_robot_interfaces', 'pythonpath')
[1.055s] INFO:colcon.colcon_core.shell:Creating environment hook '/home/user/Desktop/ROS_COURSES/course_1/ROS2_Level3_Advanced_Concept/install/my_robot_interfaces/share/my_robot_interfaces/hook/pythonpath.ps1'
[1.055s] INFO:colcon.colcon_core.shell:Creating environment descriptor '/home/user/Desktop/ROS_COURSES/course_1/ROS2_Level3_Advanced_Concept/install/my_robot_interfaces/share/my_robot_interfaces/hook/pythonpath.dsv'
[1.056s] INFO:colcon.colcon_core.shell:Creating environment hook '/home/user/Desktop/ROS_COURSES/course_1/ROS2_Level3_Advanced_Concept/install/my_robot_interfaces/share/my_robot_interfaces/hook/pythonpath.sh'
[1.056s] Level 1:colcon.colcon_core.environment:checking '/home/user/Desktop/ROS_COURSES/course_1/ROS2_Level3_Advanced_Concept/install/my_robot_interfaces/bin'
[1.057s] INFO:colcon.colcon_core.shell:Creating package script '/home/user/Desktop/ROS_COURSES/course_1/ROS2_Level3_Advanced_Concept/install/my_robot_interfaces/share/my_robot_interfaces/package.ps1'
[1.057s] INFO:colcon.colcon_core.shell:Creating package descriptor '/home/user/Desktop/ROS_COURSES/course_1/ROS2_Level3_Advanced_Concept/install/my_robot_interfaces/share/my_robot_interfaces/package.dsv'
[1.058s] INFO:colcon.colcon_core.shell:Creating package script '/home/user/Desktop/ROS_COURSES/course_1/ROS2_Level3_Advanced_Concept/install/my_robot_interfaces/share/my_robot_interfaces/package.sh'
[1.058s] INFO:colcon.colcon_core.shell:Creating package script '/home/user/Desktop/ROS_COURSES/course_1/ROS2_Level3_Advanced_Concept/install/my_robot_interfaces/share/my_robot_interfaces/package.bash'
[1.058s] INFO:colcon.colcon_core.shell:Creating package script '/home/user/Desktop/ROS_COURSES/course_1/ROS2_Level3_Advanced_Concept/install/my_robot_interfaces/share/my_robot_interfaces/package.zsh'
[1.059s] Level 1:colcon.colcon_core.environment:create_file_with_runtime_dependencies(/home/user/Desktop/ROS_COURSES/course_1/ROS2_Level3_Advanced_Concept/install/my_robot_interfaces/share/colcon-core/packages/my_robot_interfaces)
[1.059s] INFO:colcon.colcon_ros.task.ament_cmake.build:Building ROS package in '/home/user/Desktop/ROS_COURSES/course_1/ROS2_Level3_Advanced_Concept/src/actions_cpp' with build type 'ament_cmake'
[1.059s] INFO:colcon.colcon_cmake.task.cmake.build:Building CMake package in '/home/user/Desktop/ROS_COURSES/course_1/ROS2_Level3_Advanced_Concept/src/actions_cpp'
[1.059s] INFO:colcon.colcon_core.shell:Skip shell extension 'powershell' for command environment: Not usable outside of PowerShell
[1.059s] DEBUG:colcon.colcon_core.shell:Skip shell extension 'dsv' for command environment
[1.066s] INFO:colcon.colcon_ros.task.ament_python.build:Building ROS package in '/home/user/Desktop/ROS_COURSES/course_1/ROS2_Level3_Advanced_Concept/src/actions_py' with build type 'ament_python'
[1.067s] Level 1:colcon.colcon_core.shell:create_environment_hook('actions_py', 'ament_prefix_path')
[1.070s] INFO:colcon.colcon_core.shell:Creating environment hook '/home/user/Desktop/ROS_COURSES/course_1/ROS2_Level3_Advanced_Concept/install/actions_py/share/actions_py/hook/ament_prefix_path.ps1'
[1.071s] INFO:colcon.colcon_core.shell:Creating environment descriptor '/home/user/Desktop/ROS_COURSES/course_1/ROS2_Level3_Advanced_Concept/install/actions_py/share/actions_py/hook/ament_prefix_path.dsv'
[1.072s] INFO:colcon.colcon_core.shell:Creating environment hook '/home/user/Desktop/ROS_COURSES/course_1/ROS2_Level3_Advanced_Concept/install/actions_py/share/actions_py/hook/ament_prefix_path.sh'
[1.073s] INFO:colcon.colcon_core.shell:Skip shell extension 'powershell' for command environment: Not usable outside of PowerShell
[1.073s] DEBUG:colcon.colcon_core.shell:Skip shell extension 'dsv' for command environment
[1.082s] DEBUG:colcon.colcon_core.event_handler.log_command:Invoking command in '/home/user/Desktop/ROS_COURSES/course_1/ROS2_Level3_Advanced_Concept/build/actions_cpp': CMAKE_PREFIX_PATH=/home/user/Desktop/ROS_COURSES/course_1/ROS2_Level3_Advanced_Concept/install/my_robot_interfaces:/home/user/Desktop/ROS_COURSES/course_1/ROS2_Level3_Advanced_Concept/install/actions_cpp:/home/user/Desktop/ROS_COURSES/course_1/ROS2_Level3_Advanced_Concept/install/lifecycle_cpp:/opt/ros/jazzy/opt/gz_sim_vendor:/opt/ros/jazzy/opt/gz_sensors_vendor:/opt/ros/jazzy/opt/gz_physics_vendor:/opt/ros/jazzy/opt/sdformat_vendor:/opt/ros/jazzy/opt/gz_gui_vendor:/opt/ros/jazzy/opt/gz_transport_vendor:/opt/ros/jazzy/opt/gz_rendering_vendor:/opt/ros/jazzy/opt/gz_plugin_vendor:/opt/ros/jazzy/opt/gz_fuel_tools_vendor:/opt/ros/jazzy/opt/gz_msgs_vendor:/opt/ros/jazzy/opt/gz_common_vendor:/opt/ros/jazzy/opt/gz_math_vendor:/opt/ros/jazzy/opt/gz_utils_vendor:/opt/ros/jazzy/opt/gz_tools_vendor:/opt/ros/jazzy/opt/gz_ogre_next_vendor:/opt/ros/jazzy/opt/gz_dartsim_vendor:/opt/ros/jazzy/opt/gz_cmake_vendor:/home/user/Desktop/ROS_COURSES/course_1/ROS2_Level3_Advanced_Concept/install/actions_py:/home/user/Desktop/ROS_COURSES/course_1/ROS2_Level3_Advanced_Concept/install/lifecycle_py:/opt/ros/jazzy DEBUGINFOD_URLS=https://debuginfod.ubuntu.com PYTHONPATH=/home/user/Desktop/ROS_COURSES/course_1/ROS2_Level3_Advanced_Concept/install/my_robot_interfaces/lib/python3.12/site-packages:/home/user/Desktop/ROS_COURSES/course_1/ROS2_Level3_Advanced_Concept/install/actions_py/lib/python3.12/site-packages:/home/user/Desktop/ROS_COURSES/course_1/ROS2_Level3_Advanced_Concept/install/lifecycle_py/lib/python3.12/site-packages:/opt/ros/jazzy/lib/python3.12/site-packages /usr/bin/cmake --build /home/user/Desktop/ROS_COURSES/course_1/ROS2_Level3_Advanced_Concept/build/actions_cpp -- -j4 -l4
[1.364s] INFO:colcon.colcon_core.task.python.build:Building Python package in '/home/user/Desktop/ROS_COURSES/course_1/ROS2_Level3_Advanced_Concept/src/actions_py'
[1.364s] INFO:colcon.colcon_core.shell:Skip shell extension 'powershell' for command environment: Not usable outside of PowerShell
[1.364s] DEBUG:colcon.colcon_core.shell:Skip shell extension 'dsv' for command environment
[1.369s] DEBUG:colcon.colcon_core.event_handler.log_command:Invoked command in '/home/user/Desktop/ROS_COURSES/course_1/ROS2_Level3_Advanced_Concept/build/actions_cpp' returned '0': CMAKE_PREFIX_PATH=/home/user/Desktop/ROS_COURSES/course_1/ROS2_Level3_Advanced_Concept/install/my_robot_interfaces:/home/user/Desktop/ROS_COURSES/course_1/ROS2_Level3_Advanced_Concept/install/actions_cpp:/home/user/Desktop/ROS_COURSES/course_1/ROS2_Level3_Advanced_Concept/install/lifecycle_cpp:/opt/ros/jazzy/opt/gz_sim_vendor:/opt/ros/jazzy/opt/gz_sensors_vendor:/opt/ros/jazzy/opt/gz_physics_vendor:/opt/ros/jazzy/opt/sdformat_vendor:/opt/ros/jazzy/opt/gz_gui_vendor:/opt/ros/jazzy/opt/gz_transport_vendor:/opt/ros/jazzy/opt/gz_rendering_vendor:/opt/ros/jazzy/opt/gz_plugin_vendor:/opt/ros/jazzy/opt/gz_fuel_tools_vendor:/opt/ros/jazzy/opt/gz_msgs_vendor:/opt/ros/jazzy/opt/gz_common_vendor:/opt/ros/jazzy/opt/gz_math_vendor:/opt/ros/jazzy/opt/gz_utils_vendor:/opt/ros/jazzy/opt/gz_tools_vendor:/opt/ros/jazzy/opt/gz_ogre_next_vendor:/opt/ros/jazzy/opt/gz_dartsim_vendor:/opt/ros/jazzy/opt/gz_cmake_vendor:/home/user/Desktop/ROS_COURSES/course_1/ROS2_Level3_Advanced_Concept/install/actions_py:/home/user/Desktop/ROS_COURSES/course_1/ROS2_Level3_Advanced_Concept/install/lifecycle_py:/opt/ros/jazzy DEBUGINFOD_URLS=https://debuginfod.ubuntu.com PYTHONPATH=/home/user/Desktop/ROS_COURSES/course_1/ROS2_Level3_Advanced_Concept/install/my_robot_interfaces/lib/python3.12/site-packages:/home/user/Desktop/ROS_COURSES/course_1/ROS2_Level3_Advanced_Concept/install/actions_py/lib/python3.12/site-packages:/home/user/Desktop/ROS_COURSES/course_1/ROS2_Level3_Advanced_Concept/install/lifecycle_py/lib/python3.12/site-packages:/opt/ros/jazzy/lib/python3.12/site-packages /usr/bin/cmake --build /home/user/Desktop/ROS_COURSES/course_1/ROS2_Level3_Advanced_Concept/build/actions_cpp -- -j4 -l4
[1.372s] DEBUG:colcon.colcon_core.event_handler.log_command:Invoking command in '/home/user/Desktop/ROS_COURSES/course_1/ROS2_Level3_Advanced_Concept/build/actions_cpp': CMAKE_PREFIX_PATH=/home/user/Desktop/ROS_COURSES/course_1/ROS2_Level3_Advanced_Concept/install/my_robot_interfaces:/home/user/Desktop/ROS_COURSES/course_1/ROS2_Level3_Advanced_Concept/install/actions_cpp:/home/user/Desktop/ROS_COURSES/course_1/ROS2_Level3_Advanced_Concept/install/lifecycle_cpp:/opt/ros/jazzy/opt/gz_sim_vendor:/opt/ros/jazzy/opt/gz_sensors_vendor:/opt/ros/jazzy/opt/gz_physics_vendor:/opt/ros/jazzy/opt/sdformat_vendor:/opt/ros/jazzy/opt/gz_gui_vendor:/opt/ros/jazzy/opt/gz_transport_vendor:/opt/ros/jazzy/opt/gz_rendering_vendor:/opt/ros/jazzy/opt/gz_plugin_vendor:/opt/ros/jazzy/opt/gz_fuel_tools_vendor:/opt/ros/jazzy/opt/gz_msgs_vendor:/opt/ros/jazzy/opt/gz_common_vendor:/opt/ros/jazzy/opt/gz_math_vendor:/opt/ros/jazzy/opt/gz_utils_vendor:/opt/ros/jazzy/opt/gz_tools_vendor:/opt/ros/jazzy/opt/gz_ogre_next_vendor:/opt/ros/jazzy/opt/gz_dartsim_vendor:/opt/ros/jazzy/opt/gz_cmake_vendor:/home/user/Desktop/ROS_COURSES/course_1/ROS2_Level3_Advanced_Concept/install/actions_py:/home/user/Desktop/ROS_COURSES/course_1/ROS2_Level3_Advanced_Concept/install/lifecycle_py:/opt/ros/jazzy DEBUGINFOD_URLS=https://debuginfod.ubuntu.com PYTHONPATH=/home/user/Desktop/ROS_COURSES/course_1/ROS2_Level3_Advanced_Concept/install/my_robot_interfaces/lib/python3.12/site-packages:/home/user/Desktop/ROS_COURSES/course_1/ROS2_Level3_Advanced_Concept/install/actions_py/lib/python3.12/site-packages:/home/user/Desktop/ROS_COURSES/course_1/ROS2_Level3_Advanced_Concept/install/lifecycle_py/lib/python3.12/site-packages:/opt/ros/jazzy/lib/python3.12/site-packages /usr/bin/cmake --install /home/user/Desktop/ROS_COURSES/course_1/ROS2_Level3_Advanced_Concept/build/actions_cpp
[1.388s] Level 1:colcon.colcon_core.environment:create_environment_scripts_only(actions_cpp)
[1.388s] Level 1:colcon.colcon_core.environment:checking '/home/user/Desktop/ROS_COURSES/course_1/ROS2_Level3_Advanced_Concept/install/actions_cpp' for CMake module files
[1.389s] DEBUG:colcon.colcon_core.event_handler.log_command:Invoked command in '/home/user/Desktop/ROS_COURSES/course_1/ROS2_Level3_Advanced_Concept/build/actions_cpp' returned '0': CMAKE_PREFIX_PATH=/home/user/Desktop/ROS_COURSES/course_1/ROS2_Level3_Advanced_Concept/install/my_robot_interfaces:/home/user/Desktop/ROS_COURSES/course_1/ROS2_Level3_Advanced_Concept/install/actions_cpp:/home/user/Desktop/ROS_COURSES/course_1/ROS2_Level3_Advanced_Concept/install/lifecycle_cpp:/opt/ros/jazzy/opt/gz_sim_vendor:/opt/ros/jazzy/opt/gz_sensors_vendor:/opt/ros/jazzy/opt/gz_physics_vendor:/opt/ros/jazzy/opt/sdformat_vendor:/opt/ros/jazzy/opt/gz_gui_vendor:/opt/ros/jazzy/opt/gz_transport_vendor:/opt/ros/jazzy/opt/gz_rendering_vendor:/opt/ros/jazzy/opt/gz_plugin_vendor:/opt/ros/jazzy/opt/gz_fuel_tools_vendor:/opt/ros/jazzy/opt/gz_msgs_vendor:/opt/ros/jazzy/opt/gz_common_vendor:/opt/ros/jazzy/opt/gz_math_vendor:/opt/ros/jazzy/opt/gz_utils_vendor:/opt/ros/jazzy/opt/gz_tools_vendor:/opt/ros/jazzy/opt/gz_ogre_next_vendor:/opt/ros/jazzy/opt/gz_dartsim_vendor:/opt/ros/jazzy/opt/gz_cmake_vendor:/home/user/Desktop/ROS_COURSES/course_1/ROS2_Level3_Advanced_Concept/install/actions_py:/home/user/Desktop/ROS_COURSES/course_1/ROS2_Level3_Advanced_Concept/install/lifecycle_py:/opt/ros/jazzy DEBUGINFOD_URLS=https://debuginfod.ubuntu.com PYTHONPATH=/home/user/Desktop/ROS_COURSES/course_1/ROS2_Level3_Advanced_Concept/install/my_robot_interfaces/lib/python3.12/site-packages:/home/user/Desktop/ROS_COURSES/course_1/ROS2_Level3_Advanced_Concept/install/actions_py/lib/python3.12/site-packages:/home/user/Desktop/ROS_COURSES/course_1/ROS2_Level3_Advanced_Concept/install/lifecycle_py/lib/python3.12/site-packages:/opt/ros/jazzy/lib/python3.12/site-packages /usr/bin/cmake --install /home/user/Desktop/ROS_COURSES/course_1/ROS2_Level3_Advanced_Concept/build/actions_cpp
[1.390s] Level 1:colcon.colcon_core.environment:checking '/home/user/Desktop/ROS_COURSES/course_1/ROS2_Level3_Advanced_Concept/install/actions_cpp' for CMake config files
[1.390s] Level 1:colcon.colcon_core.shell:create_environment_hook('actions_cpp', 'cmake_prefix_path')
[1.390s] INFO:colcon.colcon_core.shell:Creating environment hook '/home/user/Desktop/ROS_COURSES/course_1/ROS2_Level3_Advanced_Concept/install/actions_cpp/share/actions_cpp/hook/cmake_prefix_path.ps1'
[1.391s] INFO:colcon.colcon_core.shell:Creating environment descriptor '/home/user/Desktop/ROS_COURSES/course_1/ROS2_Level3_Advanced_Concept/install/actions_cpp/share/actions_cpp/hook/cmake_prefix_path.dsv'
[1.391s] INFO:colcon.colcon_core.shell:Creating environment hook '/home/user/Desktop/ROS_COURSES/course_1/ROS2_Level3_Advanced_Concept/install/actions_cpp/share/actions_cpp/hook/cmake_prefix_path.sh'
[1.392s] Level 1:colcon.colcon_core.environment:checking '/home/user/Desktop/ROS_COURSES/course_1/ROS2_Level3_Advanced_Concept/install/actions_cpp/lib'
[1.392s] Level 1:colcon.colcon_core.environment:checking '/home/user/Desktop/ROS_COURSES/course_1/ROS2_Level3_Advanced_Concept/install/actions_cpp/bin'
[1.393s] Level 1:colcon.colcon_core.environment:checking '/home/user/Desktop/ROS_COURSES/course_1/ROS2_Level3_Advanced_Concept/install/actions_cpp/lib/pkgconfig/actions_cpp.pc'
[1.393s] Level 1:colcon.colcon_core.environment:checking '/home/user/Desktop/ROS_COURSES/course_1/ROS2_Level3_Advanced_Concept/install/actions_cpp/lib/python3.12/site-packages'
[1.393s] Level 1:colcon.colcon_core.environment:checking '/home/user/Desktop/ROS_COURSES/course_1/ROS2_Level3_Advanced_Concept/install/actions_cpp/bin'
[1.394s] INFO:colcon.colcon_core.shell:Creating package script '/home/user/Desktop/ROS_COURSES/course_1/ROS2_Level3_Advanced_Concept/install/actions_cpp/share/actions_cpp/package.ps1'
[1.394s] INFO:colcon.colcon_core.shell:Creating package descriptor '/home/user/Desktop/ROS_COURSES/course_1/ROS2_Level3_Advanced_Concept/install/actions_cpp/share/actions_cpp/package.dsv'
[1.395s] INFO:colcon.colcon_core.shell:Creating package script '/home/user/Desktop/ROS_COURSES/course_1/ROS2_Level3_Advanced_Concept/install/actions_cpp/share/actions_cpp/package.sh'
[1.396s] INFO:colcon.colcon_core.shell:Creating package script '/home/user/Desktop/ROS_COURSES/course_1/ROS2_Level3_Advanced_Concept/install/actions_cpp/share/actions_cpp/package.bash'
[1.396s] INFO:colcon.colcon_core.shell:Creating package script '/home/user/Desktop/ROS_COURSES/course_1/ROS2_Level3_Advanced_Concept/install/actions_cpp/share/actions_cpp/package.zsh'
[1.397s] Level 1:colcon.colcon_core.environment:create_file_with_runtime_dependencies(/home/user/Desktop/ROS_COURSES/course_1/ROS2_Level3_Advanced_Concept/install/actions_cpp/share/colcon-core/packages/actions_cpp)
[1.398s] Level 1:colcon.colcon_core.environment:create_environment_scripts_only(actions_cpp)
[1.398s] Level 1:colcon.colcon_core.environment:checking '/home/user/Desktop/ROS_COURSES/course_1/ROS2_Level3_Advanced_Concept/install/actions_cpp' for CMake module files
[1.399s] Level 1:colcon.colcon_core.environment:checking '/home/user/Desktop/ROS_COURSES/course_1/ROS2_Level3_Advanced_Concept/install/actions_cpp' for CMake config files
[1.399s] Level 1:colcon.colcon_core.shell:create_environment_hook('actions_cpp', 'cmake_prefix_path')
[1.399s] INFO:colcon.colcon_core.shell:Creating environment hook '/home/user/Desktop/ROS_COURSES/course_1/ROS2_Level3_Advanced_Concept/install/actions_cpp/share/actions_cpp/hook/cmake_prefix_path.ps1'
[1.400s] INFO:colcon.colcon_core.shell:Creating environment descriptor '/home/user/Desktop/ROS_COURSES/course_1/ROS2_Level3_Advanced_Concept/install/actions_cpp/share/actions_cpp/hook/cmake_prefix_path.dsv'
[1.401s] INFO:colcon.colcon_core.shell:Creating environment hook '/home/user/Desktop/ROS_COURSES/course_1/ROS2_Level3_Advanced_Concept/install/actions_cpp/share/actions_cpp/hook/cmake_prefix_path.sh'
[1.401s] Level 1:colcon.colcon_core.environment:checking '/home/user/Desktop/ROS_COURSES/course_1/ROS2_Level3_Advanced_Concept/install/actions_cpp/lib'
[1.402s] Level 1:colcon.colcon_core.environment:checking '/home/user/Desktop/ROS_COURSES/course_1/ROS2_Level3_Advanced_Concept/install/actions_cpp/bin'
[1.402s] Level 1:colcon.colcon_core.environment:checking '/home/user/Desktop/ROS_COURSES/course_1/ROS2_Level3_Advanced_Concept/install/actions_cpp/lib/pkgconfig/actions_cpp.pc'
[1.402s] Level 1:colcon.colcon_core.environment:checking '/home/user/Desktop/ROS_COURSES/course_1/ROS2_Level3_Advanced_Concept/install/actions_cpp/lib/python3.12/site-packages'
[1.403s] Level 1:colcon.colcon_core.environment:checking '/home/user/Desktop/ROS_COURSES/course_1/ROS2_Level3_Advanced_Concept/install/actions_cpp/bin'
[1.403s] INFO:colcon.colcon_core.shell:Creating package script '/home/user/Desktop/ROS_COURSES/course_1/ROS2_Level3_Advanced_Concept/install/actions_cpp/share/actions_cpp/package.ps1'
[1.404s] INFO:colcon.colcon_core.shell:Creating package descriptor '/home/user/Desktop/ROS_COURSES/course_1/ROS2_Level3_Advanced_Concept/install/actions_cpp/share/actions_cpp/package.dsv'
[1.405s] INFO:colcon.colcon_core.shell:Creating package script '/home/user/Desktop/ROS_COURSES/course_1/ROS2_Level3_Advanced_Concept/install/actions_cpp/share/actions_cpp/package.sh'
[1.405s] INFO:colcon.colcon_core.shell:Creating package script '/home/user/Desktop/ROS_COURSES/course_1/ROS2_Level3_Advanced_Concept/install/actions_cpp/share/actions_cpp/package.bash'
[1.406s] INFO:colcon.colcon_core.shell:Creating package script '/home/user/Desktop/ROS_COURSES/course_1/ROS2_Level3_Advanced_Concept/install/actions_cpp/share/actions_cpp/package.zsh'
[1.407s] Level 1:colcon.colcon_core.environment:create_file_with_runtime_dependencies(/home/user/Desktop/ROS_COURSES/course_1/ROS2_Level3_Advanced_Concept/install/actions_cpp/share/colcon-core/packages/actions_cpp)
[1.556s] DEBUG:colcon.colcon_core.event_handler.log_command:Invoking command in '/home/user/Desktop/ROS_COURSES/course_1/ROS2_Level3_Advanced_Concept/src/lifecycle_py': DEBUGINFOD_URLS=https://debuginfod.ubuntu.com PYTHONPATH=/home/user/Desktop/ROS_COURSES/course_1/ROS2_Level3_Advanced_Concept/build/lifecycle_py/prefix_override:/usr/lib/python3/dist-packages/colcon_core/task/python/colcon_distutils_commands:/home/user/Desktop/ROS_COURSES/course_1/ROS2_Level3_Advanced_Concept/install/lifecycle_py/lib/python3.12/site-packages:${PYTHONPATH} /usr/bin/python3 -W ignore:setup.py install is deprecated -W ignore:easy_install command is deprecated setup.py egg_info --egg-base ../../build/lifecycle_py build --build-base /home/user/Desktop/ROS_COURSES/course_1/ROS2_Level3_Advanced_Concept/build/lifecycle_py/build install --record /home/user/Desktop/ROS_COURSES/course_1/ROS2_Level3_Advanced_Concept/build/lifecycle_py/install.log --single-version-externally-managed install_data
[2.080s] DEBUG:colcon.colcon_core.event_handler.log_command:Invoking command in '/home/user/Desktop/ROS_COURSES/course_1/ROS2_Level3_Advanced_Concept/src/actions_py': CMAKE_PREFIX_PATH=/home/user/Desktop/ROS_COURSES/course_1/ROS2_Level3_Advanced_Concept/install/my_robot_interfaces:/home/user/Desktop/ROS_COURSES/course_1/ROS2_Level3_Advanced_Concept/install/actions_cpp:/home/user/Desktop/ROS_COURSES/course_1/ROS2_Level3_Advanced_Concept/install/lifecycle_cpp:/opt/ros/jazzy/opt/gz_sim_vendor:/opt/ros/jazzy/opt/gz_sensors_vendor:/opt/ros/jazzy/opt/gz_physics_vendor:/opt/ros/jazzy/opt/sdformat_vendor:/opt/ros/jazzy/opt/gz_gui_vendor:/opt/ros/jazzy/opt/gz_transport_vendor:/opt/ros/jazzy/opt/gz_rendering_vendor:/opt/ros/jazzy/opt/gz_plugin_vendor:/opt/ros/jazzy/opt/gz_fuel_tools_vendor:/opt/ros/jazzy/opt/gz_msgs_vendor:/opt/ros/jazzy/opt/gz_common_vendor:/opt/ros/jazzy/opt/gz_math_vendor:/opt/ros/jazzy/opt/gz_utils_vendor:/opt/ros/jazzy/opt/gz_tools_vendor:/opt/ros/jazzy/opt/gz_ogre_next_vendor:/opt/ros/jazzy/opt/gz_dartsim_vendor:/opt/ros/jazzy/opt/gz_cmake_vendor DEBUGINFOD_URLS=https://debuginfod.ubuntu.com PYTHONPATH=/home/user/Desktop/ROS_COURSES/course_1/ROS2_Level3_Advanced_Concept/build/actions_py/prefix_override:/usr/lib/python3/dist-packages/colcon_core/task/python/colcon_distutils_commands:/home/user/Desktop/ROS_COURSES/course_1/ROS2_Level3_Advanced_Concept/install/actions_py/lib/python3.12/site-packages:/home/user/Desktop/ROS_COURSES/course_1/ROS2_Level3_Advanced_Concept/install/my_robot_interfaces/lib/python3.12/site-packages:/home/user/Desktop/ROS_COURSES/course_1/ROS2_Level3_Advanced_Concept/install/actions_py/lib/python3.12/site-packages:/home/user/Desktop/ROS_COURSES/course_1/ROS2_Level3_Advanced_Concept/install/lifecycle_py/lib/python3.12/site-packages:/opt/ros/jazzy/lib/python3.12/site-packages /usr/bin/python3 -W ignore:setup.py install is deprecated -W ignore:easy_install command is deprecated setup.py egg_info --egg-base ../../build/actions_py build --build-base /home/user/Desktop/ROS_COURSES/course_1/ROS2_Level3_Advanced_Concept/build/actions_py/build install --record /home/user/Desktop/ROS_COURSES/course_1/ROS2_Level3_Advanced_Concept/build/actions_py/install.log --single-version-externally-managed install_data
[2.218s] Level 1:colcon.colcon_core.environment:checking '/home/user/Desktop/ROS_COURSES/course_1/ROS2_Level3_Advanced_Concept/install/lifecycle_py' for CMake module files
[2.218s] DEBUG:colcon.colcon_core.event_handler.log_command:Invoked command in '/home/user/Desktop/ROS_COURSES/course_1/ROS2_Level3_Advanced_Concept/src/lifecycle_py' returned '0': DEBUGINFOD_URLS=https://debuginfod.ubuntu.com PYTHONPATH=/home/user/Desktop/ROS_COURSES/course_1/ROS2_Level3_Advanced_Concept/build/lifecycle_py/prefix_override:/usr/lib/python3/dist-packages/colcon_core/task/python/colcon_distutils_commands:/home/user/Desktop/ROS_COURSES/course_1/ROS2_Level3_Advanced_Concept/install/lifecycle_py/lib/python3.12/site-packages:${PYTHONPATH} /usr/bin/python3 -W ignore:setup.py install is deprecated -W ignore:easy_install command is deprecated setup.py egg_info --egg-base ../../build/lifecycle_py build --build-base /home/user/Desktop/ROS_COURSES/course_1/ROS2_Level3_Advanced_Concept/build/lifecycle_py/build install --record /home/user/Desktop/ROS_COURSES/course_1/ROS2_Level3_Advanced_Concept/build/lifecycle_py/install.log --single-version-externally-managed install_data
[2.219s] Level 1:colcon.colcon_core.environment:checking '/home/user/Desktop/ROS_COURSES/course_1/ROS2_Level3_Advanced_Concept/install/lifecycle_py' for CMake config files
[2.220s] Level 1:colcon.colcon_core.environment:checking '/home/user/Desktop/ROS_COURSES/course_1/ROS2_Level3_Advanced_Concept/install/lifecycle_py/lib'
[2.220s] Level 1:colcon.colcon_core.environment:checking '/home/user/Desktop/ROS_COURSES/course_1/ROS2_Level3_Advanced_Concept/install/lifecycle_py/bin'
[2.220s] Level 1:colcon.colcon_core.environment:checking '/home/user/Desktop/ROS_COURSES/course_1/ROS2_Level3_Advanced_Concept/install/lifecycle_py/lib/pkgconfig/lifecycle_py.pc'
[2.220s] Level 1:colcon.colcon_core.environment:checking '/home/user/Desktop/ROS_COURSES/course_1/ROS2_Level3_Advanced_Concept/install/lifecycle_py/lib/python3.12/site-packages'
[2.220s] Level 1:colcon.colcon_core.shell:create_environment_hook('lifecycle_py', 'pythonpath')
[2.221s] INFO:colcon.colcon_core.shell:Creating environment hook '/home/user/Desktop/ROS_COURSES/course_1/ROS2_Level3_Advanced_Concept/install/lifecycle_py/share/lifecycle_py/hook/pythonpath.ps1'
[2.221s] INFO:colcon.colcon_core.shell:Creating environment descriptor '/home/user/Desktop/ROS_COURSES/course_1/ROS2_Level3_Advanced_Concept/install/lifecycle_py/share/lifecycle_py/hook/pythonpath.dsv'
[2.222s] INFO:colcon.colcon_core.shell:Creating environment hook '/home/user/Desktop/ROS_COURSES/course_1/ROS2_Level3_Advanced_Concept/install/lifecycle_py/share/lifecycle_py/hook/pythonpath.sh'
[2.223s] Level 1:colcon.colcon_core.environment:checking '/home/user/Desktop/ROS_COURSES/course_1/ROS2_Level3_Advanced_Concept/install/lifecycle_py/bin'
[2.223s] Level 1:colcon.colcon_core.environment:create_environment_scripts_only(lifecycle_py)
[2.223s] INFO:colcon.colcon_core.shell:Creating package script '/home/user/Desktop/ROS_COURSES/course_1/ROS2_Level3_Advanced_Concept/install/lifecycle_py/share/lifecycle_py/package.ps1'
[2.224s] INFO:colcon.colcon_core.shell:Creating package descriptor '/home/user/Desktop/ROS_COURSES/course_1/ROS2_Level3_Advanced_Concept/install/lifecycle_py/share/lifecycle_py/package.dsv'
[2.224s] INFO:colcon.colcon_core.shell:Creating package script '/home/user/Desktop/ROS_COURSES/course_1/ROS2_Level3_Advanced_Concept/install/lifecycle_py/share/lifecycle_py/package.sh'
[2.225s] INFO:colcon.colcon_core.shell:Creating package script '/home/user/Desktop/ROS_COURSES/course_1/ROS2_Level3_Advanced_Concept/install/lifecycle_py/share/lifecycle_py/package.bash'
[2.225s] INFO:colcon.colcon_core.shell:Creating package script '/home/user/Desktop/ROS_COURSES/course_1/ROS2_Level3_Advanced_Concept/install/lifecycle_py/share/lifecycle_py/package.zsh'
[2.226s] Level 1:colcon.colcon_core.environment:create_file_with_runtime_dependencies(/home/user/Desktop/ROS_COURSES/course_1/ROS2_Level3_Advanced_Concept/install/lifecycle_py/share/colcon-core/packages/lifecycle_py)
[2.730s] Level 1:colcon.colcon_core.environment:checking '/home/user/Desktop/ROS_COURSES/course_1/ROS2_Level3_Advanced_Concept/install/actions_py' for CMake module files
[2.731s] DEBUG:colcon.colcon_core.event_handler.log_command:Invoked command in '/home/user/Desktop/ROS_COURSES/course_1/ROS2_Level3_Advanced_Concept/src/actions_py' returned '0': CMAKE_PREFIX_PATH=/home/user/Desktop/ROS_COURSES/course_1/ROS2_Level3_Advanced_Concept/install/my_robot_interfaces:/home/user/Desktop/ROS_COURSES/course_1/ROS2_Level3_Advanced_Concept/install/actions_cpp:/home/user/Desktop/ROS_COURSES/course_1/ROS2_Level3_Advanced_Concept/install/lifecycle_cpp:/opt/ros/jazzy/opt/gz_sim_vendor:/opt/ros/jazzy/opt/gz_sensors_vendor:/opt/ros/jazzy/opt/gz_physics_vendor:/opt/ros/jazzy/opt/sdformat_vendor:/opt/ros/jazzy/opt/gz_gui_vendor:/opt/ros/jazzy/opt/gz_transport_vendor:/opt/ros/jazzy/opt/gz_rendering_vendor:/opt/ros/jazzy/opt/gz_plugin_vendor:/opt/ros/jazzy/opt/gz_fuel_tools_vendor:/opt/ros/jazzy/opt/gz_msgs_vendor:/opt/ros/jazzy/opt/gz_common_vendor:/opt/ros/jazzy/opt/gz_math_vendor:/opt/ros/jazzy/opt/gz_utils_vendor:/opt/ros/jazzy/opt/gz_tools_vendor:/opt/ros/jazzy/opt/gz_ogre_next_vendor:/opt/ros/jazzy/opt/gz_dartsim_vendor:/opt/ros/jazzy/opt/gz_cmake_vendor DEBUGINFOD_URLS=https://debuginfod.ubuntu.com PYTHONPATH=/home/user/Desktop/ROS_COURSES/course_1/ROS2_Level3_Advanced_Concept/build/actions_py/prefix_override:/usr/lib/python3/dist-packages/colcon_core/task/python/colcon_distutils_commands:/home/user/Desktop/ROS_COURSES/course_1/ROS2_Level3_Advanced_Concept/install/actions_py/lib/python3.12/site-packages:/home/user/Desktop/ROS_COURSES/course_1/ROS2_Level3_Advanced_Concept/install/my_robot_interfaces/lib/python3.12/site-packages:/home/user/Desktop/ROS_COURSES/course_1/ROS2_Level3_Advanced_Concept/install/actions_py/lib/python3.12/site-packages:/home/user/Desktop/ROS_COURSES/course_1/ROS2_Level3_Advanced_Concept/install/lifecycle_py/lib/python3.12/site-packages:/opt/ros/jazzy/lib/python3.12/site-packages /usr/bin/python3 -W ignore:setup.py install is deprecated -W ignore:easy_install command is deprecated setup.py egg_info --egg-base ../../build/actions_py build --build-base /home/user/Desktop/ROS_COURSES/course_1/ROS2_Level3_Advanced_Concept/build/actions_py/build install --record /home/user/Desktop/ROS_COURSES/course_1/ROS2_Level3_Advanced_Concept/build/actions_py/install.log --single-version-externally-managed install_data
[2.731s] Level 1:colcon.colcon_core.environment:checking '/home/user/Desktop/ROS_COURSES/course_1/ROS2_Level3_Advanced_Concept/install/actions_py' for CMake config files
[2.731s] Level 1:colcon.colcon_core.environment:checking '/home/user/Desktop/ROS_COURSES/course_1/ROS2_Level3_Advanced_Concept/install/actions_py/lib'
[2.732s] Level 1:colcon.colcon_core.environment:checking '/home/user/Desktop/ROS_COURSES/course_1/ROS2_Level3_Advanced_Concept/install/actions_py/bin'
[2.732s] Level 1:colcon.colcon_core.environment:checking '/home/user/Desktop/ROS_COURSES/course_1/ROS2_Level3_Advanced_Concept/install/actions_py/lib/pkgconfig/actions_py.pc'
[2.732s] Level 1:colcon.colcon_core.environment:checking '/home/user/Desktop/ROS_COURSES/course_1/ROS2_Level3_Advanced_Concept/install/actions_py/lib/python3.12/site-packages'
[2.732s] Level 1:colcon.colcon_core.shell:create_environment_hook('actions_py', 'pythonpath')
[2.732s] INFO:colcon.colcon_core.shell:Creating environment hook '/home/user/Desktop/ROS_COURSES/course_1/ROS2_Level3_Advanced_Concept/install/actions_py/share/actions_py/hook/pythonpath.ps1'
[2.732s] INFO:colcon.colcon_core.shell:Creating environment descriptor '/home/user/Desktop/ROS_COURSES/course_1/ROS2_Level3_Advanced_Concept/install/actions_py/share/actions_py/hook/pythonpath.dsv'
[2.733s] INFO:colcon.colcon_core.shell:Creating environment hook '/home/user/Desktop/ROS_COURSES/course_1/ROS2_Level3_Advanced_Concept/install/actions_py/share/actions_py/hook/pythonpath.sh'
[2.733s] Level 1:colcon.colcon_core.environment:checking '/home/user/Desktop/ROS_COURSES/course_1/ROS2_Level3_Advanced_Concept/install/actions_py/bin'
[2.733s] Level 1:colcon.colcon_core.environment:create_environment_scripts_only(actions_py)
[2.734s] INFO:colcon.colcon_core.shell:Creating package script '/home/user/Desktop/ROS_COURSES/course_1/ROS2_Level3_Advanced_Concept/install/actions_py/share/actions_py/package.ps1'
[2.734s] INFO:colcon.colcon_core.shell:Creating package descriptor '/home/user/Desktop/ROS_COURSES/course_1/ROS2_Level3_Advanced_Concept/install/actions_py/share/actions_py/package.dsv'
[2.734s] INFO:colcon.colcon_core.shell:Creating package script '/home/user/Desktop/ROS_COURSES/course_1/ROS2_Level3_Advanced_Concept/install/actions_py/share/actions_py/package.sh'
[2.735s] INFO:colcon.colcon_core.shell:Creating package script '/home/user/Desktop/ROS_COURSES/course_1/ROS2_Level3_Advanced_Concept/install/actions_py/share/actions_py/package.bash'
[2.735s] INFO:colcon.colcon_core.shell:Creating package script '/home/user/Desktop/ROS_COURSES/course_1/ROS2_Level3_Advanced_Concept/install/actions_py/share/actions_py/package.zsh'
[2.735s] Level 1:colcon.colcon_core.environment:create_file_with_runtime_dependencies(/home/user/Desktop/ROS_COURSES/course_1/ROS2_Level3_Advanced_Concept/install/actions_py/share/colcon-core/packages/actions_py)
[2.736s] DEBUG:colcon.colcon_parallel_executor.executor.parallel:closing loop
[2.736s] DEBUG:colcon.colcon_parallel_executor.executor.parallel:loop closed
[2.736s] DEBUG:colcon.colcon_parallel_executor.executor.parallel:run_until_complete finished with '0'
[2.736s] DEBUG:colcon.colcon_core.event_reactor:joining thread
[2.748s] INFO:colcon.colcon_core.plugin_system:Skipping extension 'colcon_notification.desktop_notification.terminal_notifier': Not used on non-Darwin systems
[2.748s] INFO:colcon.colcon_core.plugin_system:Skipping extension 'colcon_notification.desktop_notification.win32': Not used on non-Windows systems
[2.748s] INFO:colcon.colcon_notification.desktop_notification:Sending desktop notification using 'notify2'
[2.761s] DEBUG:colcon.colcon_core.event_reactor:joined thread
[2.761s] INFO:colcon.colcon_core.shell:Creating prefix script '/home/user/Desktop/ROS_COURSES/course_1/ROS2_Level3_Advanced_Concept/install/local_setup.ps1'
[2.762s] INFO:colcon.colcon_core.shell:Creating prefix util module '/home/user/Desktop/ROS_COURSES/course_1/ROS2_Level3_Advanced_Concept/install/_local_setup_util_ps1.py'
[2.763s] INFO:colcon.colcon_core.shell:Creating prefix chain script '/home/user/Desktop/ROS_COURSES/course_1/ROS2_Level3_Advanced_Concept/install/setup.ps1'
[2.764s] INFO:colcon.colcon_core.shell:Creating prefix script '/home/user/Desktop/ROS_COURSES/course_1/ROS2_Level3_Advanced_Concept/install/local_setup.sh'
[2.764s] INFO:colcon.colcon_core.shell:Creating prefix util module '/home/user/Desktop/ROS_COURSES/course_1/ROS2_Level3_Advanced_Concept/install/_local_setup_util_sh.py'
[2.765s] INFO:colcon.colcon_core.shell:Creating prefix chain script '/home/user/Desktop/ROS_COURSES/course_1/ROS2_Level3_Advanced_Concept/install/setup.sh'
[2.766s] INFO:colcon.colcon_core.shell:Creating prefix script '/home/user/Desktop/ROS_COURSES/course_1/ROS2_Level3_Advanced_Concept/install/local_setup.bash'
[2.766s] INFO:colcon.colcon_core.shell:Creating prefix chain script '/home/user/Desktop/ROS_COURSES/course_1/ROS2_Level3_Advanced_Concept/install/setup.bash'
[2.767s] INFO:colcon.colcon_core.shell:Creating prefix script '/home/user/Desktop/ROS_COURSES/course_1/ROS2_Level3_Advanced_Concept/install/local_setup.zsh'
[2.768s] INFO:colcon.colcon_core.shell:Creating prefix chain script '/home/user/Desktop/ROS_COURSES/course_1/ROS2_Level3_Advanced_Concept/install/setup.zsh'
