[0.254s] DEBUG:colcon:Command line arguments: ['/usr/bin/colcon', 'build']
[0.254s] DEBUG:colcon:Parsed command line arguments: Namespace(log_base=None, log_level=None, verb_name='build', build_base='build', install_base='install', merge_install=False, symlink_install=False, test_result_base=None, continue_on_error=False, executor='parallel', parallel_workers=4, event_handlers=None, ignore_user_meta=False, metas=['./colcon.meta'], base_paths=['.'], packages_ignore=None, packages_ignore_regex=None, paths=None, packages_up_to=None, packages_up_to_regex=None, packages_above=None, packages_above_and_dependencies=None, packages_above_depth=None, packages_select_by_dep=None, packages_skip_by_dep=None, packages_skip_up_to=None, packages_select_build_failed=False, packages_skip_build_finished=False, packages_select_test_failures=False, packages_skip_test_passed=False, packages_select=None, packages_skip=None, packages_select_regex=None, packages_skip_regex=None, packages_start=None, packages_end=None, allow_overriding=[], cmake_args=None, cmake_target=None, cmake_target_skip_unavailable=False, cmake_clean_cache=False, cmake_clean_first=False, cmake_force_configure=False, ament_cmake_args=None, catkin_cmake_args=None, catkin_skip_building_tests=False, mixin_files=None, mixin=None, verb_parser=<colcon_mixin.mixin.mixin_argument.MixinArgumentDecorator object at 0x764f27ea1a60>, verb_extension=<colcon_core.verb.build.BuildVerb object at 0x764f27ea1370>, main=<bound method BuildVerb.main of <colcon_core.verb.build.BuildVerb object at 0x764f27ea1370>>, mixin_verb=('build',))
[0.325s] Level 1:colcon.colcon_core.package_discovery:discover_packages(colcon_meta) check parameters
[0.325s] Level 1:colcon.colcon_core.package_discovery:discover_packages(recursive) check parameters
[0.325s] Level 1:colcon.colcon_core.package_discovery:discover_packages(ignore) check parameters
[0.325s] Level 1:colcon.colcon_core.package_discovery:discover_packages(path) check parameters
[0.325s] Level 1:colcon.colcon_core.package_discovery:discover_packages(colcon_meta) discover
[0.325s] Level 1:colcon.colcon_core.package_discovery:discover_packages(recursive) discover
[0.326s] INFO:colcon.colcon_core.package_discovery:Crawling recursively for packages in '/home/user/Desktop/ROS_COURSES/course_1/ROS2_Level3_Advanced_Concept'
[0.326s] Level 1:colcon.colcon_core.package_identification:_identify(.) by extensions ['ignore', 'ignore_ament_install']
[0.326s] Level 1:colcon.colcon_core.package_identification:_identify(.) by extension 'ignore'
[0.326s] Level 1:colcon.colcon_core.package_identification:_identify(.) by extension 'ignore_ament_install'
[0.326s] Level 1:colcon.colcon_core.package_identification:_identify(.) by extensions ['colcon_pkg']
[0.326s] Level 1:colcon.colcon_core.package_identification:_identify(.) by extension 'colcon_pkg'
[0.326s] Level 1:colcon.colcon_core.package_identification:_identify(.) by extensions ['colcon_meta']
[0.326s] Level 1:colcon.colcon_core.package_identification:_identify(.) by extension 'colcon_meta'
[0.326s] Level 1:colcon.colcon_core.package_identification:_identify(.) by extensions ['ros']
[0.326s] Level 1:colcon.colcon_core.package_identification:_identify(.) by extension 'ros'
[0.368s] Level 1:colcon.colcon_core.package_identification:_identify(.) by extensions ['cmake', 'python']
[0.368s] Level 1:colcon.colcon_core.package_identification:_identify(.) by extension 'cmake'
[0.368s] Level 1:colcon.colcon_core.package_identification:_identify(.) by extension 'python'
[0.368s] Level 1:colcon.colcon_core.package_identification:_identify(.) by extensions ['python_setup_py']
[0.368s] Level 1:colcon.colcon_core.package_identification:_identify(.) by extension 'python_setup_py'
[0.369s] Level 1:colcon.colcon_core.package_identification:_identify(build) by extensions ['ignore', 'ignore_ament_install']
[0.369s] Level 1:colcon.colcon_core.package_identification:_identify(build) by extension 'ignore'
[0.369s] Level 1:colcon.colcon_core.package_identification:_identify(build) ignored
[0.369s] Level 1:colcon.colcon_core.package_identification:_identify(install) by extensions ['ignore', 'ignore_ament_install']
[0.369s] Level 1:colcon.colcon_core.package_identification:_identify(install) by extension 'ignore'
[0.369s] Level 1:colcon.colcon_core.package_identification:_identify(install) ignored
[0.369s] Level 1:colcon.colcon_core.package_identification:_identify(log) by extensions ['ignore', 'ignore_ament_install']
[0.369s] Level 1:colcon.colcon_core.package_identification:_identify(log) by extension 'ignore'
[0.369s] Level 1:colcon.colcon_core.package_identification:_identify(log) ignored
[0.369s] Level 1:colcon.colcon_core.package_identification:_identify(src) by extensions ['ignore', 'ignore_ament_install']
[0.369s] Level 1:colcon.colcon_core.package_identification:_identify(src) by extension 'ignore'
[0.369s] Level 1:colcon.colcon_core.package_identification:_identify(src) by extension 'ignore_ament_install'
[0.370s] Level 1:colcon.colcon_core.package_identification:_identify(src) by extensions ['colcon_pkg']
[0.370s] Level 1:colcon.colcon_core.package_identification:_identify(src) by extension 'colcon_pkg'
[0.370s] Level 1:colcon.colcon_core.package_identification:_identify(src) by extensions ['colcon_meta']
[0.370s] Level 1:colcon.colcon_core.package_identification:_identify(src) by extension 'colcon_meta'
[0.370s] Level 1:colcon.colcon_core.package_identification:_identify(src) by extensions ['ros']
[0.370s] Level 1:colcon.colcon_core.package_identification:_identify(src) by extension 'ros'
[0.370s] Level 1:colcon.colcon_core.package_identification:_identify(src) by extensions ['cmake', 'python']
[0.370s] Level 1:colcon.colcon_core.package_identification:_identify(src) by extension 'cmake'
[0.370s] Level 1:colcon.colcon_core.package_identification:_identify(src) by extension 'python'
[0.370s] Level 1:colcon.colcon_core.package_identification:_identify(src) by extensions ['python_setup_py']
[0.370s] Level 1:colcon.colcon_core.package_identification:_identify(src) by extension 'python_setup_py'
[0.370s] Level 1:colcon.colcon_core.package_identification:_identify(src/actions_cpp) by extensions ['ignore', 'ignore_ament_install']
[0.370s] Level 1:colcon.colcon_core.package_identification:_identify(src/actions_cpp) by extension 'ignore'
[0.370s] Level 1:colcon.colcon_core.package_identification:_identify(src/actions_cpp) by extension 'ignore_ament_install'
[0.370s] Level 1:colcon.colcon_core.package_identification:_identify(src/actions_cpp) by extensions ['colcon_pkg']
[0.370s] Level 1:colcon.colcon_core.package_identification:_identify(src/actions_cpp) by extension 'colcon_pkg'
[0.370s] Level 1:colcon.colcon_core.package_identification:_identify(src/actions_cpp) by extensions ['colcon_meta']
[0.370s] Level 1:colcon.colcon_core.package_identification:_identify(src/actions_cpp) by extension 'colcon_meta'
[0.370s] Level 1:colcon.colcon_core.package_identification:_identify(src/actions_cpp) by extensions ['ros']
[0.370s] Level 1:colcon.colcon_core.package_identification:_identify(src/actions_cpp) by extension 'ros'
[0.374s] DEBUG:colcon.colcon_core.package_identification:Package 'src/actions_cpp' with type 'ros.ament_cmake' and name 'actions_cpp'
[0.374s] Level 1:colcon.colcon_core.package_identification:_identify(src/actions_py) by extensions ['ignore', 'ignore_ament_install']
[0.375s] Level 1:colcon.colcon_core.package_identification:_identify(src/actions_py) by extension 'ignore'
[0.375s] Level 1:colcon.colcon_core.package_identification:_identify(src/actions_py) by extension 'ignore_ament_install'
[0.375s] Level 1:colcon.colcon_core.package_identification:_identify(src/actions_py) by extensions ['colcon_pkg']
[0.375s] Level 1:colcon.colcon_core.package_identification:_identify(src/actions_py) by extension 'colcon_pkg'
[0.375s] Level 1:colcon.colcon_core.package_identification:_identify(src/actions_py) by extensions ['colcon_meta']
[0.375s] Level 1:colcon.colcon_core.package_identification:_identify(src/actions_py) by extension 'colcon_meta'
[0.375s] Level 1:colcon.colcon_core.package_identification:_identify(src/actions_py) by extensions ['ros']
[0.375s] Level 1:colcon.colcon_core.package_identification:_identify(src/actions_py) by extension 'ros'
[0.375s] DEBUG:colcon.colcon_core.package_identification:Package 'src/actions_py' with type 'ros.ament_python' and name 'actions_py'
[0.376s] Level 1:colcon.colcon_core.package_identification:_identify(src/my_robot_interfaces) by extensions ['ignore', 'ignore_ament_install']
[0.376s] Level 1:colcon.colcon_core.package_identification:_identify(src/my_robot_interfaces) by extension 'ignore'
[0.376s] Level 1:colcon.colcon_core.package_identification:_identify(src/my_robot_interfaces) by extension 'ignore_ament_install'
[0.376s] Level 1:colcon.colcon_core.package_identification:_identify(src/my_robot_interfaces) by extensions ['colcon_pkg']
[0.376s] Level 1:colcon.colcon_core.package_identification:_identify(src/my_robot_interfaces) by extension 'colcon_pkg'
[0.376s] Level 1:colcon.colcon_core.package_identification:_identify(src/my_robot_interfaces) by extensions ['colcon_meta']
[0.376s] Level 1:colcon.colcon_core.package_identification:_identify(src/my_robot_interfaces) by extension 'colcon_meta'
[0.376s] Level 1:colcon.colcon_core.package_identification:_identify(src/my_robot_interfaces) by extensions ['ros']
[0.376s] Level 1:colcon.colcon_core.package_identification:_identify(src/my_robot_interfaces) by extension 'ros'
[0.377s] DEBUG:colcon.colcon_core.package_identification:Package 'src/my_robot_interfaces' with type 'ros.ament_cmake' and name 'my_robot_interfaces'
[0.377s] Level 1:colcon.colcon_core.package_discovery:discover_packages(recursive) using defaults
[0.377s] Level 1:colcon.colcon_core.package_discovery:discover_packages(ignore) discover
[0.377s] Level 1:colcon.colcon_core.package_discovery:discover_packages(ignore) using defaults
[0.377s] Level 1:colcon.colcon_core.package_discovery:discover_packages(path) discover
[0.377s] Level 1:colcon.colcon_core.package_discovery:discover_packages(path) using defaults
[0.409s] Level 1:colcon.colcon_core.package_discovery:discover_packages(prefix_path) check parameters
[0.409s] Level 1:colcon.colcon_core.package_discovery:discover_packages(prefix_path) discover
[0.415s] DEBUG:colcon.colcon_installed_package_information.package_discovery:Found 3 installed packages in /home/user/Desktop/ROS_COURSES/course_1/ROS2_Level3_Advanced_Concept/install
[0.418s] DEBUG:colcon.colcon_installed_package_information.package_discovery:Found 512 installed packages in /opt/ros/jazzy
[0.420s] Level 1:colcon.colcon_core.package_discovery:discover_packages(prefix_path) using defaults
[0.501s] Level 5:colcon.colcon_core.verb:set package 'my_robot_interfaces' build argument 'cmake_args' from command line to 'None'
[0.501s] Level 5:colcon.colcon_core.verb:set package 'my_robot_interfaces' build argument 'cmake_target' from command line to 'None'
[0.501s] Level 5:colcon.colcon_core.verb:set package 'my_robot_interfaces' build argument 'cmake_target_skip_unavailable' from command line to 'False'
[0.501s] Level 5:colcon.colcon_core.verb:set package 'my_robot_interfaces' build argument 'cmake_clean_cache' from command line to 'False'
[0.501s] Level 5:colcon.colcon_core.verb:set package 'my_robot_interfaces' build argument 'cmake_clean_first' from command line to 'False'
[0.501s] Level 5:colcon.colcon_core.verb:set package 'my_robot_interfaces' build argument 'cmake_force_configure' from command line to 'False'
[0.501s] Level 5:colcon.colcon_core.verb:set package 'my_robot_interfaces' build argument 'ament_cmake_args' from command line to 'None'
[0.501s] Level 5:colcon.colcon_core.verb:set package 'my_robot_interfaces' build argument 'catkin_cmake_args' from command line to 'None'
[0.501s] Level 5:colcon.colcon_core.verb:set package 'my_robot_interfaces' build argument 'catkin_skip_building_tests' from command line to 'False'
[0.501s] DEBUG:colcon.colcon_core.verb:Building package 'my_robot_interfaces' with the following arguments: {'ament_cmake_args': None, 'build_base': '/home/user/Desktop/ROS_COURSES/course_1/ROS2_Level3_Advanced_Concept/build/my_robot_interfaces', 'catkin_cmake_args': None, 'catkin_skip_building_tests': False, 'cmake_args': None, 'cmake_clean_cache': False, 'cmake_clean_first': False, 'cmake_force_configure': False, 'cmake_target': None, 'cmake_target_skip_unavailable': False, 'install_base': '/home/user/Desktop/ROS_COURSES/course_1/ROS2_Level3_Advanced_Concept/install/my_robot_interfaces', 'merge_install': False, 'path': '/home/user/Desktop/ROS_COURSES/course_1/ROS2_Level3_Advanced_Concept/src/my_robot_interfaces', 'symlink_install': False, 'test_result_base': None}
[0.502s] Level 5:colcon.colcon_core.verb:set package 'actions_cpp' build argument 'cmake_args' from command line to 'None'
[0.502s] Level 5:colcon.colcon_core.verb:set package 'actions_cpp' build argument 'cmake_target' from command line to 'None'
[0.502s] Level 5:colcon.colcon_core.verb:set package 'actions_cpp' build argument 'cmake_target_skip_unavailable' from command line to 'False'
[0.502s] Level 5:colcon.colcon_core.verb:set package 'actions_cpp' build argument 'cmake_clean_cache' from command line to 'False'
[0.502s] Level 5:colcon.colcon_core.verb:set package 'actions_cpp' build argument 'cmake_clean_first' from command line to 'False'
[0.502s] Level 5:colcon.colcon_core.verb:set package 'actions_cpp' build argument 'cmake_force_configure' from command line to 'False'
[0.502s] Level 5:colcon.colcon_core.verb:set package 'actions_cpp' build argument 'ament_cmake_args' from command line to 'None'
[0.502s] Level 5:colcon.colcon_core.verb:set package 'actions_cpp' build argument 'catkin_cmake_args' from command line to 'None'
[0.502s] Level 5:colcon.colcon_core.verb:set package 'actions_cpp' build argument 'catkin_skip_building_tests' from command line to 'False'
[0.502s] DEBUG:colcon.colcon_core.verb:Building package 'actions_cpp' with the following arguments: {'ament_cmake_args': None, 'build_base': '/home/user/Desktop/ROS_COURSES/course_1/ROS2_Level3_Advanced_Concept/build/actions_cpp', 'catkin_cmake_args': None, 'catkin_skip_building_tests': False, 'cmake_args': None, 'cmake_clean_cache': False, 'cmake_clean_first': False, 'cmake_force_configure': False, 'cmake_target': None, 'cmake_target_skip_unavailable': False, 'install_base': '/home/user/Desktop/ROS_COURSES/course_1/ROS2_Level3_Advanced_Concept/install/actions_cpp', 'merge_install': False, 'path': '/home/user/Desktop/ROS_COURSES/course_1/ROS2_Level3_Advanced_Concept/src/actions_cpp', 'symlink_install': False, 'test_result_base': None}
[0.502s] Level 5:colcon.colcon_core.verb:set package 'actions_py' build argument 'cmake_args' from command line to 'None'
[0.502s] Level 5:colcon.colcon_core.verb:set package 'actions_py' build argument 'cmake_target' from command line to 'None'
[0.502s] Level 5:colcon.colcon_core.verb:set package 'actions_py' build argument 'cmake_target_skip_unavailable' from command line to 'False'
[0.502s] Level 5:colcon.colcon_core.verb:set package 'actions_py' build argument 'cmake_clean_cache' from command line to 'False'
[0.502s] Level 5:colcon.colcon_core.verb:set package 'actions_py' build argument 'cmake_clean_first' from command line to 'False'
[0.502s] Level 5:colcon.colcon_core.verb:set package 'actions_py' build argument 'cmake_force_configure' from command line to 'False'
[0.502s] Level 5:colcon.colcon_core.verb:set package 'actions_py' build argument 'ament_cmake_args' from command line to 'None'
[0.502s] Level 5:colcon.colcon_core.verb:set package 'actions_py' build argument 'catkin_cmake_args' from command line to 'None'
[0.502s] Level 5:colcon.colcon_core.verb:set package 'actions_py' build argument 'catkin_skip_building_tests' from command line to 'False'
[0.502s] DEBUG:colcon.colcon_core.verb:Building package 'actions_py' with the following arguments: {'ament_cmake_args': None, 'build_base': '/home/user/Desktop/ROS_COURSES/course_1/ROS2_Level3_Advanced_Concept/build/actions_py', 'catkin_cmake_args': None, 'catkin_skip_building_tests': False, 'cmake_args': None, 'cmake_clean_cache': False, 'cmake_clean_first': False, 'cmake_force_configure': False, 'cmake_target': None, 'cmake_target_skip_unavailable': False, 'install_base': '/home/user/Desktop/ROS_COURSES/course_1/ROS2_Level3_Advanced_Concept/install/actions_py', 'merge_install': False, 'path': '/home/user/Desktop/ROS_COURSES/course_1/ROS2_Level3_Advanced_Concept/src/actions_py', 'symlink_install': False, 'test_result_base': None}
[0.502s] INFO:colcon.colcon_core.executor:Executing jobs using 'parallel' executor
[0.503s] DEBUG:colcon.colcon_parallel_executor.executor.parallel:run_until_complete
[0.504s] INFO:colcon.colcon_ros.task.ament_cmake.build:Building ROS package in '/home/user/Desktop/ROS_COURSES/course_1/ROS2_Level3_Advanced_Concept/src/my_robot_interfaces' with build type 'ament_cmake'
[0.504s] INFO:colcon.colcon_cmake.task.cmake.build:Building CMake package in '/home/user/Desktop/ROS_COURSES/course_1/ROS2_Level3_Advanced_Concept/src/my_robot_interfaces'
[0.509s] INFO:colcon.colcon_core.plugin_system:Skipping extension 'colcon_core.shell.bat': Not used on non-Windows systems
[0.509s] INFO:colcon.colcon_core.shell:Skip shell extension 'powershell' for command environment: Not usable outside of PowerShell
[0.509s] DEBUG:colcon.colcon_core.shell:Skip shell extension 'dsv' for command environment
[0.523s] DEBUG:colcon.colcon_core.event_handler.log_command:Invoking command in '/home/user/Desktop/ROS_COURSES/course_1/ROS2_Level3_Advanced_Concept/build/my_robot_interfaces': CMAKE_PREFIX_PATH=${CMAKE_PREFIX_PATH}:/home/user/Desktop/ROS_COURSES/course_1/ROS2_Level3_Advanced_Concept/install/actions_py:/opt/ros/jazzy DEBUGINFOD_URLS=https://debuginfod.ubuntu.com /usr/bin/cmake --build /home/user/Desktop/ROS_COURSES/course_1/ROS2_Level3_Advanced_Concept/build/my_robot_interfaces -- -j4 -l4
[1.196s] DEBUG:colcon.colcon_core.event_handler.log_command:Invoked command in '/home/user/Desktop/ROS_COURSES/course_1/ROS2_Level3_Advanced_Concept/build/my_robot_interfaces' returned '0': CMAKE_PREFIX_PATH=${CMAKE_PREFIX_PATH}:/home/user/Desktop/ROS_COURSES/course_1/ROS2_Level3_Advanced_Concept/install/actions_py:/opt/ros/jazzy DEBUGINFOD_URLS=https://debuginfod.ubuntu.com /usr/bin/cmake --build /home/user/Desktop/ROS_COURSES/course_1/ROS2_Level3_Advanced_Concept/build/my_robot_interfaces -- -j4 -l4
[1.210s] DEBUG:colcon.colcon_core.event_handler.log_command:Invoking command in '/home/user/Desktop/ROS_COURSES/course_1/ROS2_Level3_Advanced_Concept/build/my_robot_interfaces': CMAKE_PREFIX_PATH=${CMAKE_PREFIX_PATH}:/home/user/Desktop/ROS_COURSES/course_1/ROS2_Level3_Advanced_Concept/install/actions_py:/opt/ros/jazzy DEBUGINFOD_URLS=https://debuginfod.ubuntu.com /usr/bin/cmake --install /home/user/Desktop/ROS_COURSES/course_1/ROS2_Level3_Advanced_Concept/build/my_robot_interfaces
[1.297s] Level 1:colcon.colcon_core.environment:create_environment_scripts_only(my_robot_interfaces)
[1.297s] DEBUG:colcon.colcon_core.event_handler.log_command:Invoked command in '/home/user/Desktop/ROS_COURSES/course_1/ROS2_Level3_Advanced_Concept/build/my_robot_interfaces' returned '0': CMAKE_PREFIX_PATH=${CMAKE_PREFIX_PATH}:/home/user/Desktop/ROS_COURSES/course_1/ROS2_Level3_Advanced_Concept/install/actions_py:/opt/ros/jazzy DEBUGINFOD_URLS=https://debuginfod.ubuntu.com /usr/bin/cmake --install /home/user/Desktop/ROS_COURSES/course_1/ROS2_Level3_Advanced_Concept/build/my_robot_interfaces
[1.302s] Level 1:colcon.colcon_core.environment:checking '/home/user/Desktop/ROS_COURSES/course_1/ROS2_Level3_Advanced_Concept/install/my_robot_interfaces' for CMake module files
[1.303s] Level 1:colcon.colcon_core.environment:checking '/home/user/Desktop/ROS_COURSES/course_1/ROS2_Level3_Advanced_Concept/install/my_robot_interfaces' for CMake config files
[1.303s] Level 1:colcon.colcon_core.shell:create_environment_hook('my_robot_interfaces', 'cmake_prefix_path')
[1.304s] INFO:colcon.colcon_core.shell:Creating environment hook '/home/user/Desktop/ROS_COURSES/course_1/ROS2_Level3_Advanced_Concept/install/my_robot_interfaces/share/my_robot_interfaces/hook/cmake_prefix_path.ps1'
[1.305s] INFO:colcon.colcon_core.shell:Creating environment descriptor '/home/user/Desktop/ROS_COURSES/course_1/ROS2_Level3_Advanced_Concept/install/my_robot_interfaces/share/my_robot_interfaces/hook/cmake_prefix_path.dsv'
[1.305s] INFO:colcon.colcon_core.shell:Creating environment hook '/home/user/Desktop/ROS_COURSES/course_1/ROS2_Level3_Advanced_Concept/install/my_robot_interfaces/share/my_robot_interfaces/hook/cmake_prefix_path.sh'
[1.307s] Level 1:colcon.colcon_core.environment:checking '/home/user/Desktop/ROS_COURSES/course_1/ROS2_Level3_Advanced_Concept/install/my_robot_interfaces/lib'
[1.307s] Level 1:colcon.colcon_core.shell:create_environment_hook('my_robot_interfaces', 'ld_library_path_lib')
[1.307s] INFO:colcon.colcon_core.shell:Creating environment hook '/home/user/Desktop/ROS_COURSES/course_1/ROS2_Level3_Advanced_Concept/install/my_robot_interfaces/share/my_robot_interfaces/hook/ld_library_path_lib.ps1'
[1.309s] INFO:colcon.colcon_core.shell:Creating environment descriptor '/home/user/Desktop/ROS_COURSES/course_1/ROS2_Level3_Advanced_Concept/install/my_robot_interfaces/share/my_robot_interfaces/hook/ld_library_path_lib.dsv'
[1.310s] INFO:colcon.colcon_core.shell:Creating environment hook '/home/user/Desktop/ROS_COURSES/course_1/ROS2_Level3_Advanced_Concept/install/my_robot_interfaces/share/my_robot_interfaces/hook/ld_library_path_lib.sh'
[1.311s] Level 1:colcon.colcon_core.environment:checking '/home/user/Desktop/ROS_COURSES/course_1/ROS2_Level3_Advanced_Concept/install/my_robot_interfaces/bin'
[1.311s] Level 1:colcon.colcon_core.environment:checking '/home/user/Desktop/ROS_COURSES/course_1/ROS2_Level3_Advanced_Concept/install/my_robot_interfaces/lib/pkgconfig/my_robot_interfaces.pc'
[1.311s] Level 1:colcon.colcon_core.environment:checking '/home/user/Desktop/ROS_COURSES/course_1/ROS2_Level3_Advanced_Concept/install/my_robot_interfaces/lib/python3.12/site-packages'
[1.312s] Level 1:colcon.colcon_core.shell:create_environment_hook('my_robot_interfaces', 'pythonpath')
[1.312s] INFO:colcon.colcon_core.shell:Creating environment hook '/home/user/Desktop/ROS_COURSES/course_1/ROS2_Level3_Advanced_Concept/install/my_robot_interfaces/share/my_robot_interfaces/hook/pythonpath.ps1'
[1.313s] INFO:colcon.colcon_core.shell:Creating environment descriptor '/home/user/Desktop/ROS_COURSES/course_1/ROS2_Level3_Advanced_Concept/install/my_robot_interfaces/share/my_robot_interfaces/hook/pythonpath.dsv'
[1.314s] INFO:colcon.colcon_core.shell:Creating environment hook '/home/user/Desktop/ROS_COURSES/course_1/ROS2_Level3_Advanced_Concept/install/my_robot_interfaces/share/my_robot_interfaces/hook/pythonpath.sh'
[1.315s] Level 1:colcon.colcon_core.environment:checking '/home/user/Desktop/ROS_COURSES/course_1/ROS2_Level3_Advanced_Concept/install/my_robot_interfaces/bin'
[1.316s] INFO:colcon.colcon_core.shell:Creating package script '/home/user/Desktop/ROS_COURSES/course_1/ROS2_Level3_Advanced_Concept/install/my_robot_interfaces/share/my_robot_interfaces/package.ps1'
[1.317s] INFO:colcon.colcon_core.shell:Creating package descriptor '/home/user/Desktop/ROS_COURSES/course_1/ROS2_Level3_Advanced_Concept/install/my_robot_interfaces/share/my_robot_interfaces/package.dsv'
[1.318s] INFO:colcon.colcon_core.shell:Creating package script '/home/user/Desktop/ROS_COURSES/course_1/ROS2_Level3_Advanced_Concept/install/my_robot_interfaces/share/my_robot_interfaces/package.sh'
[1.319s] INFO:colcon.colcon_core.shell:Creating package script '/home/user/Desktop/ROS_COURSES/course_1/ROS2_Level3_Advanced_Concept/install/my_robot_interfaces/share/my_robot_interfaces/package.bash'
[1.320s] INFO:colcon.colcon_core.shell:Creating package script '/home/user/Desktop/ROS_COURSES/course_1/ROS2_Level3_Advanced_Concept/install/my_robot_interfaces/share/my_robot_interfaces/package.zsh'
[1.321s] Level 1:colcon.colcon_core.environment:create_file_with_runtime_dependencies(/home/user/Desktop/ROS_COURSES/course_1/ROS2_Level3_Advanced_Concept/install/my_robot_interfaces/share/colcon-core/packages/my_robot_interfaces)
[1.322s] Level 1:colcon.colcon_core.environment:create_environment_scripts_only(my_robot_interfaces)
[1.322s] Level 1:colcon.colcon_core.environment:checking '/home/user/Desktop/ROS_COURSES/course_1/ROS2_Level3_Advanced_Concept/install/my_robot_interfaces' for CMake module files
[1.323s] Level 1:colcon.colcon_core.environment:checking '/home/user/Desktop/ROS_COURSES/course_1/ROS2_Level3_Advanced_Concept/install/my_robot_interfaces' for CMake config files
[1.323s] Level 1:colcon.colcon_core.shell:create_environment_hook('my_robot_interfaces', 'cmake_prefix_path')
[1.323s] INFO:colcon.colcon_core.shell:Creating environment hook '/home/user/Desktop/ROS_COURSES/course_1/ROS2_Level3_Advanced_Concept/install/my_robot_interfaces/share/my_robot_interfaces/hook/cmake_prefix_path.ps1'
[1.323s] INFO:colcon.colcon_core.shell:Creating environment descriptor '/home/user/Desktop/ROS_COURSES/course_1/ROS2_Level3_Advanced_Concept/install/my_robot_interfaces/share/my_robot_interfaces/hook/cmake_prefix_path.dsv'
[1.324s] INFO:colcon.colcon_core.shell:Creating environment hook '/home/user/Desktop/ROS_COURSES/course_1/ROS2_Level3_Advanced_Concept/install/my_robot_interfaces/share/my_robot_interfaces/hook/cmake_prefix_path.sh'
[1.324s] Level 1:colcon.colcon_core.environment:checking '/home/user/Desktop/ROS_COURSES/course_1/ROS2_Level3_Advanced_Concept/install/my_robot_interfaces/lib'
[1.324s] Level 1:colcon.colcon_core.shell:create_environment_hook('my_robot_interfaces', 'ld_library_path_lib')
[1.325s] INFO:colcon.colcon_core.shell:Creating environment hook '/home/user/Desktop/ROS_COURSES/course_1/ROS2_Level3_Advanced_Concept/install/my_robot_interfaces/share/my_robot_interfaces/hook/ld_library_path_lib.ps1'
[1.325s] INFO:colcon.colcon_core.shell:Creating environment descriptor '/home/user/Desktop/ROS_COURSES/course_1/ROS2_Level3_Advanced_Concept/install/my_robot_interfaces/share/my_robot_interfaces/hook/ld_library_path_lib.dsv'
[1.326s] INFO:colcon.colcon_core.shell:Creating environment hook '/home/user/Desktop/ROS_COURSES/course_1/ROS2_Level3_Advanced_Concept/install/my_robot_interfaces/share/my_robot_interfaces/hook/ld_library_path_lib.sh'
[1.326s] Level 1:colcon.colcon_core.environment:checking '/home/user/Desktop/ROS_COURSES/course_1/ROS2_Level3_Advanced_Concept/install/my_robot_interfaces/bin'
[1.326s] Level 1:colcon.colcon_core.environment:checking '/home/user/Desktop/ROS_COURSES/course_1/ROS2_Level3_Advanced_Concept/install/my_robot_interfaces/lib/pkgconfig/my_robot_interfaces.pc'
[1.327s] Level 1:colcon.colcon_core.environment:checking '/home/user/Desktop/ROS_COURSES/course_1/ROS2_Level3_Advanced_Concept/install/my_robot_interfaces/lib/python3.12/site-packages'
[1.327s] Level 1:colcon.colcon_core.shell:create_environment_hook('my_robot_interfaces', 'pythonpath')
[1.327s] INFO:colcon.colcon_core.shell:Creating environment hook '/home/user/Desktop/ROS_COURSES/course_1/ROS2_Level3_Advanced_Concept/install/my_robot_interfaces/share/my_robot_interfaces/hook/pythonpath.ps1'
[1.327s] INFO:colcon.colcon_core.shell:Creating environment descriptor '/home/user/Desktop/ROS_COURSES/course_1/ROS2_Level3_Advanced_Concept/install/my_robot_interfaces/share/my_robot_interfaces/hook/pythonpath.dsv'
[1.328s] INFO:colcon.colcon_core.shell:Creating environment hook '/home/user/Desktop/ROS_COURSES/course_1/ROS2_Level3_Advanced_Concept/install/my_robot_interfaces/share/my_robot_interfaces/hook/pythonpath.sh'
[1.328s] Level 1:colcon.colcon_core.environment:checking '/home/user/Desktop/ROS_COURSES/course_1/ROS2_Level3_Advanced_Concept/install/my_robot_interfaces/bin'
[1.329s] INFO:colcon.colcon_core.shell:Creating package script '/home/user/Desktop/ROS_COURSES/course_1/ROS2_Level3_Advanced_Concept/install/my_robot_interfaces/share/my_robot_interfaces/package.ps1'
[1.329s] INFO:colcon.colcon_core.shell:Creating package descriptor '/home/user/Desktop/ROS_COURSES/course_1/ROS2_Level3_Advanced_Concept/install/my_robot_interfaces/share/my_robot_interfaces/package.dsv'
[1.330s] INFO:colcon.colcon_core.shell:Creating package script '/home/user/Desktop/ROS_COURSES/course_1/ROS2_Level3_Advanced_Concept/install/my_robot_interfaces/share/my_robot_interfaces/package.sh'
[1.330s] INFO:colcon.colcon_core.shell:Creating package script '/home/user/Desktop/ROS_COURSES/course_1/ROS2_Level3_Advanced_Concept/install/my_robot_interfaces/share/my_robot_interfaces/package.bash'
[1.331s] INFO:colcon.colcon_core.shell:Creating package script '/home/user/Desktop/ROS_COURSES/course_1/ROS2_Level3_Advanced_Concept/install/my_robot_interfaces/share/my_robot_interfaces/package.zsh'
[1.331s] Level 1:colcon.colcon_core.environment:create_file_with_runtime_dependencies(/home/user/Desktop/ROS_COURSES/course_1/ROS2_Level3_Advanced_Concept/install/my_robot_interfaces/share/colcon-core/packages/my_robot_interfaces)
[1.331s] INFO:colcon.colcon_ros.task.ament_cmake.build:Building ROS package in '/home/user/Desktop/ROS_COURSES/course_1/ROS2_Level3_Advanced_Concept/src/actions_cpp' with build type 'ament_cmake'
[1.332s] INFO:colcon.colcon_cmake.task.cmake.build:Building CMake package in '/home/user/Desktop/ROS_COURSES/course_1/ROS2_Level3_Advanced_Concept/src/actions_cpp'
[1.332s] INFO:colcon.colcon_core.shell:Skip shell extension 'powershell' for command environment: Not usable outside of PowerShell
[1.332s] DEBUG:colcon.colcon_core.shell:Skip shell extension 'dsv' for command environment
[1.339s] INFO:colcon.colcon_ros.task.ament_python.build:Building ROS package in '/home/user/Desktop/ROS_COURSES/course_1/ROS2_Level3_Advanced_Concept/src/actions_py' with build type 'ament_python'
[1.339s] Level 1:colcon.colcon_core.shell:create_environment_hook('actions_py', 'ament_prefix_path')
[1.339s] INFO:colcon.colcon_core.shell:Creating environment hook '/home/user/Desktop/ROS_COURSES/course_1/ROS2_Level3_Advanced_Concept/install/actions_py/share/actions_py/hook/ament_prefix_path.ps1'
[1.340s] INFO:colcon.colcon_core.shell:Creating environment descriptor '/home/user/Desktop/ROS_COURSES/course_1/ROS2_Level3_Advanced_Concept/install/actions_py/share/actions_py/hook/ament_prefix_path.dsv'
[1.340s] INFO:colcon.colcon_core.shell:Creating environment hook '/home/user/Desktop/ROS_COURSES/course_1/ROS2_Level3_Advanced_Concept/install/actions_py/share/actions_py/hook/ament_prefix_path.sh'
[1.341s] INFO:colcon.colcon_core.shell:Skip shell extension 'powershell' for command environment: Not usable outside of PowerShell
[1.341s] DEBUG:colcon.colcon_core.shell:Skip shell extension 'dsv' for command environment
[1.355s] DEBUG:colcon.colcon_core.event_handler.log_command:Invoking command in '/home/user/Desktop/ROS_COURSES/course_1/ROS2_Level3_Advanced_Concept/build/actions_cpp': CMAKE_PREFIX_PATH=/home/user/Desktop/ROS_COURSES/course_1/ROS2_Level3_Advanced_Concept/install/my_robot_interfaces:/home/user/Desktop/ROS_COURSES/course_1/ROS2_Level3_Advanced_Concept/install/actions_cpp:/opt/ros/jazzy/opt/gz_sim_vendor:/opt/ros/jazzy/opt/gz_sensors_vendor:/opt/ros/jazzy/opt/gz_physics_vendor:/opt/ros/jazzy/opt/sdformat_vendor:/opt/ros/jazzy/opt/gz_gui_vendor:/opt/ros/jazzy/opt/gz_transport_vendor:/opt/ros/jazzy/opt/gz_rendering_vendor:/opt/ros/jazzy/opt/gz_plugin_vendor:/opt/ros/jazzy/opt/gz_fuel_tools_vendor:/opt/ros/jazzy/opt/gz_msgs_vendor:/opt/ros/jazzy/opt/gz_common_vendor:/opt/ros/jazzy/opt/gz_math_vendor:/opt/ros/jazzy/opt/gz_utils_vendor:/opt/ros/jazzy/opt/gz_tools_vendor:/opt/ros/jazzy/opt/gz_ogre_next_vendor:/opt/ros/jazzy/opt/gz_dartsim_vendor:/opt/ros/jazzy/opt/gz_cmake_vendor:/home/user/Desktop/ROS_COURSES/course_1/ROS2_Level3_Advanced_Concept/install/actions_py:/opt/ros/jazzy DEBUGINFOD_URLS=https://debuginfod.ubuntu.com PYTHONPATH=/home/user/Desktop/ROS_COURSES/course_1/ROS2_Level3_Advanced_Concept/install/my_robot_interfaces/lib/python3.12/site-packages:/home/user/Desktop/ROS_COURSES/course_1/ROS2_Level3_Advanced_Concept/install/actions_py/lib/python3.12/site-packages:/opt/ros/jazzy/lib/python3.12/site-packages /usr/bin/cmake --build /home/user/Desktop/ROS_COURSES/course_1/ROS2_Level3_Advanced_Concept/build/actions_cpp -- -j4 -l4
[1.752s] INFO:colcon.colcon_core.task.python.build:Building Python package in '/home/user/Desktop/ROS_COURSES/course_1/ROS2_Level3_Advanced_Concept/src/actions_py'
[1.752s] INFO:colcon.colcon_core.shell:Skip shell extension 'powershell' for command environment: Not usable outside of PowerShell
[1.752s] DEBUG:colcon.colcon_core.shell:Skip shell extension 'dsv' for command environment
[3.630s] DEBUG:colcon.colcon_core.event_handler.log_command:Invoking command in '/home/user/Desktop/ROS_COURSES/course_1/ROS2_Level3_Advanced_Concept/src/actions_py': CMAKE_PREFIX_PATH=/home/user/Desktop/ROS_COURSES/course_1/ROS2_Level3_Advanced_Concept/install/my_robot_interfaces:/home/user/Desktop/ROS_COURSES/course_1/ROS2_Level3_Advanced_Concept/install/actions_cpp:/opt/ros/jazzy/opt/gz_sim_vendor:/opt/ros/jazzy/opt/gz_sensors_vendor:/opt/ros/jazzy/opt/gz_physics_vendor:/opt/ros/jazzy/opt/sdformat_vendor:/opt/ros/jazzy/opt/gz_gui_vendor:/opt/ros/jazzy/opt/gz_transport_vendor:/opt/ros/jazzy/opt/gz_rendering_vendor:/opt/ros/jazzy/opt/gz_plugin_vendor:/opt/ros/jazzy/opt/gz_fuel_tools_vendor:/opt/ros/jazzy/opt/gz_msgs_vendor:/opt/ros/jazzy/opt/gz_common_vendor:/opt/ros/jazzy/opt/gz_math_vendor:/opt/ros/jazzy/opt/gz_utils_vendor:/opt/ros/jazzy/opt/gz_tools_vendor:/opt/ros/jazzy/opt/gz_ogre_next_vendor:/opt/ros/jazzy/opt/gz_dartsim_vendor:/opt/ros/jazzy/opt/gz_cmake_vendor DEBUGINFOD_URLS=https://debuginfod.ubuntu.com PYTHONPATH=/home/user/Desktop/ROS_COURSES/course_1/ROS2_Level3_Advanced_Concept/build/actions_py/prefix_override:/usr/lib/python3/dist-packages/colcon_core/task/python/colcon_distutils_commands:/home/user/Desktop/ROS_COURSES/course_1/ROS2_Level3_Advanced_Concept/install/actions_py/lib/python3.12/site-packages:/home/user/Desktop/ROS_COURSES/course_1/ROS2_Level3_Advanced_Concept/install/my_robot_interfaces/lib/python3.12/site-packages:/home/user/Desktop/ROS_COURSES/course_1/ROS2_Level3_Advanced_Concept/install/actions_py/lib/python3.12/site-packages:/opt/ros/jazzy/lib/python3.12/site-packages /usr/bin/python3 -W ignore:setup.py install is deprecated -W ignore:easy_install command is deprecated setup.py egg_info --egg-base ../../build/actions_py build --build-base /home/user/Desktop/ROS_COURSES/course_1/ROS2_Level3_Advanced_Concept/build/actions_py/build install --record /home/user/Desktop/ROS_COURSES/course_1/ROS2_Level3_Advanced_Concept/build/actions_py/install.log --single-version-externally-managed install_data
[4.982s] Level 1:colcon.colcon_core.environment:checking '/home/user/Desktop/ROS_COURSES/course_1/ROS2_Level3_Advanced_Concept/install/actions_py' for CMake module files
[4.983s] DEBUG:colcon.colcon_core.event_handler.log_command:Invoked command in '/home/user/Desktop/ROS_COURSES/course_1/ROS2_Level3_Advanced_Concept/src/actions_py' returned '0': CMAKE_PREFIX_PATH=/home/user/Desktop/ROS_COURSES/course_1/ROS2_Level3_Advanced_Concept/install/my_robot_interfaces:/home/user/Desktop/ROS_COURSES/course_1/ROS2_Level3_Advanced_Concept/install/actions_cpp:/opt/ros/jazzy/opt/gz_sim_vendor:/opt/ros/jazzy/opt/gz_sensors_vendor:/opt/ros/jazzy/opt/gz_physics_vendor:/opt/ros/jazzy/opt/sdformat_vendor:/opt/ros/jazzy/opt/gz_gui_vendor:/opt/ros/jazzy/opt/gz_transport_vendor:/opt/ros/jazzy/opt/gz_rendering_vendor:/opt/ros/jazzy/opt/gz_plugin_vendor:/opt/ros/jazzy/opt/gz_fuel_tools_vendor:/opt/ros/jazzy/opt/gz_msgs_vendor:/opt/ros/jazzy/opt/gz_common_vendor:/opt/ros/jazzy/opt/gz_math_vendor:/opt/ros/jazzy/opt/gz_utils_vendor:/opt/ros/jazzy/opt/gz_tools_vendor:/opt/ros/jazzy/opt/gz_ogre_next_vendor:/opt/ros/jazzy/opt/gz_dartsim_vendor:/opt/ros/jazzy/opt/gz_cmake_vendor DEBUGINFOD_URLS=https://debuginfod.ubuntu.com PYTHONPATH=/home/user/Desktop/ROS_COURSES/course_1/ROS2_Level3_Advanced_Concept/build/actions_py/prefix_override:/usr/lib/python3/dist-packages/colcon_core/task/python/colcon_distutils_commands:/home/user/Desktop/ROS_COURSES/course_1/ROS2_Level3_Advanced_Concept/install/actions_py/lib/python3.12/site-packages:/home/user/Desktop/ROS_COURSES/course_1/ROS2_Level3_Advanced_Concept/install/my_robot_interfaces/lib/python3.12/site-packages:/home/user/Desktop/ROS_COURSES/course_1/ROS2_Level3_Advanced_Concept/install/actions_py/lib/python3.12/site-packages:/opt/ros/jazzy/lib/python3.12/site-packages /usr/bin/python3 -W ignore:setup.py install is deprecated -W ignore:easy_install command is deprecated setup.py egg_info --egg-base ../../build/actions_py build --build-base /home/user/Desktop/ROS_COURSES/course_1/ROS2_Level3_Advanced_Concept/build/actions_py/build install --record /home/user/Desktop/ROS_COURSES/course_1/ROS2_Level3_Advanced_Concept/build/actions_py/install.log --single-version-externally-managed install_data
[4.984s] Level 1:colcon.colcon_core.environment:checking '/home/user/Desktop/ROS_COURSES/course_1/ROS2_Level3_Advanced_Concept/install/actions_py' for CMake config files
[4.987s] Level 1:colcon.colcon_core.environment:checking '/home/user/Desktop/ROS_COURSES/course_1/ROS2_Level3_Advanced_Concept/install/actions_py/lib'
[4.987s] Level 1:colcon.colcon_core.environment:checking '/home/user/Desktop/ROS_COURSES/course_1/ROS2_Level3_Advanced_Concept/install/actions_py/bin'
[4.987s] Level 1:colcon.colcon_core.environment:checking '/home/user/Desktop/ROS_COURSES/course_1/ROS2_Level3_Advanced_Concept/install/actions_py/lib/pkgconfig/actions_py.pc'
[4.988s] Level 1:colcon.colcon_core.environment:checking '/home/user/Desktop/ROS_COURSES/course_1/ROS2_Level3_Advanced_Concept/install/actions_py/lib/python3.12/site-packages'
[4.988s] Level 1:colcon.colcon_core.shell:create_environment_hook('actions_py', 'pythonpath')
[4.988s] INFO:colcon.colcon_core.shell:Creating environment hook '/home/user/Desktop/ROS_COURSES/course_1/ROS2_Level3_Advanced_Concept/install/actions_py/share/actions_py/hook/pythonpath.ps1'
[4.989s] INFO:colcon.colcon_core.shell:Creating environment descriptor '/home/user/Desktop/ROS_COURSES/course_1/ROS2_Level3_Advanced_Concept/install/actions_py/share/actions_py/hook/pythonpath.dsv'
[4.990s] INFO:colcon.colcon_core.shell:Creating environment hook '/home/user/Desktop/ROS_COURSES/course_1/ROS2_Level3_Advanced_Concept/install/actions_py/share/actions_py/hook/pythonpath.sh'
[4.991s] Level 1:colcon.colcon_core.environment:checking '/home/user/Desktop/ROS_COURSES/course_1/ROS2_Level3_Advanced_Concept/install/actions_py/bin'
[4.992s] Level 1:colcon.colcon_core.environment:create_environment_scripts_only(actions_py)
[4.992s] INFO:colcon.colcon_core.shell:Creating package script '/home/user/Desktop/ROS_COURSES/course_1/ROS2_Level3_Advanced_Concept/install/actions_py/share/actions_py/package.ps1'
[4.993s] INFO:colcon.colcon_core.shell:Creating package descriptor '/home/user/Desktop/ROS_COURSES/course_1/ROS2_Level3_Advanced_Concept/install/actions_py/share/actions_py/package.dsv'
[4.994s] INFO:colcon.colcon_core.shell:Creating package script '/home/user/Desktop/ROS_COURSES/course_1/ROS2_Level3_Advanced_Concept/install/actions_py/share/actions_py/package.sh'
[4.995s] INFO:colcon.colcon_core.shell:Creating package script '/home/user/Desktop/ROS_COURSES/course_1/ROS2_Level3_Advanced_Concept/install/actions_py/share/actions_py/package.bash'
[4.996s] INFO:colcon.colcon_core.shell:Creating package script '/home/user/Desktop/ROS_COURSES/course_1/ROS2_Level3_Advanced_Concept/install/actions_py/share/actions_py/package.zsh'
[4.997s] Level 1:colcon.colcon_core.environment:create_file_with_runtime_dependencies(/home/user/Desktop/ROS_COURSES/course_1/ROS2_Level3_Advanced_Concept/install/actions_py/share/colcon-core/packages/actions_py)
[7.398s] DEBUG:colcon.colcon_core.event_handler.log_command:Invoked command in '/home/user/Desktop/ROS_COURSES/course_1/ROS2_Level3_Advanced_Concept/build/actions_cpp' returned '0': CMAKE_PREFIX_PATH=/home/user/Desktop/ROS_COURSES/course_1/ROS2_Level3_Advanced_Concept/install/my_robot_interfaces:/home/user/Desktop/ROS_COURSES/course_1/ROS2_Level3_Advanced_Concept/install/actions_cpp:/opt/ros/jazzy/opt/gz_sim_vendor:/opt/ros/jazzy/opt/gz_sensors_vendor:/opt/ros/jazzy/opt/gz_physics_vendor:/opt/ros/jazzy/opt/sdformat_vendor:/opt/ros/jazzy/opt/gz_gui_vendor:/opt/ros/jazzy/opt/gz_transport_vendor:/opt/ros/jazzy/opt/gz_rendering_vendor:/opt/ros/jazzy/opt/gz_plugin_vendor:/opt/ros/jazzy/opt/gz_fuel_tools_vendor:/opt/ros/jazzy/opt/gz_msgs_vendor:/opt/ros/jazzy/opt/gz_common_vendor:/opt/ros/jazzy/opt/gz_math_vendor:/opt/ros/jazzy/opt/gz_utils_vendor:/opt/ros/jazzy/opt/gz_tools_vendor:/opt/ros/jazzy/opt/gz_ogre_next_vendor:/opt/ros/jazzy/opt/gz_dartsim_vendor:/opt/ros/jazzy/opt/gz_cmake_vendor:/home/user/Desktop/ROS_COURSES/course_1/ROS2_Level3_Advanced_Concept/install/actions_py:/opt/ros/jazzy DEBUGINFOD_URLS=https://debuginfod.ubuntu.com PYTHONPATH=/home/user/Desktop/ROS_COURSES/course_1/ROS2_Level3_Advanced_Concept/install/my_robot_interfaces/lib/python3.12/site-packages:/home/user/Desktop/ROS_COURSES/course_1/ROS2_Level3_Advanced_Concept/install/actions_py/lib/python3.12/site-packages:/opt/ros/jazzy/lib/python3.12/site-packages /usr/bin/cmake --build /home/user/Desktop/ROS_COURSES/course_1/ROS2_Level3_Advanced_Concept/build/actions_cpp -- -j4 -l4
[7.401s] DEBUG:colcon.colcon_core.event_handler.log_command:Invoking command in '/home/user/Desktop/ROS_COURSES/course_1/ROS2_Level3_Advanced_Concept/build/actions_cpp': CMAKE_PREFIX_PATH=/home/user/Desktop/ROS_COURSES/course_1/ROS2_Level3_Advanced_Concept/install/my_robot_interfaces:/home/user/Desktop/ROS_COURSES/course_1/ROS2_Level3_Advanced_Concept/install/actions_cpp:/opt/ros/jazzy/opt/gz_sim_vendor:/opt/ros/jazzy/opt/gz_sensors_vendor:/opt/ros/jazzy/opt/gz_physics_vendor:/opt/ros/jazzy/opt/sdformat_vendor:/opt/ros/jazzy/opt/gz_gui_vendor:/opt/ros/jazzy/opt/gz_transport_vendor:/opt/ros/jazzy/opt/gz_rendering_vendor:/opt/ros/jazzy/opt/gz_plugin_vendor:/opt/ros/jazzy/opt/gz_fuel_tools_vendor:/opt/ros/jazzy/opt/gz_msgs_vendor:/opt/ros/jazzy/opt/gz_common_vendor:/opt/ros/jazzy/opt/gz_math_vendor:/opt/ros/jazzy/opt/gz_utils_vendor:/opt/ros/jazzy/opt/gz_tools_vendor:/opt/ros/jazzy/opt/gz_ogre_next_vendor:/opt/ros/jazzy/opt/gz_dartsim_vendor:/opt/ros/jazzy/opt/gz_cmake_vendor:/home/user/Desktop/ROS_COURSES/course_1/ROS2_Level3_Advanced_Concept/install/actions_py:/opt/ros/jazzy DEBUGINFOD_URLS=https://debuginfod.ubuntu.com PYTHONPATH=/home/user/Desktop/ROS_COURSES/course_1/ROS2_Level3_Advanced_Concept/install/my_robot_interfaces/lib/python3.12/site-packages:/home/user/Desktop/ROS_COURSES/course_1/ROS2_Level3_Advanced_Concept/install/actions_py/lib/python3.12/site-packages:/opt/ros/jazzy/lib/python3.12/site-packages /usr/bin/cmake --install /home/user/Desktop/ROS_COURSES/course_1/ROS2_Level3_Advanced_Concept/build/actions_cpp
[7.419s] Level 1:colcon.colcon_core.environment:create_environment_scripts_only(actions_cpp)
[7.419s] Level 1:colcon.colcon_core.environment:checking '/home/user/Desktop/ROS_COURSES/course_1/ROS2_Level3_Advanced_Concept/install/actions_cpp' for CMake module files
[7.419s] DEBUG:colcon.colcon_core.event_handler.log_command:Invoked command in '/home/user/Desktop/ROS_COURSES/course_1/ROS2_Level3_Advanced_Concept/build/actions_cpp' returned '0': CMAKE_PREFIX_PATH=/home/user/Desktop/ROS_COURSES/course_1/ROS2_Level3_Advanced_Concept/install/my_robot_interfaces:/home/user/Desktop/ROS_COURSES/course_1/ROS2_Level3_Advanced_Concept/install/actions_cpp:/opt/ros/jazzy/opt/gz_sim_vendor:/opt/ros/jazzy/opt/gz_sensors_vendor:/opt/ros/jazzy/opt/gz_physics_vendor:/opt/ros/jazzy/opt/sdformat_vendor:/opt/ros/jazzy/opt/gz_gui_vendor:/opt/ros/jazzy/opt/gz_transport_vendor:/opt/ros/jazzy/opt/gz_rendering_vendor:/opt/ros/jazzy/opt/gz_plugin_vendor:/opt/ros/jazzy/opt/gz_fuel_tools_vendor:/opt/ros/jazzy/opt/gz_msgs_vendor:/opt/ros/jazzy/opt/gz_common_vendor:/opt/ros/jazzy/opt/gz_math_vendor:/opt/ros/jazzy/opt/gz_utils_vendor:/opt/ros/jazzy/opt/gz_tools_vendor:/opt/ros/jazzy/opt/gz_ogre_next_vendor:/opt/ros/jazzy/opt/gz_dartsim_vendor:/opt/ros/jazzy/opt/gz_cmake_vendor:/home/user/Desktop/ROS_COURSES/course_1/ROS2_Level3_Advanced_Concept/install/actions_py:/opt/ros/jazzy DEBUGINFOD_URLS=https://debuginfod.ubuntu.com PYTHONPATH=/home/user/Desktop/ROS_COURSES/course_1/ROS2_Level3_Advanced_Concept/install/my_robot_interfaces/lib/python3.12/site-packages:/home/user/Desktop/ROS_COURSES/course_1/ROS2_Level3_Advanced_Concept/install/actions_py/lib/python3.12/site-packages:/opt/ros/jazzy/lib/python3.12/site-packages /usr/bin/cmake --install /home/user/Desktop/ROS_COURSES/course_1/ROS2_Level3_Advanced_Concept/build/actions_cpp
[7.420s] Level 1:colcon.colcon_core.environment:checking '/home/user/Desktop/ROS_COURSES/course_1/ROS2_Level3_Advanced_Concept/install/actions_cpp' for CMake config files
[7.420s] Level 1:colcon.colcon_core.shell:create_environment_hook('actions_cpp', 'cmake_prefix_path')
[7.420s] INFO:colcon.colcon_core.shell:Creating environment hook '/home/user/Desktop/ROS_COURSES/course_1/ROS2_Level3_Advanced_Concept/install/actions_cpp/share/actions_cpp/hook/cmake_prefix_path.ps1'
[7.421s] INFO:colcon.colcon_core.shell:Creating environment descriptor '/home/user/Desktop/ROS_COURSES/course_1/ROS2_Level3_Advanced_Concept/install/actions_cpp/share/actions_cpp/hook/cmake_prefix_path.dsv'
[7.421s] INFO:colcon.colcon_core.shell:Creating environment hook '/home/user/Desktop/ROS_COURSES/course_1/ROS2_Level3_Advanced_Concept/install/actions_cpp/share/actions_cpp/hook/cmake_prefix_path.sh'
[7.422s] Level 1:colcon.colcon_core.environment:checking '/home/user/Desktop/ROS_COURSES/course_1/ROS2_Level3_Advanced_Concept/install/actions_cpp/lib'
[7.422s] Level 1:colcon.colcon_core.environment:checking '/home/user/Desktop/ROS_COURSES/course_1/ROS2_Level3_Advanced_Concept/install/actions_cpp/bin'
[7.422s] Level 1:colcon.colcon_core.environment:checking '/home/user/Desktop/ROS_COURSES/course_1/ROS2_Level3_Advanced_Concept/install/actions_cpp/lib/pkgconfig/actions_cpp.pc'
[7.422s] Level 1:colcon.colcon_core.environment:checking '/home/user/Desktop/ROS_COURSES/course_1/ROS2_Level3_Advanced_Concept/install/actions_cpp/lib/python3.12/site-packages'
[7.423s] Level 1:colcon.colcon_core.environment:checking '/home/user/Desktop/ROS_COURSES/course_1/ROS2_Level3_Advanced_Concept/install/actions_cpp/bin'
[7.423s] INFO:colcon.colcon_core.shell:Creating package script '/home/user/Desktop/ROS_COURSES/course_1/ROS2_Level3_Advanced_Concept/install/actions_cpp/share/actions_cpp/package.ps1'
[7.423s] INFO:colcon.colcon_core.shell:Creating package descriptor '/home/user/Desktop/ROS_COURSES/course_1/ROS2_Level3_Advanced_Concept/install/actions_cpp/share/actions_cpp/package.dsv'
[7.424s] INFO:colcon.colcon_core.shell:Creating package script '/home/user/Desktop/ROS_COURSES/course_1/ROS2_Level3_Advanced_Concept/install/actions_cpp/share/actions_cpp/package.sh'
[7.424s] INFO:colcon.colcon_core.shell:Creating package script '/home/user/Desktop/ROS_COURSES/course_1/ROS2_Level3_Advanced_Concept/install/actions_cpp/share/actions_cpp/package.bash'
[7.425s] INFO:colcon.colcon_core.shell:Creating package script '/home/user/Desktop/ROS_COURSES/course_1/ROS2_Level3_Advanced_Concept/install/actions_cpp/share/actions_cpp/package.zsh'
[7.425s] Level 1:colcon.colcon_core.environment:create_file_with_runtime_dependencies(/home/user/Desktop/ROS_COURSES/course_1/ROS2_Level3_Advanced_Concept/install/actions_cpp/share/colcon-core/packages/actions_cpp)
[7.425s] Level 1:colcon.colcon_core.environment:create_environment_scripts_only(actions_cpp)
[7.425s] Level 1:colcon.colcon_core.environment:checking '/home/user/Desktop/ROS_COURSES/course_1/ROS2_Level3_Advanced_Concept/install/actions_cpp' for CMake module files
[7.426s] Level 1:colcon.colcon_core.environment:checking '/home/user/Desktop/ROS_COURSES/course_1/ROS2_Level3_Advanced_Concept/install/actions_cpp' for CMake config files
[7.426s] Level 1:colcon.colcon_core.shell:create_environment_hook('actions_cpp', 'cmake_prefix_path')
[7.426s] INFO:colcon.colcon_core.shell:Creating environment hook '/home/user/Desktop/ROS_COURSES/course_1/ROS2_Level3_Advanced_Concept/install/actions_cpp/share/actions_cpp/hook/cmake_prefix_path.ps1'
[7.427s] INFO:colcon.colcon_core.shell:Creating environment descriptor '/home/user/Desktop/ROS_COURSES/course_1/ROS2_Level3_Advanced_Concept/install/actions_cpp/share/actions_cpp/hook/cmake_prefix_path.dsv'
[7.427s] INFO:colcon.colcon_core.shell:Creating environment hook '/home/user/Desktop/ROS_COURSES/course_1/ROS2_Level3_Advanced_Concept/install/actions_cpp/share/actions_cpp/hook/cmake_prefix_path.sh'
[7.428s] Level 1:colcon.colcon_core.environment:checking '/home/user/Desktop/ROS_COURSES/course_1/ROS2_Level3_Advanced_Concept/install/actions_cpp/lib'
[7.428s] Level 1:colcon.colcon_core.environment:checking '/home/user/Desktop/ROS_COURSES/course_1/ROS2_Level3_Advanced_Concept/install/actions_cpp/bin'
[7.428s] Level 1:colcon.colcon_core.environment:checking '/home/user/Desktop/ROS_COURSES/course_1/ROS2_Level3_Advanced_Concept/install/actions_cpp/lib/pkgconfig/actions_cpp.pc'
[7.428s] Level 1:colcon.colcon_core.environment:checking '/home/user/Desktop/ROS_COURSES/course_1/ROS2_Level3_Advanced_Concept/install/actions_cpp/lib/python3.12/site-packages'
[7.428s] Level 1:colcon.colcon_core.environment:checking '/home/user/Desktop/ROS_COURSES/course_1/ROS2_Level3_Advanced_Concept/install/actions_cpp/bin'
[7.428s] INFO:colcon.colcon_core.shell:Creating package script '/home/user/Desktop/ROS_COURSES/course_1/ROS2_Level3_Advanced_Concept/install/actions_cpp/share/actions_cpp/package.ps1'
[7.429s] INFO:colcon.colcon_core.shell:Creating package descriptor '/home/user/Desktop/ROS_COURSES/course_1/ROS2_Level3_Advanced_Concept/install/actions_cpp/share/actions_cpp/package.dsv'
[7.429s] INFO:colcon.colcon_core.shell:Creating package script '/home/user/Desktop/ROS_COURSES/course_1/ROS2_Level3_Advanced_Concept/install/actions_cpp/share/actions_cpp/package.sh'
[7.430s] INFO:colcon.colcon_core.shell:Creating package script '/home/user/Desktop/ROS_COURSES/course_1/ROS2_Level3_Advanced_Concept/install/actions_cpp/share/actions_cpp/package.bash'
[7.430s] INFO:colcon.colcon_core.shell:Creating package script '/home/user/Desktop/ROS_COURSES/course_1/ROS2_Level3_Advanced_Concept/install/actions_cpp/share/actions_cpp/package.zsh'
[7.430s] Level 1:colcon.colcon_core.environment:create_file_with_runtime_dependencies(/home/user/Desktop/ROS_COURSES/course_1/ROS2_Level3_Advanced_Concept/install/actions_cpp/share/colcon-core/packages/actions_cpp)
[7.431s] DEBUG:colcon.colcon_parallel_executor.executor.parallel:closing loop
[7.431s] DEBUG:colcon.colcon_parallel_executor.executor.parallel:loop closed
[7.431s] DEBUG:colcon.colcon_parallel_executor.executor.parallel:run_until_complete finished with '0'
[7.431s] DEBUG:colcon.colcon_core.event_reactor:joining thread
[7.449s] INFO:colcon.colcon_core.plugin_system:Skipping extension 'colcon_notification.desktop_notification.terminal_notifier': Not used on non-Darwin systems
[7.449s] INFO:colcon.colcon_core.plugin_system:Skipping extension 'colcon_notification.desktop_notification.win32': Not used on non-Windows systems
[7.449s] INFO:colcon.colcon_notification.desktop_notification:Sending desktop notification using 'notify2'
[7.485s] DEBUG:colcon.colcon_core.event_reactor:joined thread
[7.485s] INFO:colcon.colcon_core.shell:Creating prefix script '/home/user/Desktop/ROS_COURSES/course_1/ROS2_Level3_Advanced_Concept/install/local_setup.ps1'
[7.487s] INFO:colcon.colcon_core.shell:Creating prefix util module '/home/user/Desktop/ROS_COURSES/course_1/ROS2_Level3_Advanced_Concept/install/_local_setup_util_ps1.py'
[7.488s] INFO:colcon.colcon_core.shell:Creating prefix chain script '/home/user/Desktop/ROS_COURSES/course_1/ROS2_Level3_Advanced_Concept/install/setup.ps1'
[7.490s] INFO:colcon.colcon_core.shell:Creating prefix script '/home/user/Desktop/ROS_COURSES/course_1/ROS2_Level3_Advanced_Concept/install/local_setup.sh'
[7.491s] INFO:colcon.colcon_core.shell:Creating prefix util module '/home/user/Desktop/ROS_COURSES/course_1/ROS2_Level3_Advanced_Concept/install/_local_setup_util_sh.py'
[7.491s] INFO:colcon.colcon_core.shell:Creating prefix chain script '/home/user/Desktop/ROS_COURSES/course_1/ROS2_Level3_Advanced_Concept/install/setup.sh'
[7.493s] INFO:colcon.colcon_core.shell:Creating prefix script '/home/user/Desktop/ROS_COURSES/course_1/ROS2_Level3_Advanced_Concept/install/local_setup.bash'
[7.494s] INFO:colcon.colcon_core.shell:Creating prefix chain script '/home/user/Desktop/ROS_COURSES/course_1/ROS2_Level3_Advanced_Concept/install/setup.bash'
[7.496s] INFO:colcon.colcon_core.shell:Creating prefix script '/home/user/Desktop/ROS_COURSES/course_1/ROS2_Level3_Advanced_Concept/install/local_setup.zsh'
[7.496s] INFO:colcon.colcon_core.shell:Creating prefix chain script '/home/user/Desktop/ROS_COURSES/course_1/ROS2_Level3_Advanced_Concept/install/setup.zsh'
